1.795, 6428
1.809, 6427
1.809, 6426
1.809, 6425
1.810, 6424
1.810, 6423
1.811, 6422
1.811, 6421
1.811, 6420
1.812, 6419
1.812, 6418
1.812, 6417
1.812, 6416
1.813, 6415
1.813, 6414
1.813, 6413
1.813, 6412
1.814, 6411
1.814, 6410
1.814, 6409
1.814, 6408
1.815, 6407
1.815, 6406
1.815, 6405
1.815, 6404
1.816, 6403
1.816, 6402
1.816, 6401
1.816, 6400
1.817, 6399
1.817, 6398
1.817, 6397
1.818, 6396
1.818, 6395
1.818, 6394
1.818, 6393
1.818, 6392
1.819, 6391
1.819, 6390
1.819, 6389
1.819, 6388
1.819, 6387
1.819, 6386
1.820, 6385
1.820, 6384
1.820, 6383
1.820, 6382
1.820, 6381
1.820, 6380
1.820, 6379
1.820, 6378
1.821, 6377
1.821, 6376
1.821, 6375
1.821, 6374
1.821, 6373
1.821, 6372
1.821, 6371
1.821, 6370
1.821, 6369
1.821, 6368
1.822, 6367
1.822, 6366
1.822, 6365
1.822, 6364
1.822, 6363
1.822, 6362
1.823, 6361
1.823, 6360
1.823, 6359
1.823, 6358
1.823, 6357
1.823, 6356
1.823, 6355
1.823, 6354
1.823, 6353
1.823, 6352
1.824, 6351
1.824, 6350
1.824, 6349
1.824, 6348
1.824, 6347
1.824, 6346
1.824, 6345
1.824, 6344
1.824, 6343
1.825, 6342
1.825, 6341
1.825, 6340
1.825, 6339
1.825, 6338
1.825, 6337
1.825, 6336
1.825, 6335
1.825, 6334
1.825, 6333
1.825, 6332
1.826, 6331
1.826, 6330
1.826, 6329
1.826, 6328
1.826, 6327
1.826, 6326
1.826, 6325
1.826, 6324
1.826, 6323
1.826, 6322
1.826, 6321
1.826, 6320
1.826, 6319
1.827, 6318
1.827, 6317
1.827, 6316
1.827, 6315
1.827, 6314
1.827, 6313
1.827, 6312
1.827, 6311
1.827, 6310
1.827, 6309
1.827, 6308
1.828, 6307
1.828, 6306
1.828, 6305
1.828, 6304
1.828, 6303
1.828, 6302
1.828, 6301
1.828, 6300
1.828, 6299
1.829, 6298
1.829, 6297
1.829, 6296
1.829, 6295
1.829, 6294
1.829, 6293
1.829, 6292
1.829, 6291
1.829, 6290
1.829, 6289
1.829, 6288
1.829, 6287
1.830, 6286
1.830, 6285
1.830, 6284
1.830, 6283
1.830, 6282
1.830, 6281
1.830, 6280
1.830, 6279
1.830, 6278
1.830, 6277
1.830, 6276
1.830, 6275
1.831, 6274
1.831, 6273
1.831, 6272
1.831, 6271
1.831, 6270
1.831, 6269
1.831, 6268
1.831, 6267
1.831, 6266
1.831, 6265
1.831, 6264
1.831, 6263
1.832, 6262
1.832, 6261
1.832, 6260
1.832, 6259
1.832, 6258
1.832, 6257
1.832, 6256
1.832, 6255
1.832, 6254
1.832, 6253
1.832, 6252
1.833, 6251
1.833, 6250
1.833, 6249
1.833, 6248
1.833, 6247
1.833, 6246
1.833, 6245
1.833, 6244
1.833, 6243
1.833, 6242
1.833, 6241
1.833, 6240
1.833, 6239
1.833, 6238
1.834, 6237
1.835, 6236
1.835, 6235
1.835, 6234
1.835, 6233
1.835, 6232
1.835, 6231
1.835, 6230
1.835, 6229
1.835, 6228
1.835, 6227
1.835, 6226
1.835, 6225
1.836, 6224
1.836, 6223
1.836, 6222
1.836, 6221
1.836, 6220
1.836, 6219
1.836, 6218
1.836, 6217
1.836, 6216
1.836, 6215
1.836, 6214
1.836, 6213
1.836, 6212
1.836, 6211
1.836, 6210
1.836, 6209
1.837, 6208
1.837, 6207
1.837, 6206
1.837, 6205
1.837, 6204
1.837, 6203
1.837, 6202
1.837, 6201
1.837, 6200
1.837, 6199
1.837, 6198
1.837, 6197
1.837, 6196
1.837, 6195
1.837, 6194
1.838, 6193
1.838, 6192
1.838, 6191
1.838, 6190
1.838, 6189
1.838, 6188
1.838, 6187
1.838, 6186
1.838, 6185
1.838, 6184
1.838, 6183
1.838, 6182
1.838, 6181
1.838, 6180
1.838, 6179
1.838, 6178
1.838, 6177
1.839, 6176
1.839, 6175
1.839, 6174
1.839, 6173
1.839, 6172
1.839, 6171
1.839, 6170
1.839, 6169
1.839, 6168
1.839, 6167
1.839, 6166
1.839, 6165
1.839, 6164
1.839, 6163
1.839, 6162
1.840, 6161
1.840, 6160
1.840, 6159
1.840, 6158
1.840, 6157
1.840, 6156
1.840, 6155
1.840, 6154
1.840, 6153
1.840, 6152
1.840, 6151
1.840, 6150
1.840, 6149
1.840, 6148
1.840, 6147
1.840, 6146
1.840, 6145
1.841, 6144
1.841, 6143
1.841, 6142
1.841, 6141
1.841, 6140
1.841, 6139
1.841, 6138
1.841, 6137
1.841, 6136
1.841, 6135
1.841, 6134
1.841, 6133
1.841, 6132
1.841, 6131
1.841, 6130
1.842, 6129
1.842, 6128
1.842, 6127
1.842, 6126
1.842, 6125
1.842, 6124
1.842, 6123
1.842, 6122
1.842, 6121
1.842, 6120
1.842, 6119
1.842, 6118
1.842, 6117
1.842, 6116
1.842, 6115
1.842, 6114
1.842, 6113
1.842, 6112
1.842, 6111
1.843, 6110
1.843, 6109
1.843, 6108
1.843, 6107
1.843, 6106
1.843, 6105
1.843, 6104
1.843, 6103
1.843, 6102
1.843, 6101
1.843, 6100
1.843, 6099
1.843, 6098
1.843, 6097
1.843, 6096
1.843, 6095
1.843, 6094
1.843, 6093
1.843, 6092
1.844, 6091
1.844, 6090
1.844, 6089
1.844, 6088
1.844, 6087
1.844, 6086
1.844, 6085
1.844, 6084
1.844, 6083
1.844, 6082
1.844, 6081
1.844, 6080
1.844, 6079
1.844, 6078
1.844, 6077
1.844, 6076
1.845, 6075
1.845, 6074
1.845, 6073
1.845, 6072
1.845, 6071
1.845, 6070
1.845, 6069
1.845, 6068
1.845, 6067
1.845, 6066
1.845, 6065
1.845, 6064
1.845, 6063
1.845, 6062
1.845, 6061
1.845, 6060
1.846, 6059
1.846, 6058
1.846, 6057
1.846, 6056
1.846, 6055
1.846, 6054
1.846, 6053
1.846, 6052
1.846, 6051
1.846, 6050
1.846, 6049
1.846, 6048
1.846, 6047
1.847, 6046
1.847, 6045
1.847, 6044
1.847, 6043
1.847, 6042
1.847, 6041
1.848, 6040
1.848, 6039
1.848, 6038
1.848, 6037
1.848, 6036
1.848, 6035
1.848, 6034
1.848, 6033
1.848, 6032
1.848, 6031
1.848, 6030
1.848, 6029
1.848, 6028
1.848, 6027
1.848, 6026
1.848, 6025
1.848, 6024
1.848, 6023
1.849, 6022
1.849, 6021
1.849, 6020
1.849, 6019
1.849, 6018
1.849, 6017
1.849, 6016
1.849, 6015
1.849, 6014
1.849, 6013
1.849, 6012
1.849, 6011
1.849, 6010
1.849, 6009
1.849, 6008
1.849, 6007
1.849, 6006
1.849, 6005
1.849, 6004
1.849, 6003
1.849, 6002
1.849, 6001
1.850, 6000
1.850, 5999
1.850, 5998
1.850, 5997
1.850, 5996
1.850, 5995
1.850, 5994
1.850, 5993
1.850, 5992
1.850, 5991
1.850, 5990
1.850, 5989
1.850, 5988
1.850, 5987
1.850, 5986
1.850, 5985
1.850, 5984
1.850, 5983
1.850, 5982
1.851, 5981
1.851, 5980
1.851, 5979
1.851, 5978
1.851, 5977
1.851, 5976
1.851, 5975
1.851, 5974
1.851, 5973
1.851, 5972
1.851, 5971
1.851, 5970
1.851, 5969
1.851, 5968
1.851, 5967
1.851, 5966
1.851, 5965
1.851, 5964
1.851, 5963
1.852, 5962
1.852, 5961
1.852, 5960
1.852, 5959
1.852, 5958
1.852, 5957
1.852, 5956
1.852, 5955
1.852, 5954
1.852, 5953
1.852, 5952
1.852, 5951
1.852, 5950
1.852, 5949
1.852, 5948
1.852, 5947
1.852, 5946
1.852, 5945
1.852, 5944
1.852, 5943
1.853, 5942
1.853, 5941
1.853, 5940
1.853, 5939
1.853, 5938
1.853, 5937
1.853, 5936
1.853, 5935
1.853, 5934
1.853, 5933
1.853, 5932
1.853, 5931
1.853, 5930
1.853, 5929
1.853, 5928
1.853, 5927
1.853, 5926
1.853, 5925
1.853, 5924
1.853, 5923
1.853, 5922
1.853, 5921
1.853, 5920
1.854, 5919
1.854, 5918
1.854, 5917
1.854, 5916
1.854, 5915
1.854, 5914
1.854, 5913
1.854, 5912
1.854, 5911
1.854, 5910
1.854, 5909
1.854, 5908
1.854, 5907
1.855, 5906
1.855, 5905
1.855, 5904
1.855, 5903
1.855, 5902
1.855, 5901
1.855, 5900
1.855, 5899
1.855, 5898
1.855, 5897
1.855, 5896
1.855, 5895
1.855, 5894
1.855, 5893
1.855, 5892
1.855, 5891
1.855, 5890
1.855, 5889
1.855, 5888
1.855, 5887
1.856, 5886
1.856, 5885
1.856, 5884
1.856, 5883
1.856, 5882
1.856, 5881
1.856, 5880
1.856, 5879
1.856, 5878
1.856, 5877
1.856, 5876
1.856, 5875
1.856, 5874
1.856, 5873
1.856, 5872
1.856, 5871
1.856, 5870
1.856, 5869
1.856, 5868
1.856, 5867
1.856, 5866
1.856, 5865
1.856, 5864
1.856, 5863
1.856, 5862
1.856, 5861
1.856, 5860
1.856, 5859
1.857, 5858
1.857, 5857
1.857, 5856
1.857, 5855
1.857, 5854
1.857, 5853
1.857, 5852
1.857, 5851
1.857, 5850
1.857, 5849
1.857, 5848
1.857, 5847
1.857, 5846
1.857, 5845
1.857, 5844
1.857, 5843
1.857, 5842
1.857, 5841
1.857, 5840
1.857, 5839
1.857, 5838
1.857, 5837
1.857, 5836
1.857, 5835
1.858, 5834
1.858, 5833
1.858, 5832
1.858, 5831
1.858, 5830
1.858, 5829
1.858, 5828
1.858, 5827
1.858, 5826
1.858, 5825
1.858, 5824
1.858, 5823
1.858, 5822
1.858, 5821
1.858, 5820
1.858, 5819
1.858, 5818
1.858, 5817
1.858, 5816
1.858, 5815
1.858, 5814
1.858, 5813
1.858, 5812
1.858, 5811
1.858, 5810
1.858, 5809
1.858, 5808
1.859, 5807
1.859, 5806
1.859, 5805
1.859, 5804
1.859, 5803
1.859, 5802
1.859, 5801
1.859, 5800
1.859, 5799
1.859, 5798
1.859, 5797
1.859, 5796
1.859, 5795
1.859, 5794
1.859, 5793
1.859, 5792
1.859, 5791
1.859, 5790
1.859, 5789
1.859, 5788
1.860, 5787
1.860, 5786
1.860, 5785
1.860, 5784
1.860, 5783
1.860, 5782
1.860, 5781
1.860, 5780
1.860, 5779
1.860, 5778
1.860, 5777
1.860, 5776
1.860, 5775
1.860, 5774
1.860, 5773
1.860, 5772
1.860, 5771
1.860, 5770
1.860, 5769
1.860, 5768
1.860, 5767
1.860, 5766
1.860, 5765
1.860, 5764
1.860, 5763
1.860, 5762
1.860, 5761
1.861, 5760
1.861, 5759
1.861, 5758
1.861, 5757
1.861, 5756
1.861, 5755
1.861, 5754
1.861, 5753
1.861, 5752
1.861, 5751
1.861, 5750
1.861, 5749
1.861, 5748
1.861, 5747
1.861, 5746
1.861, 5745
1.861, 5744
1.861, 5743
1.862, 5742
1.862, 5741
1.862, 5740
1.862, 5739
1.862, 5738
1.862, 5737
1.862, 5736
1.862, 5735
1.862, 5734
1.862, 5733
1.862, 5732
1.862, 5731
1.862, 5730
1.862, 5729
1.862, 5728
1.862, 5727
1.862, 5726
1.862, 5725
1.862, 5724
1.862, 5723
1.862, 5722
1.862, 5721
1.862, 5720
1.862, 5719
1.863, 5718
1.863, 5717
1.863, 5716
1.863, 5715
1.863, 5714
1.863, 5713
1.863, 5712
1.863, 5711
1.863, 5710
1.863, 5709
1.863, 5708
1.863, 5707
1.863, 5706
1.863, 5705
1.863, 5704
1.863, 5703
1.863, 5702
1.863, 5701
1.863, 5700
1.863, 5699
1.863, 5698
1.864, 5697
1.864, 5696
1.864, 5695
1.864, 5694
1.864, 5693
1.864, 5692
1.864, 5691
1.864, 5690
1.864, 5689
1.864, 5688
1.864, 5687
1.864, 5686
1.864, 5685
1.864, 5684
1.864, 5683
1.864, 5682
1.864, 5681
1.864, 5680
1.864, 5679
1.864, 5678
1.864, 5677
1.864, 5676
1.864, 5675
1.864, 5674
1.864, 5673
1.865, 5672
1.865, 5671
1.865, 5670
1.865, 5669
1.865, 5668
1.865, 5667
1.865, 5666
1.865, 5665
1.865, 5664
1.865, 5663
1.865, 5662
1.865, 5661
1.865, 5660
1.865, 5659
1.865, 5658
1.865, 5657
1.865, 5656
1.865, 5655
1.865, 5654
1.865, 5653
1.865, 5652
1.865, 5651
1.865, 5650
1.865, 5649
1.865, 5648
1.866, 5647
1.866, 5646
1.866, 5645
1.866, 5644
1.866, 5643
1.866, 5642
1.866, 5641
1.866, 5640
1.866, 5639
1.866, 5638
1.866, 5637
1.866, 5636
1.866, 5635
1.866, 5634
1.866, 5633
1.866, 5632
1.866, 5631
1.866, 5630
1.866, 5629
1.866, 5628
1.866, 5627
1.866, 5626
1.866, 5625
1.867, 5624
1.867, 5623
1.867, 5622
1.867, 5621
1.867, 5620
1.867, 5619
1.867, 5618
1.867, 5617
1.867, 5616
1.867, 5615
1.867, 5614
1.867, 5613
1.867, 5612
1.867, 5611
1.867, 5610
1.867, 5609
1.867, 5608
1.867, 5607
1.867, 5606
1.867, 5605
1.867, 5604
1.867, 5603
1.867, 5602
1.867, 5601
1.867, 5600
1.867, 5599
1.867, 5598
1.867, 5597
1.867, 5596
1.867, 5595
1.867, 5594
1.867, 5593
1.867, 5592
1.868, 5591
1.868, 5590
1.868, 5589
1.868, 5588
1.868, 5587
1.868, 5586
1.868, 5585
1.868, 5584
1.868, 5583
1.868, 5582
1.868, 5581
1.868, 5580
1.868, 5579
1.868, 5578
1.868, 5577
1.868, 5576
1.868, 5575
1.868, 5574
1.868, 5573
1.868, 5572
1.868, 5571
1.868, 5570
1.868, 5569
1.868, 5568
1.868, 5567
1.868, 5566
1.868, 5565
1.868, 5564
1.868, 5563
1.868, 5562
1.868, 5561
1.868, 5560
1.869, 5559
1.869, 5558
1.869, 5557
1.869, 5556
1.869, 5555
1.869, 5554
1.869, 5553
1.869, 5552
1.869, 5551
1.869, 5550
1.869, 5549
1.869, 5548
1.869, 5547
1.869, 5546
1.869, 5545
1.869, 5544
1.869, 5543
1.869, 5542
1.869, 5541
1.869, 5540
1.869, 5539
1.869, 5538
1.869, 5537
1.869, 5536
1.869, 5535
1.869, 5534
1.869, 5533
1.870, 5532
1.870, 5531
1.870, 5530
1.870, 5529
1.870, 5528
1.870, 5527
1.870, 5526
1.870, 5525
1.870, 5524
1.870, 5523
1.870, 5522
1.870, 5521
1.870, 5520
1.870, 5519
1.870, 5518
1.870, 5517
1.870, 5516
1.870, 5515
1.870, 5514
1.870, 5513
1.870, 5512
1.870, 5511
1.870, 5510
1.870, 5509
1.870, 5508
1.870, 5507
1.871, 5506
1.871, 5505
1.871, 5504
1.871, 5503
1.871, 5502
1.871, 5501
1.871, 5500
1.871, 5499
1.871, 5498
1.871, 5497
1.871, 5496
1.871, 5495
1.871, 5494
1.871, 5493
1.871, 5492
1.871, 5491
1.871, 5490
1.871, 5489
1.871, 5488
1.871, 5487
1.871, 5486
1.871, 5485
1.871, 5484
1.871, 5483
1.871, 5482
1.871, 5481
1.871, 5480
1.871, 5479
1.871, 5478
1.871, 5477
1.871, 5476
1.871, 5475
1.871, 5474
1.871, 5473
1.872, 5472
1.872, 5471
1.872, 5470
1.872, 5469
1.872, 5468
1.872, 5467
1.872, 5466
1.872, 5465
1.872, 5464
1.872, 5463
1.872, 5462
1.872, 5461
1.872, 5460
1.872, 5459
1.872, 5458
1.872, 5457
1.872, 5456
1.872, 5455
1.872, 5454
1.872, 5453
1.872, 5452
1.873, 5451
1.873, 5450
1.873, 5449
1.873, 5448
1.873, 5447
1.873, 5446
1.873, 5445
1.873, 5444
1.873, 5443
1.873, 5442
1.873, 5441
1.873, 5440
1.873, 5439
1.873, 5438
1.873, 5437
1.873, 5436
1.873, 5435
1.873, 5434
1.873, 5433
1.873, 5432
1.873, 5431
1.873, 5430
1.873, 5429
1.873, 5428
1.873, 5427
1.873, 5426
1.873, 5425
1.873, 5424
1.874, 5423
1.874, 5422
1.874, 5421
1.874, 5420
1.874, 5419
1.874, 5418
1.874, 5417
1.874, 5416
1.874, 5415
1.874, 5414
1.874, 5413
1.874, 5412
1.874, 5411
1.874, 5410
1.874, 5409
1.874, 5408
1.874, 5407
1.874, 5406
1.874, 5405
1.874, 5404
1.874, 5403
1.874, 5402
1.874, 5401
1.874, 5400
1.874, 5399
1.874, 5398
1.874, 5397
1.874, 5396
1.874, 5395
1.875, 5394
1.875, 5393
1.875, 5392
1.875, 5391
1.875, 5390
1.875, 5389
1.875, 5388
1.875, 5387
1.875, 5386
1.875, 5385
1.875, 5384
1.875, 5383
1.875, 5382
1.875, 5381
1.875, 5380
1.875, 5379
1.875, 5378
1.875, 5377
1.875, 5376
1.875, 5375
1.875, 5374
1.875, 5373
1.875, 5372
1.875, 5371
1.875, 5370
1.875, 5369
1.875, 5368
1.875, 5367
1.876, 5366
1.876, 5365
1.876, 5364
1.876, 5363
1.876, 5362
1.876, 5361
1.876, 5360
1.876, 5359
1.876, 5358
1.876, 5357
1.876, 5356
1.876, 5355
1.876, 5354
1.876, 5353
1.876, 5352
1.876, 5351
1.876, 5350
1.876, 5349
1.876, 5348
1.876, 5347
1.876, 5346
1.876, 5345
1.876, 5344
1.876, 5343
1.876, 5342
1.876, 5341
1.876, 5340
1.876, 5339
1.876, 5338
1.876, 5337
1.876, 5336
1.876, 5335
1.877, 5334
1.877, 5333
1.877, 5332
1.877, 5331
1.877, 5330
1.877, 5329
1.877, 5328
1.877, 5327
1.877, 5326
1.877, 5325
1.877, 5324
1.877, 5323
1.877, 5322
1.877, 5321
1.877, 5320
1.877, 5319
1.877, 5318
1.877, 5317
1.877, 5316
1.877, 5315
1.877, 5314
1.877, 5313
1.877, 5312
1.877, 5311
1.877, 5310
1.877, 5309
1.877, 5308
1.877, 5307
1.878, 5306
1.878, 5305
1.878, 5304
1.878, 5303
1.878, 5302
1.878, 5301
1.878, 5300
1.878, 5299
1.878, 5298
1.878, 5297
1.878, 5296
1.878, 5295
1.878, 5294
1.878, 5293
1.878, 5292
1.878, 5291
1.878, 5290
1.878, 5289
1.878, 5288
1.878, 5287
1.878, 5286
1.878, 5285
1.878, 5284
1.878, 5283
1.878, 5282
1.878, 5281
1.878, 5280
1.878, 5279
1.878, 5278
1.878, 5277
1.879, 5276
1.879, 5275
1.879, 5274
1.879, 5273
1.879, 5272
1.879, 5271
1.879, 5270
1.879, 5269
1.879, 5268
1.879, 5267
1.879, 5266
1.879, 5265
1.879, 5264
1.879, 5263
1.879, 5262
1.879, 5261
1.879, 5260
1.879, 5259
1.879, 5258
1.879, 5257
1.879, 5256
1.879, 5255
1.879, 5254
1.879, 5253
1.879, 5252
1.879, 5251
1.879, 5250
1.880, 5249
1.880, 5248
1.880, 5247
1.880, 5246
1.880, 5245
1.880, 5244
1.880, 5243
1.880, 5242
1.880, 5241
1.880, 5240
1.880, 5239
1.880, 5238
1.880, 5237
1.880, 5236
1.880, 5235
1.880, 5234
1.880, 5233
1.880, 5232
1.880, 5231
1.880, 5230
1.881, 5229
1.881, 5228
1.881, 5227
1.881, 5226
1.881, 5225
1.881, 5224
1.881, 5223
1.881, 5222
1.881, 5221
1.881, 5220
1.881, 5219
1.881, 5218
1.881, 5217
1.881, 5216
1.881, 5215
1.881, 5214
1.881, 5213
1.881, 5212
1.881, 5211
1.882, 5210
1.882, 5209
1.882, 5208
1.882, 5207
1.882, 5206
1.882, 5205
1.882, 5204
1.882, 5203
1.882, 5202
1.882, 5201
1.882, 5200
1.882, 5199
1.882, 5198
1.882, 5197
1.882, 5196
1.882, 5195
1.882, 5194
1.882, 5193
1.882, 5192
1.882, 5191
1.882, 5190
1.882, 5189
1.882, 5188
1.882, 5187
1.882, 5186
1.882, 5185
1.882, 5184
1.883, 5183
1.883, 5182
1.883, 5181
1.883, 5180
1.883, 5179
1.883, 5178
1.883, 5177
1.883, 5176
1.883, 5175
1.883, 5174
1.883, 5173
1.883, 5172
1.883, 5171
1.883, 5170
1.883, 5169
1.883, 5168
1.883, 5167
1.883, 5166
1.883, 5165
1.883, 5164
1.883, 5163
1.883, 5162
1.883, 5161
1.883, 5160
1.883, 5159
1.883, 5158
1.883, 5157
1.883, 5156
1.883, 5155
1.883, 5154
1.884, 5153
1.884, 5152
1.884, 5151
1.884, 5150
1.884, 5149
1.884, 5148
1.884, 5147
1.884, 5146
1.884, 5145
1.884, 5144
1.884, 5143
1.884, 5142
1.884, 5141
1.884, 5140
1.884, 5139
1.884, 5138
1.884, 5137
1.884, 5136
1.884, 5135
1.884, 5134
1.884, 5133
1.884, 5132
1.884, 5131
1.884, 5130
1.885, 5129
1.885, 5128
1.885, 5127
1.885, 5126
1.885, 5125
1.885, 5124
1.885, 5123
1.885, 5122
1.885, 5121
1.885, 5120
1.885, 5119
1.885, 5118
1.885, 5117
1.885, 5116
1.885, 5115
1.885, 5114
1.885, 5113
1.885, 5112
1.885, 5111
1.885, 5110
1.885, 5109
1.885, 5108
1.885, 5107
1.885, 5106
1.885, 5105
1.885, 5104
1.886, 5103
1.886, 5102
1.886, 5101
1.886, 5100
1.886, 5099
1.886, 5098
1.886, 5097
1.886, 5096
1.886, 5095
1.886, 5094
1.886, 5093
1.886, 5092
1.886, 5091
1.886, 5090
1.886, 5089
1.886, 5088
1.886, 5087
1.886, 5086
1.886, 5085
1.886, 5084
1.886, 5083
1.886, 5082
1.886, 5081
1.886, 5080
1.887, 5079
1.887, 5078
1.887, 5077
1.887, 5076
1.887, 5075
1.887, 5074
1.887, 5073
1.887, 5072
1.887, 5071
1.887, 5070
1.887, 5069
1.887, 5068
1.887, 5067
1.887, 5066
1.887, 5065
1.887, 5064
1.887, 5063
1.887, 5062
1.887, 5061
1.887, 5060
1.887, 5059
1.887, 5058
1.888, 5057
1.888, 5056
1.888, 5055
1.888, 5054
1.888, 5053
1.888, 5052
1.888, 5051
1.888, 5050
1.888, 5049
1.888, 5048
1.888, 5047
1.888, 5046
1.888, 5045
1.888, 5044
1.888, 5043
1.888, 5042
1.888, 5041
1.888, 5040
1.888, 5039
1.888, 5038
1.888, 5037
1.888, 5036
1.888, 5035
1.888, 5034
1.888, 5033
1.888, 5032
1.888, 5031
1.889, 5030
1.889, 5029
1.889, 5028
1.889, 5027
1.889, 5026
1.889, 5025
1.889, 5024
1.889, 5023
1.889, 5022
1.889, 5021
1.889, 5020
1.889, 5019
1.889, 5018
1.889, 5017
1.889, 5016
1.889, 5015
1.889, 5014
1.889, 5013
1.889, 5012
1.889, 5011
1.889, 5010
1.889, 5009
1.889, 5008
1.889, 5007
1.889, 5006
1.889, 5005
1.889, 5004
1.889, 5003
1.889, 5002
1.889, 5001
1.889, 5000
1.890, 4999
1.890, 4998
1.890, 4997
1.890, 4996
1.890, 4995
1.890, 4994
1.890, 4993
1.890, 4992
1.890, 4991
1.890, 4990
1.890, 4989
1.890, 4988
1.890, 4987
1.890, 4986
1.890, 4985
1.890, 4984
1.890, 4983
1.890, 4982
1.890, 4981
1.890, 4980
1.890, 4979
1.890, 4978
1.890, 4977
1.890, 4976
1.890, 4975
1.890, 4974
1.890, 4973
1.890, 4972
1.891, 4971
1.891, 4970
1.891, 4969
1.891, 4968
1.891, 4967
1.891, 4966
1.891, 4965
1.891, 4964
1.891, 4963
1.891, 4962
1.891, 4961
1.891, 4960
1.891, 4959
1.891, 4958
1.891, 4957
1.891, 4956
1.891, 4955
1.891, 4954
1.891, 4953
1.891, 4952
1.891, 4951
1.891, 4950
1.891, 4949
1.891, 4948
1.891, 4947
1.891, 4946
1.891, 4945
1.892, 4944
1.892, 4943
1.892, 4942
1.892, 4941
1.892, 4940
1.892, 4939
1.892, 4938
1.892, 4937
1.892, 4936
1.892, 4935
1.892, 4934
1.892, 4933
1.892, 4932
1.892, 4931
1.892, 4930
1.892, 4929
1.892, 4928
1.892, 4927
1.892, 4926
1.892, 4925
1.892, 4924
1.892, 4923
1.892, 4922
1.892, 4921
1.892, 4920
1.892, 4919
1.892, 4918
1.892, 4917
1.892, 4916
1.893, 4915
1.893, 4914
1.893, 4913
1.893, 4912
1.893, 4911
1.893, 4910
1.893, 4909
1.893, 4908
1.893, 4907
1.893, 4906
1.893, 4905
1.893, 4904
1.893, 4903
1.893, 4902
1.893, 4901
1.893, 4900
1.893, 4899
1.893, 4898
1.893, 4897
1.893, 4896
1.893, 4895
1.893, 4894
1.893, 4893
1.894, 4892
1.894, 4891
1.894, 4890
1.894, 4889
1.894, 4888
1.894, 4887
1.894, 4886
1.894, 4885
1.894, 4884
1.894, 4883
1.894, 4882
1.894, 4881
1.894, 4880
1.894, 4879
1.894, 4878
1.894, 4877
1.894, 4876
1.894, 4875
1.894, 4874
1.894, 4873
1.894, 4872
1.894, 4871
1.894, 4870
1.894, 4869
1.894, 4868
1.894, 4867
1.894, 4866
1.894, 4865
1.894, 4864
1.895, 4863
1.895, 4862
1.895, 4861
1.895, 4860
1.895, 4859
1.895, 4858
1.895, 4857
1.895, 4856
1.895, 4855
1.895, 4854
1.895, 4853
1.895, 4852
1.895, 4851
1.895, 4850
1.895, 4849
1.895, 4848
1.895, 4847
1.895, 4846
1.895, 4845
1.895, 4844
1.895, 4843
1.895, 4842
1.895, 4841
1.895, 4840
1.895, 4839
1.895, 4838
1.896, 4837
1.896, 4836
1.896, 4835
1.896, 4834
1.896, 4833
1.896, 4832
1.896, 4831
1.896, 4830
1.896, 4829
1.896, 4828
1.896, 4827
1.896, 4826
1.896, 4825
1.896, 4824
1.896, 4823
1.896, 4822
1.896, 4821
1.896, 4820
1.896, 4819
1.896, 4818
1.896, 4817
1.896, 4816
1.896, 4815
1.896, 4814
1.897, 4813
1.897, 4812
1.897, 4811
1.897, 4810
1.897, 4809
1.897, 4808
1.897, 4807
1.897, 4806
1.897, 4805
1.897, 4804
1.897, 4803
1.897, 4802
1.897, 4801
1.897, 4800
1.897, 4799
1.897, 4798
1.897, 4797
1.897, 4796
1.897, 4795
1.897, 4794
1.897, 4793
1.897, 4792
1.897, 4791
1.897, 4790
1.897, 4789
1.897, 4788
1.897, 4787
1.898, 4786
1.898, 4785
1.898, 4784
1.898, 4783
1.898, 4782
1.898, 4781
1.898, 4780
1.898, 4779
1.898, 4778
1.898, 4777
1.898, 4776
1.898, 4775
1.898, 4774
1.898, 4773
1.898, 4772
1.898, 4771
1.898, 4770
1.898, 4769
1.898, 4768
1.898, 4767
1.898, 4766
1.898, 4765
1.898, 4764
1.899, 4763
1.899, 4762
1.899, 4761
1.899, 4760
1.899, 4759
1.899, 4758
1.899, 4757
1.899, 4756
1.899, 4755
1.899, 4754
1.899, 4753
1.899, 4752
1.899, 4751
1.899, 4750
1.899, 4749
1.899, 4748
1.899, 4747
1.899, 4746
1.899, 4745
1.900, 4744
1.900, 4743
1.900, 4742
1.900, 4741
1.900, 4740
1.900, 4739
1.900, 4738
1.900, 4737
1.900, 4736
1.900, 4735
1.900, 4734
1.900, 4733
1.900, 4732
1.900, 4731
1.900, 4730
1.900, 4729
1.900, 4728
1.900, 4727
1.900, 4726
1.900, 4725
1.900, 4724
1.900, 4723
1.900, 4722
1.900, 4721
1.901, 4720
1.901, 4719
1.901, 4718
1.901, 4717
1.901, 4716
1.901, 4715
1.901, 4714
1.901, 4713
1.901, 4712
1.901, 4711
1.901, 4710
1.901, 4709
1.901, 4708
1.901, 4707
1.901, 4706
1.901, 4705
1.901, 4704
1.901, 4703
1.902, 4702
1.902, 4701
1.902, 4700
1.902, 4699
1.902, 4698
1.902, 4697
1.902, 4696
1.902, 4695
1.902, 4694
1.902, 4693
1.902, 4692
1.902, 4691
1.902, 4690
1.902, 4689
1.902, 4688
1.902, 4687
1.902, 4686
1.903, 4685
1.903, 4684
1.903, 4683
1.903, 4682
1.903, 4681
1.903, 4680
1.903, 4679
1.903, 4678
1.903, 4677
1.903, 4676
1.903, 4675
1.903, 4674
1.903, 4673
1.903, 4672
1.903, 4671
1.903, 4670
1.903, 4669
1.903, 4668
1.903, 4667
1.903, 4666
1.904, 4665
1.904, 4664
1.904, 4663
1.904, 4662
1.904, 4661
1.904, 4660
1.904, 4659
1.904, 4658
1.904, 4657
1.904, 4656
1.904, 4655
1.904, 4654
1.904, 4653
1.904, 4652
1.904, 4651
1.904, 4650
1.904, 4649
1.904, 4648
1.904, 4647
1.904, 4646
1.904, 4645
1.905, 4644
1.905, 4643
1.905, 4642
1.905, 4641
1.905, 4640
1.905, 4639
1.905, 4638
1.905, 4637
1.905, 4636
1.905, 4635
1.905, 4634
1.905, 4633
1.905, 4632
1.905, 4631
1.905, 4630
1.905, 4629
1.905, 4628
1.905, 4627
1.905, 4626
1.905, 4625
1.905, 4624
1.906, 4623
1.906, 4622
1.906, 4621
1.906, 4620
1.906, 4619
1.906, 4618
1.906, 4617
1.906, 4616
1.906, 4615
1.906, 4614
1.906, 4613
1.906, 4612
1.906, 4611
1.906, 4610
1.906, 4609
1.906, 4608
1.906, 4607
1.906, 4606
1.906, 4605
1.906, 4604
1.906, 4603
1.906, 4602
1.906, 4601
1.906, 4600
1.907, 4599
1.907, 4598
1.907, 4597
1.907, 4596
1.907, 4595
1.907, 4594
1.907, 4593
1.907, 4592
1.907, 4591
1.907, 4590
1.907, 4589
1.907, 4588
1.907, 4587
1.907, 4586
1.907, 4585
1.907, 4584
1.907, 4583
1.907, 4582
1.907, 4581
1.907, 4580
1.907, 4579
1.907, 4578
1.907, 4577
1.907, 4576
1.908, 4575
1.908, 4574
1.908, 4573
1.908, 4572
1.908, 4571
1.908, 4570
1.908, 4569
1.908, 4568
1.908, 4567
1.908, 4566
1.908, 4565
1.908, 4564
1.908, 4563
1.908, 4562
1.908, 4561
1.908, 4560
1.908, 4559
1.908, 4558
1.908, 4557
1.908, 4556
1.908, 4555
1.908, 4554
1.908, 4553
1.909, 4552
1.909, 4551
1.909, 4550
1.909, 4549
1.909, 4548
1.909, 4547
1.909, 4546
1.909, 4545
1.909, 4544
1.909, 4543
1.909, 4542
1.909, 4541
1.909, 4540
1.909, 4539
1.909, 4538
1.909, 4537
1.909, 4536
1.909, 4535
1.909, 4534
1.909, 4533
1.909, 4532
1.909, 4531
1.909, 4530
1.909, 4529
1.909, 4528
1.909, 4527
1.910, 4526
1.910, 4525
1.910, 4524
1.910, 4523
1.910, 4522
1.910, 4521
1.910, 4520
1.910, 4519
1.910, 4518
1.910, 4517
1.910, 4516
1.910, 4515
1.910, 4514
1.910, 4513
1.910, 4512
1.910, 4511
1.910, 4510
1.910, 4509
1.910, 4508
1.910, 4507
1.910, 4506
1.910, 4505
1.910, 4504
1.910, 4503
1.910, 4502
1.910, 4501
1.910, 4500
1.910, 4499
1.910, 4498
1.911, 4497
1.911, 4496
1.911, 4495
1.911, 4494
1.911, 4493
1.911, 4492
1.911, 4491
1.911, 4490
1.911, 4489
1.911, 4488
1.911, 4487
1.911, 4486
1.911, 4485
1.911, 4484
1.911, 4483
1.911, 4482
1.911, 4481
1.911, 4480
1.911, 4479
1.911, 4478
1.911, 4477
1.911, 4476
1.912, 4475
1.912, 4474
1.912, 4473
1.912, 4472
1.912, 4471
1.912, 4470
1.912, 4469
1.912, 4468
1.912, 4467
1.912, 4466
1.912, 4465
1.912, 4464
1.912, 4463
1.912, 4462
1.912, 4461
1.912, 4460
1.912, 4459
1.912, 4458
1.912, 4457
1.912, 4456
1.912, 4455
1.912, 4454
1.912, 4453
1.912, 4452
1.912, 4451
1.912, 4450
1.912, 4449
1.913, 4448
1.913, 4447
1.913, 4446
1.913, 4445
1.913, 4444
1.913, 4443
1.913, 4442
1.913, 4441
1.913, 4440
1.913, 4439
1.913, 4438
1.913, 4437
1.913, 4436
1.913, 4435
1.913, 4434
1.913, 4433
1.913, 4432
1.913, 4431
1.913, 4430
1.913, 4429
1.913, 4428
1.913, 4427
1.913, 4426
1.913, 4425
1.913, 4424
1.913, 4423
1.913, 4422
1.913, 4421
1.913, 4420
1.913, 4419
1.914, 4418
1.914, 4417
1.914, 4416
1.914, 4415
1.914, 4414
1.914, 4413
1.914, 4412
1.914, 4411
1.914, 4410
1.914, 4409
1.914, 4408
1.914, 4407
1.914, 4406
1.914, 4405
1.914, 4404
1.914, 4403
1.914, 4402
1.914, 4401
1.914, 4400
1.914, 4399
1.914, 4398
1.914, 4397
1.914, 4396
1.914, 4395
1.914, 4394
1.914, 4393
1.914, 4392
1.914, 4391
1.915, 4390
1.915, 4389
1.915, 4388
1.915, 4387
1.915, 4386
1.915, 4385
1.915, 4384
1.915, 4383
1.915, 4382
1.915, 4381
1.915, 4380
1.915, 4379
1.915, 4378
1.915, 4377
1.915, 4376
1.915, 4375
1.916, 4374
1.916, 4373
1.916, 4372
1.916, 4371
1.916, 4370
1.916, 4369
1.916, 4368
1.916, 4367
1.916, 4366
1.916, 4365
1.916, 4364
1.916, 4363
1.916, 4362
1.916, 4361
1.916, 4360
1.916, 4359
1.916, 4358
1.916, 4357
1.916, 4356
1.916, 4355
1.916, 4354
1.916, 4353
1.916, 4352
1.916, 4351
1.916, 4350
1.916, 4349
1.916, 4348
1.917, 4347
1.917, 4346
1.917, 4345
1.917, 4344
1.917, 4343
1.917, 4342
1.917, 4341
1.917, 4340
1.917, 4339
1.917, 4338
1.917, 4337
1.917, 4336
1.917, 4335
1.917, 4334
1.917, 4333
1.917, 4332
1.917, 4331
1.917, 4330
1.917, 4329
1.917, 4328
1.917, 4327
1.917, 4326
1.917, 4325
1.917, 4324
1.917, 4323
1.917, 4322
1.918, 4321
1.918, 4320
1.918, 4319
1.918, 4318
1.918, 4317
1.918, 4316
1.918, 4315
1.918, 4314
1.918, 4313
1.918, 4312
1.918, 4311
1.918, 4310
1.918, 4309
1.918, 4308
1.918, 4307
1.918, 4306
1.918, 4305
1.918, 4304
1.918, 4303
1.918, 4302
1.918, 4301
1.918, 4300
1.918, 4299
1.918, 4298
1.918, 4297
1.918, 4296
1.918, 4295
1.918, 4294
1.919, 4293
1.919, 4292
1.919, 4291
1.919, 4290
1.919, 4289
1.919, 4288
1.919, 4287
1.919, 4286
1.919, 4285
1.919, 4284
1.919, 4283
1.919, 4282
1.919, 4281
1.919, 4280
1.919, 4279
1.919, 4278
1.919, 4277
1.919, 4276
1.919, 4275
1.919, 4274
1.919, 4273
1.919, 4272
1.919, 4271
1.919, 4270
1.919, 4269
1.919, 4268
1.920, 4267
1.920, 4266
1.920, 4265
1.920, 4264
1.920, 4263
1.920, 4262
1.920, 4261
1.920, 4260
1.920, 4259
1.920, 4258
1.920, 4257
1.920, 4256
1.920, 4255
1.920, 4254
1.920, 4253
1.920, 4252
1.920, 4251
1.920, 4250
1.920, 4249
1.920, 4248
1.920, 4247
1.920, 4246
1.920, 4245
1.920, 4244
1.920, 4243
1.921, 4242
1.921, 4241
1.921, 4240
1.921, 4239
1.921, 4238
1.921, 4237
1.921, 4236
1.921, 4235
1.921, 4234
1.921, 4233
1.921, 4232
1.921, 4231
1.921, 4230
1.921, 4229
1.921, 4228
1.921, 4227
1.921, 4226
1.921, 4225
1.921, 4224
1.921, 4223
1.921, 4222
1.921, 4221
1.921, 4220
1.921, 4219
1.921, 4218
1.922, 4217
1.922, 4216
1.922, 4215
1.922, 4214
1.922, 4213
1.922, 4212
1.922, 4211
1.922, 4210
1.922, 4209
1.922, 4208
1.922, 4207
1.922, 4206
1.922, 4205
1.922, 4204
1.922, 4203
1.922, 4202
1.922, 4201
1.922, 4200
1.922, 4199
1.922, 4198
1.922, 4197
1.922, 4196
1.922, 4195
1.922, 4194
1.923, 4193
1.923, 4192
1.923, 4191
1.923, 4190
1.923, 4189
1.923, 4188
1.923, 4187
1.923, 4186
1.923, 4185
1.923, 4184
1.923, 4183
1.923, 4182
1.923, 4181
1.923, 4180
1.923, 4179
1.923, 4178
1.923, 4177
1.923, 4176
1.923, 4175
1.923, 4174
1.923, 4173
1.923, 4172
1.923, 4171
1.923, 4170
1.923, 4169
1.924, 4168
1.924, 4167
1.924, 4166
1.924, 4165
1.924, 4164
1.924, 4163
1.924, 4162
1.924, 4161
1.924, 4160
1.924, 4159
1.924, 4158
1.924, 4157
1.924, 4156
1.924, 4155
1.924, 4154
1.924, 4153
1.924, 4152
1.924, 4151
1.924, 4150
1.924, 4149
1.924, 4148
1.924, 4147
1.924, 4146
1.924, 4145
1.924, 4144
1.925, 4143
1.925, 4142
1.925, 4141
1.925, 4140
1.925, 4139
1.925, 4138
1.925, 4137
1.925, 4136
1.925, 4135
1.925, 4134
1.925, 4133
1.925, 4132
1.925, 4131
1.925, 4130
1.925, 4129
1.925, 4128
1.925, 4127
1.925, 4126
1.925, 4125
1.925, 4124
1.925, 4123
1.925, 4122
1.925, 4121
1.925, 4120
1.926, 4119
1.926, 4118
1.926, 4117
1.926, 4116
1.926, 4115
1.926, 4114
1.926, 4113
1.926, 4112
1.926, 4111
1.926, 4110
1.926, 4109
1.926, 4108
1.926, 4107
1.926, 4106
1.926, 4105
1.926, 4104
1.926, 4103
1.926, 4102
1.926, 4101
1.926, 4100
1.926, 4099
1.926, 4098
1.926, 4097
1.926, 4096
1.926, 4095
1.926, 4094
1.926, 4093
1.926, 4092
1.926, 4091
1.926, 4090
1.926, 4089
1.927, 4088
1.927, 4087
1.927, 4086
1.927, 4085
1.927, 4084
1.927, 4083
1.927, 4082
1.927, 4081
1.927, 4080
1.927, 4079
1.927, 4078
1.927, 4077
1.927, 4076
1.927, 4075
1.927, 4074
1.927, 4073
1.927, 4072
1.927, 4071
1.927, 4070
1.927, 4069
1.927, 4068
1.927, 4067
1.927, 4066
1.927, 4065
1.927, 4064
1.927, 4063
1.928, 4062
1.928, 4061
1.928, 4060
1.928, 4059
1.928, 4058
1.928, 4057
1.928, 4056
1.928, 4055
1.928, 4054
1.928, 4053
1.928, 4052
1.928, 4051
1.928, 4050
1.928, 4049
1.928, 4048
1.928, 4047
1.928, 4046
1.928, 4045
1.928, 4044
1.928, 4043
1.928, 4042
1.928, 4041
1.928, 4040
1.928, 4039
1.928, 4038
1.929, 4037
1.929, 4036
1.929, 4035
1.929, 4034
1.929, 4033
1.929, 4032
1.929, 4031
1.929, 4030
1.929, 4029
1.929, 4028
1.929, 4027
1.929, 4026
1.929, 4025
1.929, 4024
1.929, 4023
1.929, 4022
1.929, 4021
1.929, 4020
1.929, 4019
1.929, 4018
1.929, 4017
1.929, 4016
1.929, 4015
1.929, 4014
1.929, 4013
1.930, 4012
1.930, 4011
1.930, 4010
1.930, 4009
1.930, 4008
1.930, 4007
1.930, 4006
1.930, 4005
1.930, 4004
1.930, 4003
1.930, 4002
1.930, 4001
1.930, 4000
1.930, 3999
1.930, 3998
1.930, 3997
1.930, 3996
1.930, 3995
1.930, 3994
1.930, 3993
1.930, 3992
1.930, 3991
1.931, 3990
1.931, 3989
1.931, 3988
1.931, 3987
1.931, 3986
1.931, 3985
1.931, 3984
1.931, 3983
1.931, 3982
1.931, 3981
1.931, 3980
1.931, 3979
1.931, 3978
1.931, 3977
1.931, 3976
1.931, 3975
1.931, 3974
1.931, 3973
1.931, 3972
1.931, 3971
1.931, 3970
1.931, 3969
1.931, 3968
1.931, 3967
1.931, 3966
1.931, 3965
1.932, 3964
1.932, 3963
1.932, 3962
1.932, 3961
1.932, 3960
1.932, 3959
1.932, 3958
1.932, 3957
1.932, 3956
1.932, 3955
1.932, 3954
1.932, 3953
1.932, 3952
1.932, 3951
1.932, 3950
1.932, 3949
1.932, 3948
1.932, 3947
1.932, 3946
1.932, 3945
1.932, 3944
1.932, 3943
1.932, 3942
1.932, 3941
1.933, 3940
1.933, 3939
1.933, 3938
1.933, 3937
1.933, 3936
1.933, 3935
1.933, 3934
1.933, 3933
1.933, 3932
1.933, 3931
1.933, 3930
1.933, 3929
1.933, 3928
1.933, 3927
1.933, 3926
1.933, 3925
1.933, 3924
1.933, 3923
1.933, 3922
1.933, 3921
1.933, 3920
1.933, 3919
1.934, 3918
1.934, 3917
1.934, 3916
1.934, 3915
1.934, 3914
1.934, 3913
1.934, 3912
1.934, 3911
1.934, 3910
1.934, 3909
1.934, 3908
1.934, 3907
1.934, 3906
1.934, 3905
1.934, 3904
1.934, 3903
1.934, 3902
1.934, 3901
1.934, 3900
1.934, 3899
1.934, 3898
1.934, 3897
1.934, 3896
1.934, 3895
1.934, 3894
1.934, 3893
1.934, 3892
1.935, 3891
1.935, 3890
1.935, 3889
1.935, 3888
1.935, 3887
1.935, 3886
1.935, 3885
1.935, 3884
1.935, 3883
1.935, 3882
1.935, 3881
1.935, 3880
1.935, 3879
1.935, 3878
1.935, 3877
1.935, 3876
1.935, 3875
1.935, 3874
1.935, 3873
1.935, 3872
1.935, 3871
1.935, 3870
1.935, 3869
1.935, 3868
1.936, 3867
1.936, 3866
1.936, 3865
1.936, 3864
1.936, 3863
1.936, 3862
1.936, 3861
1.936, 3860
1.936, 3859
1.936, 3858
1.936, 3857
1.936, 3856
1.936, 3855
1.936, 3854
1.936, 3853
1.936, 3852
1.936, 3851
1.936, 3850
1.936, 3849
1.936, 3848
1.936, 3847
1.936, 3846
1.936, 3845
1.936, 3844
1.937, 3843
1.937, 3842
1.937, 3841
1.937, 3840
1.937, 3839
1.937, 3838
1.937, 3837
1.937, 3836
1.937, 3835
1.937, 3834
1.937, 3833
1.937, 3832
1.937, 3831
1.937, 3830
1.937, 3829
1.937, 3828
1.937, 3827
1.937, 3826
1.937, 3825
1.937, 3824
1.937, 3823
1.937, 3822
1.937, 3821
1.937, 3820
1.937, 3819
1.938, 3818
1.938, 3817
1.938, 3816
1.938, 3815
1.938, 3814
1.938, 3813
1.938, 3812
1.938, 3811
1.938, 3810
1.938, 3809
1.938, 3808
1.938, 3807
1.938, 3806
1.938, 3805
1.938, 3804
1.938, 3803
1.938, 3802
1.938, 3801
1.938, 3800
1.938, 3799
1.938, 3798
1.938, 3797
1.939, 3796
1.939, 3795
1.939, 3794
1.939, 3793
1.939, 3792
1.939, 3791
1.939, 3790
1.939, 3789
1.939, 3788
1.939, 3787
1.939, 3786
1.939, 3785
1.939, 3784
1.939, 3783
1.939, 3782
1.939, 3781
1.939, 3780
1.939, 3779
1.939, 3778
1.939, 3777
1.939, 3776
1.939, 3775
1.939, 3774
1.939, 3773
1.939, 3772
1.940, 3771
1.940, 3770
1.940, 3769
1.940, 3768
1.940, 3767
1.940, 3766
1.940, 3765
1.940, 3764
1.940, 3763
1.940, 3762
1.940, 3761
1.940, 3760
1.940, 3759
1.940, 3758
1.940, 3757
1.940, 3756
1.940, 3755
1.940, 3754
1.940, 3753
1.940, 3752
1.940, 3751
1.940, 3750
1.941, 3749
1.941, 3748
1.941, 3747
1.941, 3746
1.941, 3745
1.941, 3744
1.941, 3743
1.941, 3742
1.941, 3741
1.941, 3740
1.941, 3739
1.941, 3738
1.941, 3737
1.941, 3736
1.941, 3735
1.941, 3734
1.941, 3733
1.941, 3732
1.941, 3731
1.941, 3730
1.941, 3729
1.941, 3728
1.941, 3727
1.941, 3726
1.942, 3725
1.942, 3724
1.942, 3723
1.942, 3722
1.942, 3721
1.942, 3720
1.942, 3719
1.942, 3718
1.942, 3717
1.942, 3716
1.942, 3715
1.942, 3714
1.942, 3713
1.942, 3712
1.942, 3711
1.942, 3710
1.942, 3709
1.942, 3708
1.942, 3707
1.942, 3706
1.942, 3705
1.942, 3704
1.943, 3703
1.943, 3702
1.943, 3701
1.943, 3700
1.943, 3699
1.943, 3698
1.943, 3697
1.943, 3696
1.943, 3695
1.943, 3694
1.943, 3693
1.943, 3692
1.943, 3691
1.943, 3690
1.943, 3689
1.943, 3688
1.943, 3687
1.943, 3686
1.944, 3685
1.944, 3684
1.944, 3683
1.944, 3682
1.944, 3681
1.944, 3680
1.944, 3679
1.944, 3678
1.944, 3677
1.944, 3676
1.944, 3675
1.944, 3674
1.944, 3673
1.944, 3672
1.944, 3671
1.944, 3670
1.944, 3669
1.944, 3668
1.944, 3667
1.944, 3666
1.944, 3665
1.944, 3664
1.944, 3663
1.945, 3662
1.945, 3661
1.945, 3660
1.945, 3659
1.945, 3658
1.945, 3657
1.945, 3656
1.945, 3655
1.945, 3654
1.945, 3653
1.945, 3652
1.945, 3651
1.945, 3650
1.945, 3649
1.945, 3648
1.945, 3647
1.945, 3646
1.945, 3645
1.945, 3644
1.945, 3643
1.945, 3642
1.945, 3641
1.945, 3640
1.945, 3639
1.946, 3638
1.946, 3637
1.946, 3636
1.946, 3635
1.946, 3634
1.946, 3633
1.946, 3632
1.946, 3631
1.946, 3630
1.946, 3629
1.946, 3628
1.946, 3627
1.946, 3626
1.946, 3625
1.946, 3624
1.946, 3623
1.946, 3622
1.946, 3621
1.946, 3620
1.946, 3619
1.946, 3618
1.946, 3617
1.946, 3616
1.946, 3615
1.946, 3614
1.946, 3613
1.947, 3612
1.947, 3611
1.947, 3610
1.947, 3609
1.947, 3608
1.947, 3607
1.947, 3606
1.947, 3605
1.947, 3604
1.947, 3603
1.947, 3602
1.947, 3601
1.947, 3600
1.947, 3599
1.947, 3598
1.947, 3597
1.947, 3596
1.947, 3595
1.947, 3594
1.947, 3593
1.947, 3592
1.947, 3591
1.948, 3590
1.948, 3589
1.948, 3588
1.948, 3587
1.948, 3586
1.948, 3585
1.948, 3584
1.948, 3583
1.948, 3582
1.948, 3581
1.948, 3580
1.948, 3579
1.948, 3578
1.948, 3577
1.948, 3576
1.948, 3575
1.948, 3574
1.948, 3573
1.948, 3572
1.948, 3571
1.948, 3570
1.948, 3569
1.948, 3568
1.948, 3567
1.948, 3566
1.948, 3565
1.948, 3564
1.949, 3563
1.949, 3562
1.949, 3561
1.949, 3560
1.949, 3559
1.949, 3558
1.949, 3557
1.949, 3556
1.949, 3555
1.949, 3554
1.949, 3553
1.949, 3552
1.949, 3551
1.949, 3550
1.949, 3549
1.949, 3548
1.949, 3547
1.949, 3546
1.949, 3545
1.949, 3544
1.949, 3543
1.949, 3542
1.949, 3541
1.950, 3540
1.950, 3539
1.950, 3538
1.950, 3537
1.950, 3536
1.950, 3535
1.950, 3534
1.950, 3533
1.950, 3532
1.950, 3531
1.950, 3530
1.950, 3529
1.950, 3528
1.950, 3527
1.951, 3526
1.951, 3525
1.951, 3524
1.951, 3523
1.951, 3522
1.951, 3521
1.951, 3520
1.951, 3519
1.951, 3518
1.951, 3517
1.951, 3516
1.951, 3515
1.951, 3514
1.951, 3513
1.951, 3512
1.951, 3511
1.951, 3510
1.951, 3509
1.951, 3508
1.951, 3507
1.951, 3506
1.951, 3505
1.951, 3504
1.951, 3503
1.951, 3502
1.952, 3501
1.952, 3500
1.952, 3499
1.952, 3498
1.952, 3497
1.952, 3496
1.952, 3495
1.952, 3494
1.952, 3493
1.952, 3492
1.952, 3491
1.952, 3490
1.952, 3489
1.952, 3488
1.952, 3487
1.952, 3486
1.952, 3485
1.952, 3484
1.952, 3483
1.952, 3482
1.952, 3481
1.952, 3480
1.952, 3479
1.952, 3478
1.952, 3477
1.952, 3476
1.953, 3475
1.953, 3474
1.953, 3473
1.953, 3472
1.953, 3471
1.953, 3470
1.953, 3469
1.953, 3468
1.953, 3467
1.953, 3466
1.953, 3465
1.953, 3464
1.953, 3463
1.953, 3462
1.953, 3461
1.953, 3460
1.953, 3459
1.953, 3458
1.953, 3457
1.953, 3456
1.953, 3455
1.954, 3454
1.954, 3453
1.954, 3452
1.954, 3451
1.954, 3450
1.954, 3449
1.954, 3448
1.954, 3447
1.954, 3446
1.954, 3445
1.954, 3444
1.954, 3443
1.954, 3442
1.954, 3441
1.954, 3440
1.954, 3439
1.954, 3438
1.954, 3437
1.954, 3436
1.954, 3435
1.954, 3434
1.954, 3433
1.954, 3432
1.955, 3431
1.955, 3430
1.955, 3429
1.955, 3428
1.955, 3427
1.955, 3426
1.955, 3425
1.955, 3424
1.955, 3423
1.955, 3422
1.955, 3421
1.955, 3420
1.955, 3419
1.956, 3418
1.956, 3417
1.956, 3416
1.956, 3415
1.956, 3414
1.956, 3413
1.956, 3412
1.956, 3411
1.956, 3410
1.956, 3409
1.956, 3408
1.956, 3407
1.956, 3406
1.956, 3405
1.956, 3404
1.956, 3403
1.956, 3402
1.956, 3401
1.956, 3400
1.956, 3399
1.956, 3398
1.956, 3397
1.956, 3396
1.957, 3395
1.957, 3394
1.957, 3393
1.957, 3392
1.957, 3391
1.957, 3390
1.957, 3389
1.957, 3388
1.957, 3387
1.957, 3386
1.957, 3385
1.957, 3384
1.957, 3383
1.957, 3382
1.957, 3381
1.957, 3380
1.957, 3379
1.957, 3378
1.957, 3377
1.957, 3376
1.957, 3375
1.958, 3374
1.958, 3373
1.958, 3372
1.958, 3371
1.958, 3370
1.958, 3369
1.958, 3368
1.958, 3367
1.958, 3366
1.958, 3365
1.958, 3364
1.958, 3363
1.958, 3362
1.958, 3361
1.958, 3360
1.958, 3359
1.958, 3358
1.958, 3357
1.958, 3356
1.959, 3355
1.959, 3354
1.959, 3353
1.959, 3352
1.959, 3351
1.959, 3350
1.959, 3349
1.959, 3348
1.959, 3347
1.959, 3346
1.959, 3345
1.959, 3344
1.959, 3343
1.959, 3342
