1.789, 6142
1.804, 6141
1.804, 6140
1.805, 6139
1.805, 6138
1.806, 6137
1.806, 6136
1.806, 6135
1.806, 6134
1.806, 6133
1.807, 6132
1.807, 6131
1.807, 6130
1.808, 6129
1.808, 6128
1.808, 6127
1.808, 6126
1.809, 6125
1.809, 6124
1.809, 6123
1.809, 6122
1.809, 6121
1.810, 6120
1.810, 6119
1.810, 6118
1.810, 6117
1.811, 6116
1.811, 6115
1.811, 6114
1.811, 6113
1.812, 6112
1.812, 6111
1.812, 6110
1.813, 6109
1.813, 6108
1.813, 6107
1.813, 6106
1.813, 6105
1.814, 6104
1.814, 6103
1.814, 6102
1.814, 6101
1.814, 6100
1.814, 6099
1.814, 6098
1.814, 6097
1.814, 6096
1.814, 6095
1.815, 6094
1.815, 6093
1.815, 6092
1.815, 6091
1.815, 6090
1.815, 6089
1.815, 6088
1.815, 6087
1.815, 6086
1.815, 6085
1.815, 6084
1.816, 6083
1.816, 6082
1.816, 6081
1.816, 6080
1.816, 6079
1.816, 6078
1.816, 6077
1.816, 6076
1.816, 6075
1.816, 6074
1.816, 6073
1.817, 6072
1.817, 6071
1.817, 6070
1.817, 6069
1.817, 6068
1.817, 6067
1.817, 6066
1.817, 6065
1.818, 6064
1.818, 6063
1.818, 6062
1.818, 6061
1.818, 6060
1.818, 6059
1.818, 6058
1.818, 6057
1.818, 6056
1.818, 6055
1.818, 6054
1.818, 6053
1.818, 6052
1.818, 6051
1.819, 6050
1.819, 6049
1.819, 6048
1.819, 6047
1.819, 6046
1.819, 6045
1.819, 6044
1.819, 6043
1.819, 6042
1.819, 6041
1.819, 6040
1.819, 6039
1.819, 6038
1.820, 6037
1.820, 6036
1.820, 6035
1.820, 6034
1.820, 6033
1.820, 6032
1.820, 6031
1.820, 6030
1.820, 6029
1.820, 6028
1.820, 6027
1.820, 6026
1.820, 6025
1.821, 6024
1.821, 6023
1.821, 6022
1.821, 6021
1.821, 6020
1.821, 6019
1.821, 6018
1.821, 6017
1.821, 6016
1.821, 6015
1.821, 6014
1.821, 6013
1.822, 6012
1.822, 6011
1.822, 6010
1.822, 6009
1.822, 6008
1.822, 6007
1.822, 6006
1.822, 6005
1.822, 6004
1.822, 6003
1.822, 6002
1.822, 6001
1.822, 6000
1.822, 5999
1.822, 5998
1.823, 5997
1.823, 5996
1.823, 5995
1.823, 5994
1.823, 5993
1.823, 5992
1.823, 5991
1.823, 5990
1.823, 5989
1.823, 5988
1.823, 5987
1.823, 5986
1.823, 5985
1.823, 5984
1.823, 5983
1.823, 5982
1.824, 5981
1.824, 5980
1.824, 5979
1.824, 5978
1.824, 5977
1.824, 5976
1.824, 5975
1.824, 5974
1.824, 5973
1.824, 5972
1.824, 5971
1.824, 5970
1.824, 5969
1.824, 5968
1.825, 5967
1.825, 5966
1.825, 5965
1.825, 5964
1.825, 5963
1.825, 5962
1.825, 5961
1.825, 5960
1.825, 5959
1.825, 5958
1.825, 5957
1.825, 5956
1.825, 5955
1.825, 5954
1.825, 5953
1.825, 5952
1.825, 5951
1.825, 5950
1.826, 5949
1.826, 5948
1.826, 5947
1.826, 5946
1.826, 5945
1.826, 5944
1.826, 5943
1.826, 5942
1.826, 5941
1.826, 5940
1.826, 5939
1.826, 5938
1.826, 5937
1.826, 5936
1.826, 5935
1.827, 5934
1.827, 5933
1.827, 5932
1.827, 5931
1.827, 5930
1.827, 5929
1.827, 5928
1.827, 5927
1.827, 5926
1.827, 5925
1.827, 5924
1.827, 5923
1.827, 5922
1.827, 5921
1.827, 5920
1.828, 5919
1.828, 5918
1.828, 5917
1.828, 5916
1.828, 5915
1.828, 5914
1.828, 5913
1.828, 5912
1.828, 5911
1.828, 5910
1.828, 5909
1.828, 5908
1.828, 5907
1.828, 5906
1.828, 5905
1.828, 5904
1.828, 5903
1.828, 5902
1.828, 5901
1.829, 5900
1.829, 5899
1.829, 5898
1.829, 5897
1.829, 5896
1.829, 5895
1.829, 5894
1.829, 5893
1.829, 5892
1.829, 5891
1.829, 5890
1.829, 5889
1.829, 5888
1.829, 5887
1.831, 5886
1.831, 5885
1.831, 5884
1.831, 5883
1.831, 5882
1.831, 5881
1.831, 5880
1.831, 5879
1.831, 5878
1.831, 5877
1.831, 5876
1.831, 5875
1.831, 5874
1.831, 5873
1.831, 5872
1.831, 5871
1.831, 5870
1.831, 5869
1.831, 5868
1.832, 5867
1.832, 5866
1.832, 5865
1.832, 5864
1.832, 5863
1.832, 5862
1.832, 5861
1.832, 5860
1.832, 5859
1.832, 5858
1.832, 5857
1.832, 5856
1.832, 5855
1.832, 5854
1.832, 5853
1.832, 5852
1.832, 5851
1.832, 5850
1.833, 5849
1.833, 5848
1.833, 5847
1.833, 5846
1.833, 5845
1.833, 5844
1.833, 5843
1.833, 5842
1.833, 5841
1.833, 5840
1.833, 5839
1.833, 5838
1.833, 5837
1.833, 5836
1.833, 5835
1.833, 5834
1.833, 5833
1.833, 5832
1.834, 5831
1.834, 5830
1.834, 5829
1.834, 5828
1.834, 5827
1.834, 5826
1.834, 5825
1.834, 5824
1.834, 5823
1.834, 5822
1.834, 5821
1.834, 5820
1.834, 5819
1.834, 5818
1.834, 5817
1.834, 5816
1.834, 5815
1.834, 5814
1.834, 5813
1.834, 5812
1.835, 5811
1.835, 5810
1.835, 5809
1.835, 5808
1.835, 5807
1.835, 5806
1.835, 5805
1.835, 5804
1.835, 5803
1.835, 5802
1.835, 5801
1.835, 5800
1.835, 5799
1.835, 5798
1.835, 5797
1.835, 5796
1.836, 5795
1.836, 5794
1.836, 5793
1.836, 5792
1.836, 5791
1.836, 5790
1.836, 5789
1.836, 5788
1.836, 5787
1.836, 5786
1.836, 5785
1.836, 5784
1.836, 5783
1.836, 5782
1.836, 5781
1.836, 5780
1.836, 5779
1.836, 5778
1.836, 5777
1.836, 5776
1.837, 5775
1.837, 5774
1.837, 5773
1.837, 5772
1.837, 5771
1.837, 5770
1.837, 5769
1.837, 5768
1.837, 5767
1.837, 5766
1.837, 5765
1.837, 5764
1.837, 5763
1.837, 5762
1.837, 5761
1.838, 5760
1.839, 5759
1.839, 5758
1.839, 5757
1.839, 5756
1.839, 5755
1.839, 5754
1.839, 5753
1.839, 5752
1.839, 5751
1.839, 5750
1.839, 5749
1.839, 5748
1.839, 5747
1.839, 5746
1.839, 5745
1.839, 5744
1.839, 5743
1.839, 5742
1.839, 5741
1.839, 5740
1.839, 5739
1.839, 5738
1.840, 5737
1.840, 5736
1.840, 5735
1.840, 5734
1.840, 5733
1.840, 5732
1.840, 5731
1.840, 5730
1.840, 5729
1.840, 5728
1.840, 5727
1.840, 5726
1.840, 5725
1.840, 5724
1.840, 5723
1.840, 5722
1.840, 5721
1.840, 5720
1.840, 5719
1.840, 5718
1.840, 5717
1.840, 5716
1.840, 5715
1.841, 5714
1.841, 5713
1.841, 5712
1.841, 5711
1.841, 5710
1.841, 5709
1.841, 5708
1.841, 5707
1.841, 5706
1.841, 5705
1.841, 5704
1.841, 5703
1.841, 5702
1.841, 5701
1.841, 5700
1.841, 5699
1.841, 5698
1.841, 5697
1.841, 5696
1.841, 5695
1.841, 5694
1.841, 5693
1.841, 5692
1.841, 5691
1.841, 5690
1.842, 5689
1.842, 5688
1.842, 5687
1.842, 5686
1.842, 5685
1.842, 5684
1.842, 5683
1.842, 5682
1.842, 5681
1.842, 5680
1.842, 5679
1.842, 5678
1.842, 5677
1.842, 5676
1.842, 5675
1.842, 5674
1.842, 5673
1.842, 5672
1.842, 5671
1.842, 5670
1.842, 5669
1.842, 5668
1.842, 5667
1.843, 5666
1.843, 5665
1.843, 5664
1.843, 5663
1.843, 5662
1.843, 5661
1.843, 5660
1.843, 5659
1.843, 5658
1.843, 5657
1.843, 5656
1.843, 5655
1.843, 5654
1.843, 5653
1.843, 5652
1.843, 5651
1.843, 5650
1.843, 5649
1.843, 5648
1.843, 5647
1.843, 5646
1.843, 5645
1.844, 5644
1.844, 5643
1.844, 5642
1.844, 5641
1.844, 5640
1.844, 5639
1.844, 5638
1.844, 5637
1.844, 5636
1.844, 5635
1.844, 5634
1.844, 5633
1.844, 5632
1.844, 5631
1.844, 5630
1.844, 5629
1.845, 5628
1.845, 5627
1.845, 5626
1.845, 5625
1.845, 5624
1.845, 5623
1.845, 5622
1.845, 5621
1.845, 5620
1.845, 5619
1.845, 5618
1.845, 5617
1.845, 5616
1.845, 5615
1.845, 5614
1.845, 5613
1.845, 5612
1.845, 5611
1.845, 5610
1.845, 5609
1.845, 5608
1.845, 5607
1.845, 5606
1.845, 5605
1.846, 5604
1.846, 5603
1.846, 5602
1.846, 5601
1.846, 5600
1.846, 5599
1.846, 5598
1.846, 5597
1.846, 5596
1.846, 5595
1.846, 5594
1.846, 5593
1.846, 5592
1.846, 5591
1.846, 5590
1.846, 5589
1.846, 5588
1.846, 5587
1.846, 5586
1.846, 5585
1.846, 5584
1.846, 5583
1.846, 5582
1.846, 5581
1.846, 5580
1.846, 5579
1.846, 5578
1.847, 5577
1.847, 5576
1.847, 5575
1.847, 5574
1.847, 5573
1.847, 5572
1.847, 5571
1.847, 5570
1.847, 5569
1.847, 5568
1.847, 5567
1.847, 5566
1.847, 5565
1.847, 5564
1.847, 5563
1.847, 5562
1.847, 5561
1.847, 5560
1.847, 5559
1.847, 5558
1.847, 5557
1.847, 5556
1.847, 5555
1.847, 5554
1.847, 5553
1.847, 5552
1.847, 5551
1.847, 5550
1.847, 5549
1.847, 5548
1.847, 5547
1.848, 5546
1.848, 5545
1.848, 5544
1.848, 5543
1.848, 5542
1.848, 5541
1.848, 5540
1.848, 5539
1.848, 5538
1.848, 5537
1.848, 5536
1.848, 5535
1.848, 5534
1.848, 5533
1.848, 5532
1.848, 5531
1.848, 5530
1.848, 5529
1.848, 5528
1.848, 5527
1.848, 5526
1.848, 5525
1.848, 5524
1.848, 5523
1.848, 5522
1.848, 5521
1.848, 5520
1.848, 5519
1.848, 5518
1.848, 5517
1.848, 5516
1.848, 5515
1.848, 5514
1.848, 5513
1.849, 5512
1.849, 5511
1.849, 5510
1.849, 5509
1.849, 5508
1.849, 5507
1.849, 5506
1.849, 5505
1.849, 5504
1.849, 5503
1.849, 5502
1.849, 5501
1.849, 5500
1.849, 5499
1.849, 5498
1.849, 5497
1.849, 5496
1.849, 5495
1.849, 5494
1.849, 5493
1.849, 5492
1.849, 5491
1.849, 5490
1.849, 5489
1.849, 5488
1.849, 5487
1.849, 5486
1.849, 5485
1.849, 5484
1.849, 5483
1.850, 5482
1.850, 5481
1.850, 5480
1.850, 5479
1.850, 5478
1.850, 5477
1.850, 5476
1.850, 5475
1.850, 5474
1.850, 5473
1.850, 5472
1.850, 5471
1.850, 5470
1.850, 5469
1.850, 5468
1.850, 5467
1.850, 5466
1.850, 5465
1.850, 5464
1.850, 5463
1.850, 5462
1.850, 5461
1.850, 5460
1.851, 5459
1.851, 5458
1.851, 5457
1.851, 5456
1.851, 5455
1.851, 5454
1.851, 5453
1.851, 5452
1.851, 5451
1.851, 5450
1.851, 5449
1.851, 5448
1.851, 5447
1.851, 5446
1.851, 5445
1.851, 5444
1.851, 5443
1.851, 5442
1.851, 5441
1.851, 5440
1.851, 5439
1.851, 5438
1.851, 5437
1.851, 5436
1.851, 5435
1.851, 5434
1.851, 5433
1.851, 5432
1.852, 5431
1.852, 5430
1.852, 5429
1.852, 5428
1.852, 5427
1.852, 5426
1.852, 5425
1.852, 5424
1.852, 5423
1.852, 5422
1.852, 5421
1.852, 5420
1.852, 5419
1.852, 5418
1.852, 5417
1.852, 5416
1.852, 5415
1.852, 5414
1.852, 5413
1.852, 5412
1.852, 5411
1.852, 5410
1.852, 5409
1.852, 5408
1.852, 5407
1.852, 5406
1.852, 5405
1.852, 5404
1.852, 5403
1.852, 5402
1.852, 5401
1.852, 5400
1.852, 5399
1.852, 5398
1.853, 5397
1.853, 5396
1.853, 5395
1.853, 5394
1.853, 5393
1.853, 5392
1.853, 5391
1.853, 5390
1.853, 5389
1.853, 5388
1.853, 5387
1.853, 5386
1.853, 5385
1.853, 5384
1.853, 5383
1.853, 5382
1.853, 5381
1.853, 5380
1.853, 5379
1.853, 5378
1.853, 5377
1.853, 5376
1.853, 5375
1.853, 5374
1.853, 5373
1.853, 5372
1.853, 5371
1.853, 5370
1.853, 5369
1.854, 5368
1.854, 5367
1.854, 5366
1.854, 5365
1.854, 5364
1.854, 5363
1.854, 5362
1.854, 5361
1.854, 5360
1.854, 5359
1.854, 5358
1.854, 5357
1.854, 5356
1.854, 5355
1.854, 5354
1.854, 5353
1.854, 5352
1.854, 5351
1.854, 5350
1.854, 5349
1.854, 5348
1.854, 5347
1.854, 5346
1.854, 5345
1.854, 5344
1.854, 5343
1.854, 5342
1.854, 5341
1.854, 5340
1.854, 5339
1.854, 5338
1.854, 5337
1.854, 5336
1.854, 5335
1.855, 5334
1.855, 5333
1.855, 5332
1.855, 5331
1.855, 5330
1.855, 5329
1.855, 5328
1.855, 5327
1.855, 5326
1.855, 5325
1.855, 5324
1.855, 5323
1.855, 5322
1.855, 5321
1.855, 5320
1.855, 5319
1.855, 5318
1.855, 5317
1.855, 5316
1.855, 5315
1.855, 5314
1.855, 5313
1.855, 5312
1.855, 5311
1.855, 5310
1.855, 5309
1.855, 5308
1.856, 5307
1.856, 5306
1.856, 5305
1.856, 5304
1.856, 5303
1.856, 5302
1.856, 5301
1.856, 5300
1.856, 5299
1.856, 5298
1.856, 5297
1.856, 5296
1.856, 5295
1.856, 5294
1.856, 5293
1.856, 5292
1.856, 5291
1.856, 5290
1.856, 5289
1.856, 5288
1.857, 5287
1.857, 5286
1.857, 5285
1.857, 5284
1.857, 5283
1.857, 5282
1.857, 5281
1.857, 5280
1.857, 5279
1.857, 5278
1.857, 5277
1.857, 5276
1.857, 5275
1.857, 5274
1.857, 5273
1.857, 5272
1.857, 5271
1.857, 5270
1.857, 5269
1.857, 5268
1.857, 5267
1.857, 5266
1.857, 5265
1.857, 5264
1.857, 5263
1.857, 5262
1.857, 5261
1.857, 5260
1.857, 5259
1.857, 5258
1.857, 5257
1.857, 5256
1.857, 5255
1.857, 5254
1.858, 5253
1.858, 5252
1.858, 5251
1.858, 5250
1.858, 5249
1.858, 5248
1.858, 5247
1.858, 5246
1.858, 5245
1.858, 5244
1.858, 5243
1.858, 5242
1.858, 5241
1.858, 5240
1.858, 5239
1.858, 5238
1.858, 5237
1.858, 5236
1.858, 5235
1.858, 5234
1.858, 5233
1.858, 5232
1.858, 5231
1.859, 5230
1.859, 5229
1.859, 5228
1.859, 5227
1.859, 5226
1.859, 5225
1.859, 5224
1.859, 5223
1.859, 5222
1.859, 5221
1.859, 5220
1.859, 5219
1.859, 5218
1.859, 5217
1.859, 5216
1.859, 5215
1.859, 5214
1.859, 5213
1.859, 5212
1.859, 5211
1.859, 5210
1.859, 5209
1.859, 5208
1.859, 5207
1.860, 5206
1.860, 5205
1.860, 5204
1.860, 5203
1.860, 5202
1.860, 5201
1.860, 5200
1.860, 5199
1.860, 5198
1.860, 5197
1.860, 5196
1.860, 5195
1.860, 5194
1.860, 5193
1.860, 5192
1.860, 5191
1.860, 5190
1.860, 5189
1.860, 5188
1.860, 5187
1.860, 5186
1.860, 5185
1.860, 5184
1.860, 5183
1.860, 5182
1.860, 5181
1.860, 5180
1.860, 5179
1.860, 5178
1.860, 5177
1.860, 5176
1.860, 5175
1.860, 5174
1.860, 5173
1.861, 5172
1.861, 5171
1.861, 5170
1.861, 5169
1.861, 5168
1.861, 5167
1.861, 5166
1.861, 5165
1.861, 5164
1.861, 5163
1.861, 5162
1.861, 5161
1.861, 5160
1.861, 5159
1.861, 5158
1.861, 5157
1.861, 5156
1.861, 5155
1.861, 5154
1.861, 5153
1.861, 5152
1.861, 5151
1.861, 5150
1.861, 5149
1.861, 5148
1.861, 5147
1.861, 5146
1.861, 5145
1.861, 5144
1.861, 5143
1.861, 5142
1.861, 5141
1.861, 5140
1.861, 5139
1.861, 5138
1.861, 5137
1.861, 5136
1.861, 5135
1.861, 5134
1.861, 5133
1.861, 5132
1.861, 5131
1.862, 5130
1.862, 5129
1.862, 5128
1.862, 5127
1.862, 5126
1.862, 5125
1.862, 5124
1.862, 5123
1.862, 5122
1.862, 5121
1.862, 5120
1.862, 5119
1.862, 5118
1.862, 5117
1.862, 5116
1.862, 5115
1.862, 5114
1.862, 5113
1.862, 5112
1.862, 5111
1.862, 5110
1.862, 5109
1.862, 5108
1.862, 5107
1.862, 5106
1.862, 5105
1.862, 5104
1.862, 5103
1.862, 5102
1.862, 5101
1.862, 5100
1.862, 5099
1.862, 5098
1.862, 5097
1.862, 5096
1.862, 5095
1.862, 5094
1.862, 5093
1.862, 5092
1.862, 5091
1.862, 5090
1.862, 5089
1.862, 5088
1.863, 5087
1.863, 5086
1.863, 5085
1.863, 5084
1.863, 5083
1.863, 5082
1.863, 5081
1.863, 5080
1.863, 5079
1.863, 5078
1.863, 5077
1.863, 5076
1.863, 5075
1.863, 5074
1.863, 5073
1.863, 5072
1.863, 5071
1.863, 5070
1.863, 5069
1.863, 5068
1.863, 5067
1.863, 5066
1.863, 5065
1.863, 5064
1.863, 5063
1.863, 5062
1.863, 5061
1.863, 5060
1.863, 5059
1.863, 5058
1.863, 5057
1.863, 5056
1.863, 5055
1.863, 5054
1.864, 5053
1.864, 5052
1.864, 5051
1.864, 5050
1.864, 5049
1.864, 5048
1.864, 5047
1.864, 5046
1.864, 5045
1.864, 5044
1.864, 5043
1.864, 5042
1.864, 5041
1.864, 5040
1.864, 5039
1.864, 5038
1.864, 5037
1.864, 5036
1.864, 5035
1.864, 5034
1.864, 5033
1.864, 5032
1.864, 5031
1.864, 5030
1.864, 5029
1.864, 5028
1.864, 5027
1.864, 5026
1.864, 5025
1.864, 5024
1.864, 5023
1.864, 5022
1.864, 5021
1.864, 5020
1.864, 5019
1.864, 5018
1.864, 5017
1.864, 5016
1.864, 5015
1.865, 5014
1.865, 5013
1.865, 5012
1.865, 5011
1.865, 5010
1.865, 5009
1.865, 5008
1.865, 5007
1.865, 5006
1.865, 5005
1.865, 5004
1.865, 5003
1.865, 5002
1.865, 5001
1.865, 5000
1.865, 4999
1.865, 4998
1.865, 4997
1.865, 4996
1.865, 4995
1.865, 4994
1.865, 4993
1.865, 4992
1.865, 4991
1.865, 4990
1.865, 4989
1.865, 4988
1.865, 4987
1.865, 4986
1.865, 4985
1.865, 4984
1.865, 4983
1.865, 4982
1.865, 4981
1.865, 4980
1.865, 4979
1.865, 4978
1.865, 4977
1.865, 4976
1.865, 4975
1.865, 4974
1.865, 4973
1.865, 4972
1.865, 4971
1.865, 4970
1.865, 4969
1.865, 4968
1.865, 4967
1.865, 4966
1.865, 4965
1.866, 4964
1.866, 4963
1.866, 4962
1.866, 4961
1.866, 4960
1.866, 4959
1.866, 4958
1.866, 4957
1.866, 4956
1.866, 4955
1.866, 4954
1.866, 4953
1.866, 4952
1.866, 4951
1.866, 4950
1.866, 4949
1.866, 4948
1.866, 4947
1.866, 4946
1.866, 4945
1.866, 4944
1.866, 4943
1.866, 4942
1.866, 4941
1.866, 4940
1.866, 4939
1.866, 4938
1.866, 4937
1.866, 4936
1.866, 4935
1.866, 4934
1.866, 4933
1.866, 4932
1.866, 4931
1.866, 4930
1.866, 4929
1.866, 4928
1.867, 4927
1.867, 4926
1.867, 4925
1.867, 4924
1.867, 4923
1.867, 4922
1.867, 4921
1.867, 4920
1.867, 4919
1.867, 4918
1.867, 4917
1.867, 4916
1.867, 4915
1.867, 4914
1.867, 4913
1.867, 4912
1.867, 4911
1.867, 4910
1.867, 4909
1.867, 4908
1.867, 4907
1.867, 4906
1.867, 4905
1.867, 4904
1.867, 4903
1.867, 4902
1.867, 4901
1.867, 4900
1.867, 4899
1.867, 4898
1.867, 4897
1.867, 4896
1.867, 4895
1.867, 4894
1.867, 4893
1.867, 4892
1.867, 4891
1.867, 4890
1.867, 4889
1.867, 4888
1.867, 4887
1.867, 4886
1.867, 4885
1.867, 4884
1.867, 4883
1.868, 4882
1.868, 4881
1.868, 4880
1.868, 4879
1.868, 4878
1.868, 4877
1.868, 4876
1.868, 4875
1.868, 4874
1.868, 4873
1.868, 4872
1.868, 4871
1.868, 4870
1.868, 4869
1.868, 4868
1.868, 4867
1.868, 4866
1.868, 4865
1.868, 4864
1.868, 4863
1.868, 4862
1.868, 4861
1.868, 4860
1.868, 4859
1.868, 4858
1.868, 4857
1.868, 4856
1.868, 4855
1.868, 4854
1.868, 4853
1.868, 4852
1.868, 4851
1.868, 4850
1.868, 4849
1.868, 4848
1.868, 4847
1.868, 4846
1.868, 4845
1.868, 4844
1.869, 4843
1.869, 4842
1.869, 4841
1.869, 4840
1.869, 4839
1.869, 4838
1.869, 4837
1.869, 4836
1.869, 4835
1.869, 4834
1.869, 4833
1.869, 4832
1.869, 4831
1.869, 4830
1.869, 4829
1.869, 4828
1.869, 4827
1.869, 4826
1.869, 4825
1.869, 4824
1.869, 4823
1.869, 4822
1.869, 4821
1.869, 4820
1.869, 4819
1.869, 4818
1.869, 4817
1.869, 4816
1.869, 4815
1.869, 4814
1.869, 4813
1.869, 4812
1.869, 4811
1.869, 4810
1.869, 4809
1.869, 4808
1.869, 4807
1.869, 4806
1.869, 4805
1.869, 4804
1.869, 4803
1.869, 4802
1.869, 4801
1.870, 4800
1.870, 4799
1.870, 4798
1.870, 4797
1.870, 4796
1.870, 4795
1.870, 4794
1.870, 4793
1.870, 4792
1.870, 4791
1.870, 4790
1.870, 4789
1.870, 4788
1.870, 4787
1.870, 4786
1.870, 4785
1.870, 4784
1.870, 4783
1.870, 4782
1.870, 4781
1.870, 4780
1.870, 4779
1.870, 4778
1.870, 4777
1.870, 4776
1.870, 4775
1.870, 4774
1.870, 4773
1.870, 4772
1.870, 4771
1.870, 4770
1.870, 4769
1.870, 4768
1.871, 4767
1.871, 4766
1.871, 4765
1.871, 4764
1.871, 4763
1.871, 4762
1.871, 4761
1.871, 4760
1.871, 4759
1.871, 4758
1.871, 4757
1.871, 4756
1.871, 4755
1.871, 4754
1.871, 4753
1.871, 4752
1.871, 4751
1.871, 4750
1.871, 4749
1.871, 4748
1.871, 4747
1.871, 4746
1.871, 4745
1.871, 4744
1.871, 4743
1.871, 4742
1.871, 4741
1.871, 4740
1.871, 4739
1.871, 4738
1.871, 4737
1.871, 4736
1.871, 4735
1.871, 4734
1.871, 4733
1.872, 4732
1.872, 4731
1.872, 4730
1.872, 4729
1.872, 4728
1.872, 4727
1.872, 4726
1.872, 4725
1.872, 4724
1.872, 4723
1.872, 4722
1.872, 4721
1.872, 4720
1.872, 4719
1.872, 4718
1.872, 4717
1.872, 4716
1.872, 4715
1.872, 4714
1.872, 4713
1.872, 4712
1.872, 4711
1.872, 4710
1.872, 4709
1.872, 4708
1.872, 4707
1.872, 4706
1.872, 4705
1.872, 4704
1.872, 4703
1.872, 4702
1.872, 4701
1.872, 4700
1.872, 4699
1.872, 4698
1.872, 4697
1.872, 4696
1.872, 4695
1.872, 4694
1.872, 4693
1.872, 4692
1.872, 4691
1.872, 4690
1.872, 4689
1.872, 4688
1.873, 4687
1.873, 4686
1.873, 4685
1.873, 4684
1.873, 4683
1.873, 4682
1.873, 4681
1.873, 4680
1.873, 4679
1.873, 4678
1.873, 4677
1.873, 4676
1.873, 4675
1.873, 4674
1.873, 4673
1.873, 4672
1.873, 4671
1.873, 4670
1.873, 4669
1.873, 4668
1.873, 4667
1.873, 4666
1.873, 4665
1.873, 4664
1.873, 4663
1.873, 4662
1.873, 4661
1.873, 4660
1.873, 4659
1.873, 4658
1.873, 4657
1.873, 4656
1.873, 4655
1.873, 4654
1.873, 4653
1.873, 4652
1.873, 4651
1.873, 4650
1.873, 4649
1.873, 4648
1.873, 4647
1.873, 4646
1.873, 4645
1.873, 4644
1.873, 4643
1.873, 4642
1.874, 4641
1.874, 4640
1.874, 4639
1.874, 4638
1.874, 4637
1.874, 4636
1.874, 4635
1.874, 4634
1.874, 4633
1.874, 4632
1.874, 4631
1.874, 4630
1.874, 4629
1.874, 4628
1.874, 4627
1.874, 4626
1.874, 4625
1.874, 4624
1.874, 4623
1.874, 4622
1.874, 4621
1.874, 4620
1.874, 4619
1.874, 4618
1.874, 4617
1.874, 4616
1.874, 4615
1.874, 4614
1.874, 4613
1.874, 4612
1.874, 4611
1.874, 4610
1.874, 4609
1.874, 4608
1.874, 4607
1.874, 4606
1.874, 4605
1.874, 4604
1.874, 4603
1.874, 4602
1.874, 4601
1.874, 4600
1.874, 4599
1.874, 4598
1.874, 4597
1.874, 4596
1.874, 4595
1.874, 4594
1.874, 4593
1.875, 4592
1.875, 4591
1.875, 4590
1.875, 4589
1.875, 4588
1.875, 4587
1.875, 4586
1.875, 4585
1.875, 4584
1.875, 4583
1.875, 4582
1.875, 4581
1.875, 4580
1.875, 4579
1.875, 4578
1.875, 4577
1.875, 4576
1.875, 4575
1.875, 4574
1.875, 4573
1.875, 4572
1.875, 4571
1.875, 4570
1.875, 4569
1.875, 4568
1.875, 4567
1.875, 4566
1.875, 4565
1.875, 4564
1.875, 4563
1.875, 4562
1.875, 4561
1.875, 4560
1.875, 4559
1.875, 4558
1.875, 4557
1.875, 4556
1.875, 4555
1.875, 4554
1.875, 4553
1.875, 4552
1.875, 4551
1.875, 4550
1.875, 4549
1.875, 4548
1.875, 4547
1.875, 4546
1.875, 4545
1.875, 4544
1.875, 4543
1.876, 4542
1.876, 4541
1.876, 4540
1.876, 4539
1.876, 4538
1.876, 4537
1.876, 4536
1.876, 4535
1.876, 4534
1.876, 4533
1.876, 4532
1.876, 4531
1.876, 4530
1.876, 4529
1.876, 4528
1.876, 4527
1.876, 4526
1.876, 4525
1.876, 4524
1.876, 4523
1.876, 4522
1.876, 4521
1.876, 4520
1.876, 4519
1.876, 4518
1.876, 4517
1.876, 4516
1.876, 4515
1.876, 4514
1.876, 4513
1.876, 4512
1.876, 4511
1.876, 4510
1.876, 4509
1.876, 4508
1.876, 4507
1.876, 4506
1.876, 4505
1.876, 4504
1.876, 4503
1.876, 4502
1.876, 4501
1.876, 4500
1.876, 4499
1.876, 4498
1.876, 4497
1.876, 4496
1.877, 4495
1.877, 4494
1.877, 4493
1.877, 4492
1.877, 4491
1.877, 4490
1.877, 4489
1.877, 4488
1.877, 4487
1.877, 4486
1.877, 4485
1.877, 4484
1.877, 4483
1.877, 4482
1.877, 4481
1.877, 4480
1.877, 4479
1.877, 4478
1.877, 4477
1.877, 4476
1.877, 4475
1.877, 4474
1.877, 4473
1.877, 4472
1.877, 4471
1.877, 4470
1.877, 4469
1.877, 4468
1.877, 4467
1.877, 4466
1.877, 4465
1.877, 4464
1.877, 4463
1.877, 4462
1.877, 4461
1.877, 4460
1.877, 4459
1.877, 4458
1.877, 4457
1.877, 4456
1.877, 4455
1.877, 4454
1.878, 4453
1.878, 4452
1.878, 4451
1.878, 4450
1.878, 4449
1.878, 4448
1.878, 4447
1.878, 4446
1.878, 4445
1.878, 4444
1.878, 4443
1.878, 4442
1.878, 4441
1.878, 4440
1.878, 4439
1.878, 4438
1.878, 4437
1.878, 4436
1.878, 4435
1.878, 4434
1.878, 4433
1.878, 4432
1.878, 4431
1.878, 4430
1.878, 4429
1.878, 4428
1.878, 4427
1.878, 4426
1.878, 4425
1.878, 4424
1.878, 4423
1.878, 4422
1.878, 4421
1.878, 4420
1.878, 4419
1.878, 4418
1.878, 4417
1.878, 4416
1.879, 4415
1.879, 4414
1.879, 4413
1.879, 4412
1.879, 4411
1.879, 4410
1.879, 4409
1.879, 4408
1.879, 4407
1.879, 4406
1.879, 4405
1.879, 4404
1.879, 4403
1.879, 4402
1.879, 4401
1.879, 4400
1.879, 4399
1.879, 4398
1.879, 4397
1.879, 4396
1.879, 4395
1.879, 4394
1.879, 4393
1.879, 4392
1.879, 4391
1.879, 4390
1.879, 4389
1.879, 4388
1.879, 4387
1.879, 4386
1.879, 4385
1.879, 4384
1.879, 4383
1.879, 4382
1.879, 4381
1.879, 4380
1.879, 4379
1.879, 4378
1.879, 4377
1.879, 4376
1.879, 4375
1.879, 4374
1.879, 4373
1.879, 4372
1.879, 4371
1.879, 4370
1.880, 4369
1.880, 4368
1.880, 4367
1.880, 4366
1.880, 4365
1.880, 4364
1.880, 4363
1.880, 4362
1.880, 4361
1.880, 4360
1.880, 4359
1.880, 4358
1.880, 4357
1.880, 4356
1.880, 4355
1.880, 4354
1.880, 4353
1.880, 4352
1.880, 4351
1.880, 4350
1.880, 4349
1.880, 4348
1.880, 4347
1.880, 4346
1.880, 4345
1.880, 4344
1.880, 4343
1.880, 4342
1.880, 4341
1.880, 4340
1.880, 4339
1.880, 4338
1.880, 4337
1.880, 4336
1.880, 4335
1.880, 4334
1.880, 4333
1.880, 4332
1.880, 4331
1.880, 4330
1.880, 4329
1.880, 4328
1.880, 4327
1.880, 4326
1.880, 4325
1.880, 4324
1.880, 4323
1.881, 4322
1.881, 4321
1.881, 4320
1.881, 4319
1.881, 4318
1.881, 4317
1.881, 4316
1.881, 4315
1.881, 4314
1.881, 4313
1.881, 4312
1.881, 4311
1.881, 4310
1.881, 4309
1.881, 4308
1.881, 4307
1.881, 4306
1.881, 4305
1.881, 4304
1.881, 4303
1.881, 4302
1.881, 4301
1.881, 4300
1.881, 4299
1.881, 4298
1.881, 4297
1.881, 4296
1.881, 4295
1.881, 4294
1.881, 4293
1.881, 4292
1.881, 4291
1.881, 4290
1.881, 4289
1.881, 4288
1.881, 4287
1.881, 4286
1.881, 4285
1.881, 4284
1.881, 4283
1.881, 4282
1.881, 4281
1.881, 4280
1.881, 4279
1.881, 4278
1.882, 4277
1.882, 4276
1.882, 4275
1.882, 4274
1.882, 4273
1.882, 4272
1.882, 4271
1.882, 4270
1.882, 4269
1.882, 4268
1.882, 4267
1.882, 4266
1.882, 4265
1.882, 4264
1.882, 4263
1.882, 4262
1.882, 4261
1.882, 4260
1.882, 4259
1.882, 4258
1.882, 4257
1.882, 4256
1.882, 4255
1.882, 4254
1.882, 4253
1.882, 4252
1.883, 4251
1.883, 4250
1.883, 4249
1.883, 4248
1.883, 4247
1.883, 4246
1.883, 4245
1.883, 4244
1.883, 4243
1.883, 4242
1.883, 4241
1.883, 4240
1.883, 4239
1.883, 4238
1.883, 4237
1.883, 4236
1.883, 4235
1.883, 4234
1.883, 4233
1.883, 4232
1.883, 4231
1.883, 4230
1.883, 4229
1.883, 4228
1.883, 4227
1.883, 4226
1.883, 4225
1.883, 4224
1.883, 4223
1.883, 4222
1.883, 4221
1.883, 4220
1.883, 4219
1.883, 4218
1.883, 4217
1.883, 4216
1.883, 4215
1.883, 4214
1.883, 4213
1.883, 4212
1.883, 4211
1.883, 4210
1.883, 4209
1.883, 4208
1.883, 4207
1.884, 4206
1.884, 4205
1.884, 4204
1.884, 4203
1.884, 4202
1.884, 4201
1.884, 4200
1.884, 4199
1.884, 4198
1.884, 4197
1.884, 4196
1.884, 4195
1.884, 4194
1.884, 4193
1.884, 4192
1.884, 4191
1.884, 4190
1.884, 4189
1.884, 4188
1.884, 4187
1.884, 4186
1.884, 4185
1.884, 4184
1.884, 4183
1.884, 4182
1.884, 4181
1.884, 4180
1.884, 4179
1.884, 4178
1.884, 4177
1.884, 4176
1.884, 4175
1.884, 4174
1.884, 4173
1.884, 4172
1.884, 4171
1.884, 4170
1.884, 4169
1.884, 4168
1.884, 4167
1.884, 4166
1.884, 4165
1.884, 4164
1.884, 4163
1.885, 4162
1.885, 4161
1.885, 4160
1.885, 4159
1.885, 4158
1.885, 4157
1.885, 4156
1.885, 4155
1.885, 4154
1.885, 4153
1.885, 4152
1.885, 4151
1.885, 4150
1.885, 4149
1.885, 4148
1.885, 4147
1.885, 4146
1.885, 4145
1.885, 4144
1.885, 4143
1.885, 4142
1.885, 4141
1.885, 4140
1.885, 4139
1.885, 4138
1.885, 4137
1.885, 4136
1.885, 4135
1.885, 4134
1.885, 4133
1.885, 4132
1.885, 4131
1.885, 4130
1.885, 4129
1.885, 4128
1.885, 4127
1.885, 4126
1.885, 4125
1.885, 4124
1.885, 4123
1.885, 4122
1.885, 4121
1.885, 4120
1.885, 4119
1.885, 4118
1.885, 4117
1.885, 4116
1.886, 4115
1.886, 4114
1.886, 4113
1.886, 4112
1.886, 4111
1.886, 4110
1.886, 4109
1.886, 4108
1.886, 4107
1.886, 4106
1.886, 4105
1.886, 4104
1.886, 4103
1.886, 4102
1.886, 4101
1.886, 4100
1.886, 4099
1.886, 4098
1.886, 4097
1.886, 4096
1.886, 4095
1.886, 4094
1.886, 4093
1.886, 4092
1.886, 4091
1.886, 4090
1.886, 4089
1.886, 4088
1.886, 4087
1.886, 4086
1.886, 4085
1.886, 4084
1.886, 4083
1.887, 4082
1.887, 4081
1.887, 4080
1.887, 4079
1.887, 4078
1.887, 4077
1.887, 4076
1.887, 4075
1.887, 4074
1.887, 4073
1.887, 4072
1.887, 4071
1.887, 4070
1.887, 4069
1.887, 4068
1.887, 4067
1.887, 4066
1.887, 4065
1.887, 4064
1.887, 4063
1.887, 4062
1.887, 4061
1.887, 4060
1.887, 4059
1.887, 4058
1.887, 4057
1.887, 4056
1.887, 4055
1.887, 4054
1.887, 4053
1.887, 4052
1.888, 4051
1.888, 4050
1.888, 4049
1.888, 4048
1.888, 4047
1.888, 4046
1.888, 4045
1.888, 4044
1.888, 4043
1.888, 4042
1.888, 4041
1.888, 4040
1.888, 4039
1.888, 4038
1.888, 4037
1.888, 4036
1.888, 4035
1.888, 4034
1.888, 4033
1.888, 4032
1.888, 4031
1.888, 4030
1.888, 4029
1.888, 4028
1.888, 4027
1.888, 4026
1.888, 4025
1.888, 4024
1.888, 4023
1.888, 4022
1.888, 4021
1.888, 4020
1.888, 4019
1.888, 4018
1.888, 4017
1.888, 4016
1.888, 4015
1.889, 4014
1.889, 4013
1.889, 4012
1.889, 4011
1.889, 4010
1.889, 4009
1.889, 4008
1.889, 4007
1.889, 4006
1.889, 4005
1.889, 4004
1.889, 4003
1.889, 4002
1.889, 4001
1.889, 4000
1.889, 3999
1.889, 3998
1.889, 3997
1.889, 3996
1.889, 3995
1.889, 3994
1.889, 3993
1.889, 3992
1.889, 3991
1.889, 3990
1.889, 3989
1.889, 3988
1.889, 3987
1.889, 3986
1.889, 3985
1.889, 3984
1.889, 3983
1.889, 3982
1.889, 3981
1.889, 3980
1.889, 3979
1.889, 3978
1.889, 3977
1.889, 3976
1.889, 3975
1.889, 3974
1.889, 3973
1.890, 3972
1.890, 3971
1.890, 3970
1.890, 3969
1.890, 3968
1.890, 3967
1.890, 3966
1.890, 3965
1.890, 3964
1.890, 3963
1.890, 3962
1.890, 3961
1.890, 3960
1.890, 3959
1.890, 3958
1.890, 3957
1.890, 3956
1.890, 3955
1.890, 3954
1.890, 3953
1.890, 3952
1.890, 3951
1.890, 3950
1.890, 3949
1.890, 3948
1.890, 3947
1.890, 3946
1.890, 3945
1.890, 3944
1.890, 3943
1.890, 3942
1.890, 3941
1.890, 3940
1.890, 3939
1.890, 3938
1.890, 3937
1.890, 3936
1.890, 3935
1.890, 3934
1.890, 3933
1.890, 3932
1.890, 3931
1.890, 3930
1.890, 3929
1.891, 3928
1.891, 3927
1.891, 3926
1.891, 3925
1.891, 3924
1.891, 3923
1.891, 3922
1.891, 3921
1.891, 3920
1.891, 3919
1.891, 3918
1.891, 3917
1.891, 3916
1.891, 3915
1.891, 3914
1.891, 3913
1.891, 3912
1.891, 3911
1.891, 3910
1.891, 3909
1.891, 3908
1.891, 3907
1.891, 3906
1.891, 3905
1.891, 3904
1.891, 3903
1.891, 3902
1.891, 3901
1.891, 3900
1.891, 3899
1.891, 3898
1.891, 3897
1.891, 3896
1.891, 3895
1.891, 3894
1.891, 3893
1.891, 3892
1.891, 3891
1.891, 3890
1.891, 3889
1.892, 3888
1.892, 3887
1.892, 3886
1.892, 3885
1.892, 3884
1.892, 3883
1.892, 3882
1.892, 3881
1.892, 3880
1.892, 3879
1.892, 3878
1.892, 3877
1.892, 3876
1.892, 3875
1.892, 3874
1.892, 3873
1.892, 3872
1.892, 3871
1.892, 3870
1.892, 3869
1.892, 3868
1.892, 3867
1.892, 3866
1.892, 3865
1.892, 3864
1.892, 3863
1.892, 3862
1.892, 3861
1.892, 3860
1.892, 3859
1.892, 3858
1.892, 3857
1.892, 3856
1.892, 3855
1.892, 3854
1.892, 3853
1.892, 3852
1.892, 3851
1.893, 3850
1.893, 3849
1.893, 3848
1.893, 3847
1.893, 3846
1.893, 3845
1.893, 3844
1.893, 3843
1.893, 3842
1.893, 3841
1.893, 3840
1.893, 3839
1.893, 3838
1.893, 3837
1.893, 3836
1.893, 3835
1.893, 3834
1.893, 3833
1.893, 3832
1.893, 3831
1.893, 3830
1.893, 3829
1.893, 3828
1.893, 3827
1.893, 3826
1.893, 3825
1.893, 3824
1.893, 3823
1.893, 3822
1.893, 3821
1.893, 3820
1.893, 3819
1.893, 3818
1.893, 3817
1.893, 3816
1.893, 3815
1.894, 3814
1.894, 3813
1.894, 3812
1.894, 3811
1.894, 3810
1.894, 3809
1.894, 3808
1.894, 3807
1.894, 3806
1.894, 3805
1.894, 3804
1.894, 3803
1.894, 3802
1.894, 3801
1.894, 3800
1.894, 3799
1.894, 3798
1.894, 3797
1.894, 3796
1.894, 3795
1.894, 3794
1.894, 3793
1.894, 3792
1.894, 3791
1.894, 3790
1.894, 3789
1.894, 3788
1.894, 3787
1.894, 3786
1.894, 3785
1.894, 3784
1.894, 3783
1.894, 3782
1.894, 3781
1.894, 3780
1.894, 3779
1.894, 3778
1.894, 3777
1.894, 3776
1.894, 3775
1.894, 3774
1.894, 3773
1.894, 3772
1.894, 3771
1.894, 3770
1.894, 3769
1.894, 3768
1.894, 3767
1.894, 3766
1.894, 3765
1.894, 3764
1.895, 3763
1.895, 3762
1.895, 3761
1.895, 3760
1.895, 3759
1.895, 3758
1.895, 3757
1.895, 3756
1.895, 3755
1.895, 3754
1.895, 3753
1.895, 3752
1.895, 3751
1.895, 3750
1.895, 3749
1.895, 3748
1.895, 3747
1.895, 3746
1.895, 3745
1.895, 3744
1.895, 3743
1.895, 3742
1.895, 3741
1.895, 3740
1.895, 3739
1.895, 3738
1.895, 3737
1.895, 3736
1.895, 3735
1.895, 3734
1.895, 3733
1.895, 3732
1.895, 3731
1.895, 3730
1.895, 3729
1.895, 3728
1.895, 3727
1.895, 3726
1.895, 3725
1.895, 3724
1.895, 3723
1.895, 3722
1.895, 3721
1.895, 3720
1.896, 3719
1.896, 3718
1.896, 3717
1.896, 3716
1.896, 3715
1.896, 3714
1.896, 3713
1.896, 3712
1.896, 3711
1.896, 3710
1.896, 3709
1.896, 3708
1.896, 3707
1.896, 3706
1.896, 3705
1.896, 3704
1.896, 3703
1.896, 3702
1.896, 3701
1.896, 3700
1.896, 3699
1.896, 3698
1.896, 3697
1.896, 3696
1.896, 3695
1.896, 3694
1.896, 3693
1.896, 3692
1.896, 3691
1.897, 3690
1.897, 3689
1.897, 3688
1.897, 3687
1.897, 3686
1.897, 3685
1.897, 3684
1.897, 3683
1.897, 3682
1.897, 3681
1.897, 3680
1.897, 3679
1.897, 3678
1.897, 3677
1.897, 3676
1.897, 3675
1.897, 3674
1.897, 3673
1.897, 3672
1.897, 3671
1.897, 3670
1.897, 3669
1.897, 3668
1.897, 3667
1.897, 3666
1.897, 3665
1.897, 3664
1.897, 3663
1.897, 3662
1.897, 3661
1.897, 3660
1.897, 3659
1.897, 3658
1.897, 3657
1.897, 3656
1.897, 3655
1.897, 3654
1.897, 3653
1.897, 3652
1.897, 3651
1.897, 3650
1.897, 3649
1.897, 3648
1.897, 3647
1.897, 3646
1.897, 3645
1.898, 3644
1.898, 3643
1.898, 3642
1.898, 3641
1.898, 3640
1.898, 3639
1.898, 3638
1.898, 3637
1.898, 3636
1.898, 3635
1.898, 3634
1.898, 3633
1.898, 3632
1.898, 3631
1.898, 3630
1.898, 3629
1.898, 3628
1.898, 3627
1.898, 3626
1.898, 3625
1.898, 3624
1.898, 3623
1.898, 3622
1.898, 3621
1.898, 3620
1.898, 3619
1.898, 3618
1.898, 3617
1.898, 3616
1.898, 3615
1.898, 3614
1.898, 3613
1.898, 3612
1.898, 3611
1.898, 3610
1.898, 3609
1.898, 3608
1.898, 3607
1.898, 3606
1.898, 3605
1.898, 3604
1.898, 3603
1.898, 3602
1.898, 3601
1.899, 3600
1.899, 3599
1.899, 3598
1.899, 3597
1.899, 3596
1.899, 3595
1.899, 3594
1.899, 3593
1.899, 3592
1.899, 3591
1.899, 3590
1.899, 3589
1.899, 3588
1.899, 3587
1.899, 3586
1.899, 3585
1.899, 3584
1.899, 3583
1.899, 3582
1.899, 3581
1.899, 3580
1.899, 3579
1.899, 3578
1.899, 3577
1.899, 3576
1.899, 3575
1.899, 3574
1.899, 3573
1.899, 3572
1.899, 3571
1.899, 3570
1.899, 3569
1.899, 3568
1.899, 3567
1.899, 3566
1.899, 3565
1.899, 3564
1.900, 3563
1.900, 3562
1.900, 3561
1.900, 3560
1.900, 3559
1.900, 3558
1.900, 3557
1.900, 3556
1.900, 3555
1.900, 3554
1.900, 3553
1.900, 3552
1.900, 3551
1.900, 3550
1.900, 3549
1.900, 3548
1.900, 3547
1.900, 3546
1.900, 3545
1.900, 3544
1.900, 3543
1.900, 3542
1.900, 3541
1.900, 3540
1.900, 3539
1.900, 3538
1.900, 3537
1.900, 3536
1.900, 3535
1.900, 3534
1.900, 3533
1.900, 3532
1.900, 3531
1.900, 3530
1.900, 3529
1.901, 3528
1.901, 3527
1.901, 3526
1.901, 3525
1.901, 3524
1.901, 3523
1.901, 3522
1.901, 3521
1.901, 3520
1.901, 3519
1.901, 3518
1.901, 3517
1.901, 3516
1.901, 3515
1.901, 3514
1.901, 3513
1.901, 3512
1.901, 3511
1.901, 3510
1.901, 3509
1.901, 3508
1.901, 3507
1.901, 3506
1.901, 3505
1.901, 3504
1.901, 3503
1.901, 3502
1.901, 3501
1.901, 3500
1.901, 3499
1.901, 3498
1.901, 3497
1.901, 3496
1.901, 3495
1.901, 3494
1.901, 3493
1.901, 3492
1.901, 3491
1.901, 3490
1.901, 3489
1.901, 3488
1.901, 3487
1.901, 3486
1.901, 3485
1.902, 3484
1.902, 3483
1.902, 3482
1.902, 3481
1.902, 3480
1.902, 3479
1.902, 3478
1.902, 3477
1.902, 3476
1.902, 3475
1.902, 3474
1.902, 3473
1.902, 3472
1.902, 3471
1.902, 3470
1.902, 3469
1.902, 3468
1.902, 3467
1.902, 3466
1.902, 3465
1.902, 3464
1.902, 3463
1.902, 3462
1.902, 3461
1.902, 3460
1.902, 3459
1.902, 3458
1.902, 3457
1.902, 3456
1.902, 3455
1.902, 3454
1.902, 3453
1.902, 3452
1.902, 3451
1.902, 3450
1.902, 3449
1.902, 3448
1.902, 3447
1.902, 3446
1.902, 3445
1.902, 3444
1.902, 3443
1.902, 3442
1.903, 3441
1.903, 3440
1.903, 3439
1.903, 3438
1.903, 3437
1.903, 3436
1.903, 3435
1.903, 3434
1.903, 3433
1.903, 3432
1.903, 3431
1.903, 3430
1.903, 3429
1.903, 3428
1.903, 3427
1.903, 3426
1.903, 3425
1.903, 3424
1.903, 3423
1.903, 3422
1.903, 3421
1.903, 3420
1.903, 3419
1.903, 3418
1.903, 3417
1.903, 3416
1.903, 3415
1.903, 3414
1.903, 3413
1.903, 3412
1.903, 3411
1.904, 3410
1.904, 3409
1.904, 3408
1.904, 3407
1.904, 3406
1.904, 3405
1.904, 3404
1.904, 3403
1.904, 3402
1.904, 3401
1.904, 3400
1.904, 3399
1.904, 3398
1.904, 3397
1.904, 3396
1.904, 3395
1.904, 3394
1.904, 3393
1.904, 3392
1.904, 3391
1.904, 3390
1.904, 3389
1.904, 3388
1.904, 3387
1.904, 3386
1.904, 3385
1.904, 3384
1.904, 3383
1.904, 3382
1.904, 3381
1.904, 3380
1.904, 3379
1.904, 3378
1.904, 3377
1.904, 3376
1.904, 3375
1.904, 3374
1.904, 3373
1.904, 3372
1.905, 3371
1.905, 3370
1.905, 3369
1.905, 3368
1.905, 3367
1.905, 3366
1.905, 3365
1.905, 3364
1.905, 3363
1.905, 3362
1.905, 3361
1.905, 3360
1.905, 3359
1.905, 3358
1.905, 3357
1.905, 3356
1.905, 3355
1.905, 3354
1.905, 3353
1.905, 3352
1.905, 3351
1.905, 3350
1.905, 3349
1.905, 3348
1.905, 3347
1.905, 3346
1.905, 3345
