1.695, 6430
1.709, 6429
1.709, 6428
1.710, 6427
1.710, 6426
1.710, 6425
1.711, 6424
1.711, 6423
1.712, 6422
1.712, 6421
1.712, 6420
1.712, 6419
1.712, 6418
1.713, 6417
1.713, 6416
1.713, 6415
1.714, 6414
1.714, 6413
1.714, 6412
1.714, 6411
1.715, 6410
1.715, 6409
1.715, 6408
1.715, 6407
1.716, 6406
1.716, 6405
1.716, 6404
1.716, 6403
1.717, 6402
1.717, 6401
1.717, 6400
1.717, 6399
1.718, 6398
1.718, 6397
1.718, 6396
1.718, 6395
1.719, 6394
1.719, 6393
1.719, 6392
1.719, 6391
1.719, 6390
1.719, 6389
1.719, 6388
1.720, 6387
1.720, 6386
1.720, 6385
1.720, 6384
1.720, 6383
1.720, 6382
1.720, 6381
1.721, 6380
1.721, 6379
1.721, 6378
1.721, 6377
1.721, 6376
1.721, 6375
1.721, 6374
1.721, 6373
1.721, 6372
1.721, 6371
1.722, 6370
1.722, 6369
1.722, 6368
1.722, 6367
1.722, 6366
1.722, 6365
1.722, 6364
1.722, 6363
1.723, 6362
1.723, 6361
1.723, 6360
1.723, 6359
1.723, 6358
1.723, 6357
1.723, 6356
1.723, 6355
1.723, 6354
1.723, 6353
1.724, 6352
1.724, 6351
1.724, 6350
1.724, 6349
1.724, 6348
1.724, 6347
1.724, 6346
1.724, 6345
1.724, 6344
1.724, 6343
1.724, 6342
1.725, 6341
1.725, 6340
1.725, 6339
1.725, 6338
1.725, 6337
1.725, 6336
1.725, 6335
1.725, 6334
1.725, 6333
1.725, 6332
1.725, 6331
1.726, 6330
1.726, 6329
1.726, 6328
1.726, 6327
1.726, 6326
1.726, 6325
1.726, 6324
1.726, 6323
1.726, 6322
1.726, 6321
1.726, 6320
1.726, 6319
1.726, 6318
1.727, 6317
1.727, 6316
1.727, 6315
1.727, 6314
1.727, 6313
1.727, 6312
1.727, 6311
1.727, 6310
1.727, 6309
1.727, 6308
1.728, 6307
1.728, 6306
1.728, 6305
1.728, 6304
1.728, 6303
1.728, 6302
1.728, 6301
1.728, 6300
1.728, 6299
1.729, 6298
1.729, 6297
1.729, 6296
1.729, 6295
1.729, 6294
1.729, 6293
1.729, 6292
1.729, 6291
1.729, 6290
1.729, 6289
1.729, 6288
1.730, 6287
1.730, 6286
1.730, 6285
1.730, 6284
1.730, 6283
1.730, 6282
1.730, 6281
1.730, 6280
1.730, 6279
1.730, 6278
1.730, 6277
1.730, 6276
1.730, 6275
1.731, 6274
1.731, 6273
1.731, 6272
1.731, 6271
1.731, 6270
1.731, 6269
1.731, 6268
1.731, 6267
1.731, 6266
1.731, 6265
1.731, 6264
1.732, 6263
1.732, 6262
1.732, 6261
1.732, 6260
1.732, 6259
1.732, 6258
1.732, 6257
1.732, 6256
1.732, 6255
1.732, 6254
1.732, 6253
1.733, 6252
1.733, 6251
1.733, 6250
1.733, 6249
1.733, 6248
1.733, 6247
1.733, 6246
1.733, 6245
1.733, 6244
1.733, 6243
1.733, 6242
1.734, 6241
1.734, 6240
1.734, 6239
1.735, 6238
1.735, 6237
1.735, 6236
1.735, 6235
1.735, 6234
1.735, 6233
1.735, 6232
1.735, 6231
1.735, 6230
1.735, 6229
1.736, 6228
1.736, 6227
1.736, 6226
1.736, 6225
1.736, 6224
1.736, 6223
1.736, 6222
1.736, 6221
1.736, 6220
1.736, 6219
1.736, 6218
1.736, 6217
1.736, 6216
1.736, 6215
1.737, 6214
1.737, 6213
1.737, 6212
1.737, 6211
1.737, 6210
1.737, 6209
1.737, 6208
1.737, 6207
1.737, 6206
1.737, 6205
1.737, 6204
1.737, 6203
1.737, 6202
1.738, 6201
1.738, 6200
1.738, 6199
1.738, 6198
1.738, 6197
1.738, 6196
1.738, 6195
1.738, 6194
1.738, 6193
1.738, 6192
1.738, 6191
1.738, 6190
1.738, 6189
1.738, 6188
1.739, 6187
1.739, 6186
1.739, 6185
1.739, 6184
1.739, 6183
1.739, 6182
1.739, 6181
1.739, 6180
1.739, 6179
1.739, 6178
1.739, 6177
1.739, 6176
1.739, 6175
1.739, 6174
1.740, 6173
1.740, 6172
1.740, 6171
1.740, 6170
1.740, 6169
1.740, 6168
1.740, 6167
1.740, 6166
1.740, 6165
1.740, 6164
1.740, 6163
1.740, 6162
1.740, 6161
1.741, 6160
1.741, 6159
1.741, 6158
1.741, 6157
1.741, 6156
1.741, 6155
1.741, 6154
1.741, 6153
1.741, 6152
1.741, 6151
1.741, 6150
1.741, 6149
1.741, 6148
1.741, 6147
1.741, 6146
1.741, 6145
1.741, 6144
1.742, 6143
1.742, 6142
1.742, 6141
1.742, 6140
1.742, 6139
1.742, 6138
1.742, 6137
1.742, 6136
1.742, 6135
1.742, 6134
1.742, 6133
1.742, 6132
1.743, 6131
1.743, 6130
1.743, 6129
1.743, 6128
1.743, 6127
1.743, 6126
1.743, 6125
1.743, 6124
1.743, 6123
1.743, 6122
1.743, 6121
1.743, 6120
1.743, 6119
1.743, 6118
1.743, 6117
1.744, 6116
1.744, 6115
1.744, 6114
1.744, 6113
1.744, 6112
1.744, 6111
1.744, 6110
1.744, 6109
1.744, 6108
1.744, 6107
1.744, 6106
1.744, 6105
1.745, 6104
1.745, 6103
1.745, 6102
1.745, 6101
1.745, 6100
1.745, 6099
1.745, 6098
1.745, 6097
1.745, 6096
1.745, 6095
1.745, 6094
1.745, 6093
1.745, 6092
1.745, 6091
1.745, 6090
1.745, 6089
1.746, 6088
1.746, 6087
1.746, 6086
1.746, 6085
1.746, 6084
1.746, 6083
1.746, 6082
1.746, 6081
1.746, 6080
1.746, 6079
1.746, 6078
1.746, 6077
1.746, 6076
1.746, 6075
1.746, 6074
1.746, 6073
1.746, 6072
1.747, 6071
1.747, 6070
1.747, 6069
1.747, 6068
1.747, 6067
1.747, 6066
1.747, 6065
1.747, 6064
1.747, 6063
1.747, 6062
1.747, 6061
1.747, 6060
1.747, 6059
1.747, 6058
1.747, 6057
1.747, 6056
1.748, 6055
1.748, 6054
1.748, 6053
1.748, 6052
1.748, 6051
1.748, 6050
1.748, 6049
1.749, 6048
1.749, 6047
1.749, 6046
1.749, 6045
1.749, 6044
1.750, 6043
1.750, 6042
1.750, 6041
1.750, 6040
1.750, 6039
1.750, 6038
1.750, 6037
1.750, 6036
1.750, 6035
1.750, 6034
1.750, 6033
1.750, 6032
1.750, 6031
1.750, 6030
1.750, 6029
1.750, 6028
1.750, 6027
1.750, 6026
1.751, 6025
1.751, 6024
1.751, 6023
1.751, 6022
1.751, 6021
1.751, 6020
1.751, 6019
1.751, 6018
1.751, 6017
1.751, 6016
1.751, 6015
1.751, 6014
1.751, 6013
1.751, 6012
1.751, 6011
1.751, 6010
1.751, 6009
1.751, 6008
1.751, 6007
1.751, 6006
1.751, 6005
1.751, 6004
1.751, 6003
1.752, 6002
1.752, 6001
1.752, 6000
1.752, 5999
1.752, 5998
1.752, 5997
1.752, 5996
1.752, 5995
1.752, 5994
1.752, 5993
1.752, 5992
1.752, 5991
1.752, 5990
1.752, 5989
1.752, 5988
1.752, 5987
1.752, 5986
1.753, 5985
1.753, 5984
1.753, 5983
1.753, 5982
1.753, 5981
1.753, 5980
1.753, 5979
1.753, 5978
1.753, 5977
1.753, 5976
1.753, 5975
1.753, 5974
1.753, 5973
1.753, 5972
1.753, 5971
1.753, 5970
1.753, 5969
1.753, 5968
1.754, 5967
1.754, 5966
1.754, 5965
1.754, 5964
1.754, 5963
1.754, 5962
1.754, 5961
1.754, 5960
1.754, 5959
1.754, 5958
1.754, 5957
1.754, 5956
1.754, 5955
1.754, 5954
1.754, 5953
1.754, 5952
1.754, 5951
1.754, 5950
1.754, 5949
1.755, 5948
1.755, 5947
1.755, 5946
1.755, 5945
1.755, 5944
1.755, 5943
1.755, 5942
1.755, 5941
1.755, 5940
1.755, 5939
1.755, 5938
1.755, 5937
1.755, 5936
1.755, 5935
1.755, 5934
1.755, 5933
1.755, 5932
1.755, 5931
1.755, 5930
1.756, 5929
1.756, 5928
1.756, 5927
1.756, 5926
1.756, 5925
1.756, 5924
1.756, 5923
1.756, 5922
1.756, 5921
1.756, 5920
1.756, 5919
1.756, 5918
1.756, 5917
1.756, 5916
1.756, 5915
1.756, 5914
1.756, 5913
1.757, 5912
1.757, 5911
1.757, 5910
1.757, 5909
1.757, 5908
1.757, 5907
1.757, 5906
1.757, 5905
1.757, 5904
1.757, 5903
1.757, 5902
1.757, 5901
1.757, 5900
1.757, 5899
1.757, 5898
1.757, 5897
1.757, 5896
1.757, 5895
1.758, 5894
1.758, 5893
1.758, 5892
1.758, 5891
1.758, 5890
1.758, 5889
1.758, 5888
1.758, 5887
1.758, 5886
1.758, 5885
1.758, 5884
1.758, 5883
1.758, 5882
1.758, 5881
1.758, 5880
1.758, 5879
1.758, 5878
1.758, 5877
1.758, 5876
1.758, 5875
1.758, 5874
1.758, 5873
1.758, 5872
1.759, 5871
1.759, 5870
1.759, 5869
1.759, 5868
1.759, 5867
1.759, 5866
1.759, 5865
1.759, 5864
1.759, 5863
1.759, 5862
1.759, 5861
1.759, 5860
1.759, 5859
1.759, 5858
1.759, 5857
1.759, 5856
1.759, 5855
1.759, 5854
1.759, 5853
1.759, 5852
1.759, 5851
1.759, 5850
1.759, 5849
1.760, 5848
1.760, 5847
1.760, 5846
1.760, 5845
1.760, 5844
1.760, 5843
1.760, 5842
1.760, 5841
1.760, 5840
1.760, 5839
1.760, 5838
1.760, 5837
1.760, 5836
1.760, 5835
1.760, 5834
1.760, 5833
1.760, 5832
1.760, 5831
1.760, 5830
1.760, 5829
1.760, 5828
1.760, 5827
1.760, 5826
1.760, 5825
1.760, 5824
1.761, 5823
1.761, 5822
1.761, 5821
1.761, 5820
1.761, 5819
1.761, 5818
1.761, 5817
1.761, 5816
1.761, 5815
1.761, 5814
1.761, 5813
1.761, 5812
1.761, 5811
1.761, 5810
1.761, 5809
1.761, 5808
1.761, 5807
1.761, 5806
1.761, 5805
1.761, 5804
1.761, 5803
1.762, 5802
1.762, 5801
1.762, 5800
1.762, 5799
1.762, 5798
1.762, 5797
1.762, 5796
1.762, 5795
1.762, 5794
1.762, 5793
1.762, 5792
1.762, 5791
1.762, 5790
1.762, 5789
1.762, 5788
1.762, 5787
1.762, 5786
1.762, 5785
1.762, 5784
1.762, 5783
1.762, 5782
1.762, 5781
1.762, 5780
1.763, 5779
1.763, 5778
1.763, 5777
1.763, 5776
1.763, 5775
1.763, 5774
1.763, 5773
1.763, 5772
1.763, 5771
1.763, 5770
1.763, 5769
1.763, 5768
1.763, 5767
1.763, 5766
1.763, 5765
1.763, 5764
1.763, 5763
1.763, 5762
1.763, 5761
1.763, 5760
1.763, 5759
1.763, 5758
1.764, 5757
1.764, 5756
1.764, 5755
1.764, 5754
1.764, 5753
1.764, 5752
1.764, 5751
1.764, 5750
1.764, 5749
1.764, 5748
1.764, 5747
1.764, 5746
1.764, 5745
1.764, 5744
1.764, 5743
1.764, 5742
1.764, 5741
1.765, 5740
1.765, 5739
1.765, 5738
1.765, 5737
1.765, 5736
1.765, 5735
1.765, 5734
1.765, 5733
1.765, 5732
1.765, 5731
1.765, 5730
1.765, 5729
1.765, 5728
1.765, 5727
1.765, 5726
1.765, 5725
1.765, 5724
1.765, 5723
1.765, 5722
1.765, 5721
1.765, 5720
1.765, 5719
1.766, 5718
1.766, 5717
1.766, 5716
1.766, 5715
1.766, 5714
1.766, 5713
1.766, 5712
1.766, 5711
1.766, 5710
1.766, 5709
1.766, 5708
1.766, 5707
1.766, 5706
1.766, 5705
1.766, 5704
1.766, 5703
1.766, 5702
1.766, 5701
1.766, 5700
1.766, 5699
1.766, 5698
1.767, 5697
1.767, 5696
1.767, 5695
1.767, 5694
1.767, 5693
1.767, 5692
1.767, 5691
1.767, 5690
1.767, 5689
1.767, 5688
1.767, 5687
1.767, 5686
1.767, 5685
1.767, 5684
1.767, 5683
1.767, 5682
1.767, 5681
1.767, 5680
1.767, 5679
1.767, 5678
1.767, 5677
1.767, 5676
1.767, 5675
1.767, 5674
1.767, 5673
1.768, 5672
1.768, 5671
1.768, 5670
1.768, 5669
1.768, 5668
1.768, 5667
1.768, 5666
1.768, 5665
1.768, 5664
1.768, 5663
1.768, 5662
1.768, 5661
1.768, 5660
1.768, 5659
1.768, 5658
1.768, 5657
1.768, 5656
1.768, 5655
1.768, 5654
1.768, 5653
1.768, 5652
1.768, 5651
1.769, 5650
1.769, 5649
1.769, 5648
1.769, 5647
1.769, 5646
1.769, 5645
1.769, 5644
1.769, 5643
1.769, 5642
1.769, 5641
1.769, 5640
1.769, 5639
1.769, 5638
1.769, 5637
1.769, 5636
1.769, 5635
1.769, 5634
1.769, 5633
1.769, 5632
1.769, 5631
1.769, 5630
1.769, 5629
1.769, 5628
1.769, 5627
1.770, 5626
1.770, 5625
1.770, 5624
1.770, 5623
1.770, 5622
1.770, 5621
1.770, 5620
1.770, 5619
1.770, 5618
1.770, 5617
1.770, 5616
1.770, 5615
1.770, 5614
1.770, 5613
1.770, 5612
1.770, 5611
1.770, 5610
1.770, 5609
1.770, 5608
1.770, 5607
1.770, 5606
1.770, 5605
1.770, 5604
1.770, 5603
1.770, 5602
1.770, 5601
1.770, 5600
1.770, 5599
1.770, 5598
1.770, 5597
1.770, 5596
1.771, 5595
1.771, 5594
1.771, 5593
1.771, 5592
1.771, 5591
1.771, 5590
1.771, 5589
1.771, 5588
1.771, 5587
1.771, 5586
1.771, 5585
1.771, 5584
1.771, 5583
1.771, 5582
1.771, 5581
1.771, 5580
1.771, 5579
1.771, 5578
1.771, 5577
1.771, 5576
1.771, 5575
1.771, 5574
1.771, 5573
1.771, 5572
1.771, 5571
1.771, 5570
1.771, 5569
1.772, 5568
1.772, 5567
1.772, 5566
1.772, 5565
1.772, 5564
1.772, 5563
1.772, 5562
1.772, 5561
1.772, 5560
1.772, 5559
1.772, 5558
1.772, 5557
1.772, 5556
1.772, 5555
1.772, 5554
1.772, 5553
1.772, 5552
1.772, 5551
1.772, 5550
1.772, 5549
1.772, 5548
1.772, 5547
1.772, 5546
1.772, 5545
1.772, 5544
1.772, 5543
1.772, 5542
1.773, 5541
1.773, 5540
1.773, 5539
1.773, 5538
1.773, 5537
1.773, 5536
1.773, 5535
1.773, 5534
1.773, 5533
1.773, 5532
1.773, 5531
1.773, 5530
1.773, 5529
1.773, 5528
1.773, 5527
1.773, 5526
1.773, 5525
1.773, 5524
1.773, 5523
1.773, 5522
1.773, 5521
1.773, 5520
1.773, 5519
1.774, 5518
1.774, 5517
1.774, 5516
1.774, 5515
1.774, 5514
1.774, 5513
1.774, 5512
1.774, 5511
1.774, 5510
1.774, 5509
1.774, 5508
1.774, 5507
1.774, 5506
1.774, 5505
1.774, 5504
1.774, 5503
1.774, 5502
1.774, 5501
1.774, 5500
1.774, 5499
1.774, 5498
1.774, 5497
1.774, 5496
1.774, 5495
1.774, 5494
1.774, 5493
1.774, 5492
1.775, 5491
1.775, 5490
1.775, 5489
1.775, 5488
1.775, 5487
1.775, 5486
1.775, 5485
1.775, 5484
1.775, 5483
1.775, 5482
1.775, 5481
1.775, 5480
1.775, 5479
1.775, 5478
1.775, 5477
1.775, 5476
1.775, 5475
1.775, 5474
1.775, 5473
1.775, 5472
1.775, 5471
1.775, 5470
1.775, 5469
1.775, 5468
1.775, 5467
1.775, 5466
1.775, 5465
1.775, 5464
1.776, 5463
1.776, 5462
1.776, 5461
1.776, 5460
1.776, 5459
1.776, 5458
1.776, 5457
1.776, 5456
1.776, 5455
1.776, 5454
1.776, 5453
1.776, 5452
1.776, 5451
1.776, 5450
1.776, 5449
1.776, 5448
1.776, 5447
1.776, 5446
1.776, 5445
1.776, 5444
1.776, 5443
1.776, 5442
1.777, 5441
1.777, 5440
1.777, 5439
1.777, 5438
1.777, 5437
1.777, 5436
1.777, 5435
1.777, 5434
1.777, 5433
1.777, 5432
1.777, 5431
1.777, 5430
1.777, 5429
1.777, 5428
1.777, 5427
1.777, 5426
1.777, 5425
1.777, 5424
1.777, 5423
1.777, 5422
1.777, 5421
1.777, 5420
1.777, 5419
1.777, 5418
1.778, 5417
1.778, 5416
1.778, 5415
1.778, 5414
1.778, 5413
1.778, 5412
1.778, 5411
1.778, 5410
1.778, 5409
1.778, 5408
1.778, 5407
1.778, 5406
1.778, 5405
1.778, 5404
1.778, 5403
1.778, 5402
1.778, 5401
1.778, 5400
1.778, 5399
1.778, 5398
1.778, 5397
1.778, 5396
1.778, 5395
1.778, 5394
1.778, 5393
1.778, 5392
1.779, 5391
1.779, 5390
1.779, 5389
1.779, 5388
1.779, 5387
1.779, 5386
1.779, 5385
1.779, 5384
1.779, 5383
1.779, 5382
1.779, 5381
1.779, 5380
1.779, 5379
1.779, 5378
1.779, 5377
1.779, 5376
1.779, 5375
1.779, 5374
1.779, 5373
1.779, 5372
1.779, 5371
1.779, 5370
1.779, 5369
1.779, 5368
1.779, 5367
1.779, 5366
1.779, 5365
1.779, 5364
1.780, 5363
1.780, 5362
1.780, 5361
1.780, 5360
1.780, 5359
1.780, 5358
1.780, 5357
1.780, 5356
1.780, 5355
1.780, 5354
1.780, 5353
1.780, 5352
1.780, 5351
1.780, 5350
1.780, 5349
1.780, 5348
1.780, 5347
1.780, 5346
1.780, 5345
1.780, 5344
1.780, 5343
1.780, 5342
1.780, 5341
1.780, 5340
1.780, 5339
1.780, 5338
1.781, 5337
1.781, 5336
1.781, 5335
1.781, 5334
1.781, 5333
1.781, 5332
1.781, 5331
1.781, 5330
1.781, 5329
1.781, 5328
1.781, 5327
1.781, 5326
1.781, 5325
1.781, 5324
1.781, 5323
1.781, 5322
1.781, 5321
1.781, 5320
1.781, 5319
1.781, 5318
1.781, 5317
1.781, 5316
1.781, 5315
1.782, 5314
1.782, 5313
1.782, 5312
1.782, 5311
1.782, 5310
1.782, 5309
1.782, 5308
1.782, 5307
1.782, 5306
1.782, 5305
1.782, 5304
1.782, 5303
1.782, 5302
1.782, 5301
1.782, 5300
1.782, 5299
1.782, 5298
1.782, 5297
1.782, 5296
1.782, 5295
1.782, 5294
1.782, 5293
1.782, 5292
1.782, 5291
1.782, 5290
1.782, 5289
1.783, 5288
1.783, 5287
1.783, 5286
1.783, 5285
1.783, 5284
1.783, 5283
1.783, 5282
1.783, 5281
1.783, 5280
1.783, 5279
1.783, 5278
1.783, 5277
1.783, 5276
1.783, 5275
1.783, 5274
1.783, 5273
1.783, 5272
1.783, 5271
1.783, 5270
1.783, 5269
1.783, 5268
1.783, 5267
1.783, 5266
1.784, 5265
1.784, 5264
1.784, 5263
1.784, 5262
1.784, 5261
1.784, 5260
1.784, 5259
1.784, 5258
1.784, 5257
1.784, 5256
1.784, 5255
1.784, 5254
1.784, 5253
1.784, 5252
1.784, 5251
1.784, 5250
1.784, 5249
1.784, 5248
1.784, 5247
1.784, 5246
1.784, 5245
1.784, 5244
1.784, 5243
1.784, 5242
1.785, 5241
1.785, 5240
1.785, 5239
1.785, 5238
1.785, 5237
1.785, 5236
1.785, 5235
1.785, 5234
1.785, 5233
1.785, 5232
1.785, 5231
1.785, 5230
1.785, 5229
1.785, 5228
1.785, 5227
1.785, 5226
1.785, 5225
1.785, 5224
1.786, 5223
1.786, 5222
1.786, 5221
1.786, 5220
1.786, 5219
1.786, 5218
1.786, 5217
1.786, 5216
1.786, 5215
1.786, 5214
1.786, 5213
1.786, 5212
1.786, 5211
1.786, 5210
1.786, 5209
1.786, 5208
1.786, 5207
1.786, 5206
1.786, 5205
1.786, 5204
1.786, 5203
1.786, 5202
1.786, 5201
1.786, 5200
1.786, 5199
1.786, 5198
1.786, 5197
1.787, 5196
1.787, 5195
1.787, 5194
1.787, 5193
1.787, 5192
1.787, 5191
1.787, 5190
1.787, 5189
1.787, 5188
1.787, 5187
1.787, 5186
1.787, 5185
1.787, 5184
1.787, 5183
1.787, 5182
1.787, 5181
1.787, 5180
1.787, 5179
1.787, 5178
1.787, 5177
1.787, 5176
1.787, 5175
1.787, 5174
1.787, 5173
1.787, 5172
1.787, 5171
1.787, 5170
1.788, 5169
1.788, 5168
1.788, 5167
1.788, 5166
1.788, 5165
1.788, 5164
1.788, 5163
1.788, 5162
1.788, 5161
1.788, 5160
1.788, 5159
1.788, 5158
1.788, 5157
1.788, 5156
1.788, 5155
1.788, 5154
1.788, 5153
1.788, 5152
1.788, 5151
1.788, 5150
1.788, 5149
1.788, 5148
1.788, 5147
1.788, 5146
1.788, 5145
1.788, 5144
1.788, 5143
1.789, 5142
1.789, 5141
1.789, 5140
1.789, 5139
1.789, 5138
1.789, 5137
1.789, 5136
1.789, 5135
1.789, 5134
1.789, 5133
1.789, 5132
1.789, 5131
1.789, 5130
1.789, 5129
1.789, 5128
1.789, 5127
1.789, 5126
1.789, 5125
1.789, 5124
1.789, 5123
1.789, 5122
1.789, 5121
1.789, 5120
1.789, 5119
1.789, 5118
1.789, 5117
1.790, 5116
1.790, 5115
1.790, 5114
1.790, 5113
1.790, 5112
1.790, 5111
1.790, 5110
1.790, 5109
1.790, 5108
1.790, 5107
1.790, 5106
1.790, 5105
1.790, 5104
1.790, 5103
1.790, 5102
1.790, 5101
1.790, 5100
1.790, 5099
1.790, 5098
1.790, 5097
1.790, 5096
1.790, 5095
1.790, 5094
1.790, 5093
1.791, 5092
1.791, 5091
1.791, 5090
1.791, 5089
1.791, 5088
1.791, 5087
1.791, 5086
1.791, 5085
1.791, 5084
1.791, 5083
1.791, 5082
1.791, 5081
1.791, 5080
1.791, 5079
1.791, 5078
1.791, 5077
1.791, 5076
1.791, 5075
1.791, 5074
1.791, 5073
1.791, 5072
1.791, 5071
1.791, 5070
1.791, 5069
1.791, 5068
1.792, 5067
1.792, 5066
1.792, 5065
1.792, 5064
1.792, 5063
1.792, 5062
1.792, 5061
1.792, 5060
1.792, 5059
1.792, 5058
1.792, 5057
1.792, 5056
1.792, 5055
1.792, 5054
1.792, 5053
1.792, 5052
1.793, 5051
1.793, 5050
1.793, 5049
1.793, 5048
1.793, 5047
1.793, 5046
1.793, 5045
1.793, 5044
1.793, 5043
1.793, 5042
1.793, 5041
1.793, 5040
1.793, 5039
1.793, 5038
1.793, 5037
1.793, 5036
1.793, 5035
1.793, 5034
1.793, 5033
1.793, 5032
1.793, 5031
1.793, 5030
1.793, 5029
1.793, 5028
1.793, 5027
1.793, 5026
1.793, 5025
1.793, 5024
1.793, 5023
1.794, 5022
1.794, 5021
1.794, 5020
1.794, 5019
1.794, 5018
1.794, 5017
1.794, 5016
1.794, 5015
1.794, 5014
1.794, 5013
1.794, 5012
1.794, 5011
1.794, 5010
1.794, 5009
1.794, 5008
1.794, 5007
1.794, 5006
1.794, 5005
1.794, 5004
1.794, 5003
1.795, 5002
1.795, 5001
1.795, 5000
1.795, 4999
1.795, 4998
1.795, 4997
1.795, 4996
1.795, 4995
1.795, 4994
1.795, 4993
1.795, 4992
1.795, 4991
1.795, 4990
1.795, 4989
1.795, 4988
1.795, 4987
1.795, 4986
1.795, 4985
1.795, 4984
1.795, 4983
1.795, 4982
1.796, 4981
1.796, 4980
1.796, 4979
1.796, 4978
1.796, 4977
1.796, 4976
1.796, 4975
1.796, 4974
1.796, 4973
1.796, 4972
1.796, 4971
1.796, 4970
1.796, 4969
1.796, 4968
1.796, 4967
1.796, 4966
1.796, 4965
1.796, 4964
1.796, 4963
1.796, 4962
1.796, 4961
1.796, 4960
1.796, 4959
1.796, 4958
1.797, 4957
1.797, 4956
1.797, 4955
1.797, 4954
1.797, 4953
1.797, 4952
1.797, 4951
1.797, 4950
1.797, 4949
1.797, 4948
1.797, 4947
1.797, 4946
1.797, 4945
1.797, 4944
1.797, 4943
1.797, 4942
1.797, 4941
1.797, 4940
1.797, 4939
1.797, 4938
1.797, 4937
1.797, 4936
1.797, 4935
1.797, 4934
1.798, 4933
1.798, 4932
1.798, 4931
1.798, 4930
1.798, 4929
1.798, 4928
1.798, 4927
1.798, 4926
1.798, 4925
1.798, 4924
1.798, 4923
1.798, 4922
1.798, 4921
1.798, 4920
1.798, 4919
1.798, 4918
1.798, 4917
1.798, 4916
1.798, 4915
1.798, 4914
1.798, 4913
1.799, 4912
1.799, 4911
1.799, 4910
1.799, 4909
1.799, 4908
1.799, 4907
1.799, 4906
1.799, 4905
1.799, 4904
1.799, 4903
1.799, 4902
1.799, 4901
1.799, 4900
1.799, 4899
1.799, 4898
1.799, 4897
1.799, 4896
1.799, 4895
1.799, 4894
1.799, 4893
1.799, 4892
1.799, 4891
1.799, 4890
1.800, 4889
1.800, 4888
1.800, 4887
1.800, 4886
1.800, 4885
1.800, 4884
1.800, 4883
1.800, 4882
1.800, 4881
1.800, 4880
1.800, 4879
1.800, 4878
1.800, 4877
1.800, 4876
1.800, 4875
1.800, 4874
1.800, 4873
1.800, 4872
1.800, 4871
1.800, 4870
1.800, 4869
1.800, 4868
1.801, 4867
1.801, 4866
1.801, 4865
1.801, 4864
1.801, 4863
1.801, 4862
1.801, 4861
1.801, 4860
1.801, 4859
1.801, 4858
1.801, 4857
1.801, 4856
1.801, 4855
1.801, 4854
1.801, 4853
1.801, 4852
1.801, 4851
1.801, 4850
1.801, 4849
1.801, 4848
1.801, 4847
1.801, 4846
1.802, 4845
1.802, 4844
1.802, 4843
1.802, 4842
1.802, 4841
1.802, 4840
1.802, 4839
1.802, 4838
1.802, 4837
1.802, 4836
1.802, 4835
1.802, 4834
1.802, 4833
1.802, 4832
1.802, 4831
1.802, 4830
1.802, 4829
1.802, 4828
1.803, 4827
1.803, 4826
1.803, 4825
1.803, 4824
1.803, 4823
1.803, 4822
1.803, 4821
1.803, 4820
1.803, 4819
1.803, 4818
1.803, 4817
1.803, 4816
1.803, 4815
1.803, 4814
1.803, 4813
1.803, 4812
1.803, 4811
1.803, 4810
1.803, 4809
1.803, 4808
1.803, 4807
1.803, 4806
1.804, 4805
1.804, 4804
1.804, 4803
1.804, 4802
1.804, 4801
1.804, 4800
1.804, 4799
1.804, 4798
1.804, 4797
1.804, 4796
1.804, 4795
1.804, 4794
1.804, 4793
1.804, 4792
1.804, 4791
1.804, 4790
1.804, 4789
1.804, 4788
1.804, 4787
1.804, 4786
1.804, 4785
1.804, 4784
1.804, 4783
1.804, 4782
1.805, 4781
1.805, 4780
1.805, 4779
1.805, 4778
1.805, 4777
1.805, 4776
1.805, 4775
1.805, 4774
1.805, 4773
1.805, 4772
1.805, 4771
1.805, 4770
1.805, 4769
1.805, 4768
1.805, 4767
1.805, 4766
1.805, 4765
1.805, 4764
1.805, 4763
1.805, 4762
1.805, 4761
1.805, 4760
1.805, 4759
1.806, 4758
1.806, 4757
1.806, 4756
1.806, 4755
1.806, 4754
1.806, 4753
1.806, 4752
1.806, 4751
1.806, 4750
1.806, 4749
1.806, 4748
1.806, 4747
1.806, 4746
1.806, 4745
1.806, 4744
1.806, 4743
1.806, 4742
1.807, 4741
1.807, 4740
1.807, 4739
1.807, 4738
1.807, 4737
1.807, 4736
1.807, 4735
1.807, 4734
1.807, 4733
1.807, 4732
1.807, 4731
1.807, 4730
1.807, 4729
1.807, 4728
1.807, 4727
1.807, 4726
1.807, 4725
1.807, 4724
1.807, 4723
1.807, 4722
1.807, 4721
1.808, 4720
1.808, 4719
1.808, 4718
1.808, 4717
1.808, 4716
1.808, 4715
1.808, 4714
1.808, 4713
1.808, 4712
1.808, 4711
1.808, 4710
1.808, 4709
1.808, 4708
1.808, 4707
1.808, 4706
1.808, 4705
1.808, 4704
1.808, 4703
1.808, 4702
1.808, 4701
1.808, 4700
1.808, 4699
1.808, 4698
1.809, 4697
1.809, 4696
1.809, 4695
1.809, 4694
1.809, 4693
1.809, 4692
1.809, 4691
1.809, 4690
1.809, 4689
1.809, 4688
1.809, 4687
1.809, 4686
1.809, 4685
1.809, 4684
1.809, 4683
1.809, 4682
1.809, 4681
1.809, 4680
1.809, 4679
1.809, 4678
1.809, 4677
1.809, 4676
1.809, 4675
1.809, 4674
1.809, 4673
1.809, 4672
1.809, 4671
1.810, 4670
1.810, 4669
1.810, 4668
1.810, 4667
1.810, 4666
1.810, 4665
1.810, 4664
1.810, 4663
1.810, 4662
1.810, 4661
1.810, 4660
1.810, 4659
1.810, 4658
1.810, 4657
1.810, 4656
1.810, 4655
1.810, 4654
1.810, 4653
1.810, 4652
1.811, 4651
1.811, 4650
1.811, 4649
1.811, 4648
1.811, 4647
1.811, 4646
1.811, 4645
1.811, 4644
1.811, 4643
1.811, 4642
1.811, 4641
1.811, 4640
1.811, 4639
1.811, 4638
1.811, 4637
1.811, 4636
1.811, 4635
1.811, 4634
1.811, 4633
1.811, 4632
1.811, 4631
1.811, 4630
1.811, 4629
1.811, 4628
1.811, 4627
1.811, 4626
1.811, 4625
1.812, 4624
1.812, 4623
1.812, 4622
1.812, 4621
1.812, 4620
1.812, 4619
1.812, 4618
1.812, 4617
1.812, 4616
1.812, 4615
1.812, 4614
1.812, 4613
1.812, 4612
1.812, 4611
1.812, 4610
1.812, 4609
1.812, 4608
1.812, 4607
1.812, 4606
1.812, 4605
1.813, 4604
1.813, 4603
1.813, 4602
1.813, 4601
1.813, 4600
1.813, 4599
1.813, 4598
1.813, 4597
1.813, 4596
1.813, 4595
1.813, 4594
1.813, 4593
1.813, 4592
1.813, 4591
1.813, 4590
1.813, 4589
1.813, 4588
1.813, 4587
1.813, 4586
1.813, 4585
1.813, 4584
1.813, 4583
1.814, 4582
1.814, 4581
1.814, 4580
1.814, 4579
1.814, 4578
1.814, 4577
1.814, 4576
1.814, 4575
1.814, 4574
1.814, 4573
1.814, 4572
1.814, 4571
1.814, 4570
1.814, 4569
1.814, 4568
1.814, 4567
1.814, 4566
1.814, 4565
1.814, 4564
1.814, 4563
1.814, 4562
1.815, 4561
1.815, 4560
1.815, 4559
1.815, 4558
1.815, 4557
1.815, 4556
1.815, 4555
1.815, 4554
1.815, 4553
1.815, 4552
1.815, 4551
1.815, 4550
1.815, 4549
1.815, 4548
1.815, 4547
1.815, 4546
1.815, 4545
1.815, 4544
1.815, 4543
1.815, 4542
1.815, 4541
1.816, 4540
1.816, 4539
1.816, 4538
1.816, 4537
1.816, 4536
1.816, 4535
1.816, 4534
1.816, 4533
1.816, 4532
1.816, 4531
1.816, 4530
1.816, 4529
1.816, 4528
1.816, 4527
1.816, 4526
1.816, 4525
1.816, 4524
1.816, 4523
1.816, 4522
1.816, 4521
1.816, 4520
1.816, 4519
1.816, 4518
1.816, 4517
1.817, 4516
1.817, 4515
1.817, 4514
1.817, 4513
1.817, 4512
1.817, 4511
1.817, 4510
1.817, 4509
1.817, 4508
1.817, 4507
1.817, 4506
1.817, 4505
1.817, 4504
1.817, 4503
1.817, 4502
1.817, 4501
1.817, 4500
1.817, 4499
1.817, 4498
1.817, 4497
1.817, 4496
1.818, 4495
1.818, 4494
1.818, 4493
1.818, 4492
1.818, 4491
1.818, 4490
1.818, 4489
1.818, 4488
1.818, 4487
1.818, 4486
1.818, 4485
1.818, 4484
1.818, 4483
1.818, 4482
1.818, 4481
1.818, 4480
1.818, 4479
1.818, 4478
1.818, 4477
1.818, 4476
1.819, 4475
1.819, 4474
1.819, 4473
1.819, 4472
1.819, 4471
1.819, 4470
1.819, 4469
1.819, 4468
1.819, 4467
1.819, 4466
1.819, 4465
1.819, 4464
1.819, 4463
1.819, 4462
1.819, 4461
1.819, 4460
1.819, 4459
1.819, 4458
1.819, 4457
1.819, 4456
1.819, 4455
1.819, 4454
1.819, 4453
1.819, 4452
1.820, 4451
1.820, 4450
1.820, 4449
1.820, 4448
1.820, 4447
1.820, 4446
1.820, 4445
1.820, 4444
1.820, 4443
1.820, 4442
1.820, 4441
1.820, 4440
1.820, 4439
1.820, 4438
1.820, 4437
1.820, 4436
1.820, 4435
1.820, 4434
1.820, 4433
1.820, 4432
1.820, 4431
1.820, 4430
1.820, 4429
1.820, 4428
1.821, 4427
1.821, 4426
1.821, 4425
1.821, 4424
1.821, 4423
1.821, 4422
1.821, 4421
1.821, 4420
1.821, 4419
1.821, 4418
1.821, 4417
1.821, 4416
1.821, 4415
1.821, 4414
1.821, 4413
1.821, 4412
1.821, 4411
1.821, 4410
1.821, 4409
1.821, 4408
1.821, 4407
1.821, 4406
1.821, 4405
1.821, 4404
1.822, 4403
1.822, 4402
1.822, 4401
1.822, 4400
1.822, 4399
1.822, 4398
1.822, 4397
1.822, 4396
1.822, 4395
1.822, 4394
1.822, 4393
1.822, 4392
1.822, 4391
1.822, 4390
1.822, 4389
1.822, 4388
1.822, 4387
1.822, 4386
1.822, 4385
1.822, 4384
1.822, 4383
1.823, 4382
1.823, 4381
1.823, 4380
1.823, 4379
1.823, 4378
1.823, 4377
1.823, 4376
1.823, 4375
1.823, 4374
1.823, 4373
1.823, 4372
1.823, 4371
1.823, 4370
1.823, 4369
1.823, 4368
1.823, 4367
1.823, 4366
1.824, 4365
1.824, 4364
1.824, 4363
1.824, 4362
1.824, 4361
1.824, 4360
1.824, 4359
1.824, 4358
1.824, 4357
1.824, 4356
1.824, 4355
1.824, 4354
1.824, 4353
1.824, 4352
1.824, 4351
1.824, 4350
1.824, 4349
1.824, 4348
1.824, 4347
1.824, 4346
1.825, 4345
1.825, 4344
1.825, 4343
1.825, 4342
1.825, 4341
1.825, 4340
1.825, 4339
1.825, 4338
1.825, 4337
1.825, 4336
1.825, 4335
1.825, 4334
1.825, 4333
1.825, 4332
1.825, 4331
1.825, 4330
1.825, 4329
1.825, 4328
1.825, 4327
1.825, 4326
1.825, 4325
1.825, 4324
1.826, 4323
1.826, 4322
1.826, 4321
1.826, 4320
1.826, 4319
1.826, 4318
1.826, 4317
1.826, 4316
1.826, 4315
1.826, 4314
1.826, 4313
1.826, 4312
1.826, 4311
1.826, 4310
1.826, 4309
1.826, 4308
1.826, 4307
1.826, 4306
1.826, 4305
1.826, 4304
1.826, 4303
1.826, 4302
1.826, 4301
1.826, 4300
1.826, 4299
1.826, 4298
1.827, 4297
1.827, 4296
1.827, 4295
1.827, 4294
1.827, 4293
1.827, 4292
1.827, 4291
1.827, 4290
1.827, 4289
1.827, 4288
1.827, 4287
1.827, 4286
1.827, 4285
1.827, 4284
1.827, 4283
1.827, 4282
1.827, 4281
1.827, 4280
1.827, 4279
1.827, 4278
1.827, 4277
1.827, 4276
1.828, 4275
1.828, 4274
1.828, 4273
1.828, 4272
1.828, 4271
1.828, 4270
1.828, 4269
1.828, 4268
1.828, 4267
1.828, 4266
1.828, 4265
1.828, 4264
1.828, 4263
1.828, 4262
1.828, 4261
1.828, 4260
1.828, 4259
1.828, 4258
1.828, 4257
1.828, 4256
1.828, 4255
1.828, 4254
1.829, 4253
1.829, 4252
1.829, 4251
1.829, 4250
1.829, 4249
1.829, 4248
1.829, 4247
1.829, 4246
1.829, 4245
1.829, 4244
1.829, 4243
1.829, 4242
1.829, 4241
1.829, 4240
1.829, 4239
1.829, 4238
1.829, 4237
1.829, 4236
1.829, 4235
1.829, 4234
1.829, 4233
1.829, 4232
1.829, 4231
1.829, 4230
1.829, 4229
1.829, 4228
1.830, 4227
1.830, 4226
1.830, 4225
1.830, 4224
1.830, 4223
1.830, 4222
1.830, 4221
1.830, 4220
1.830, 4219
1.830, 4218
1.830, 4217
1.830, 4216
1.830, 4215
1.830, 4214
1.830, 4213
1.830, 4212
1.830, 4211
1.831, 4210
1.831, 4209
1.831, 4208
1.831, 4207
1.831, 4206
1.831, 4205
1.831, 4204
1.831, 4203
1.831, 4202
1.831, 4201
1.831, 4200
1.831, 4199
1.831, 4198
1.831, 4197
1.831, 4196
1.831, 4195
1.831, 4194
1.831, 4193
1.831, 4192
1.831, 4191
1.831, 4190
1.831, 4189
1.832, 4188
1.832, 4187
1.832, 4186
1.832, 4185
1.832, 4184
1.832, 4183
1.832, 4182
1.832, 4181
1.832, 4180
1.832, 4179
1.832, 4178
1.832, 4177
1.832, 4176
1.832, 4175
1.832, 4174
1.832, 4173
1.832, 4172
1.832, 4171
1.832, 4170
1.832, 4169
1.832, 4168
1.832, 4167
1.832, 4166
1.833, 4165
1.833, 4164
1.833, 4163
1.833, 4162
1.833, 4161
1.833, 4160
1.833, 4159
1.833, 4158
1.833, 4157
1.833, 4156
1.833, 4155
1.833, 4154
1.833, 4153
1.833, 4152
1.833, 4151
1.833, 4150
1.833, 4149
1.833, 4148
1.833, 4147
1.833, 4146
1.833, 4145
1.833, 4144
1.833, 4143
1.833, 4142
1.834, 4141
1.834, 4140
1.834, 4139
1.834, 4138
1.834, 4137
1.834, 4136
1.834, 4135
1.834, 4134
1.834, 4133
1.834, 4132
1.834, 4131
1.834, 4130
1.834, 4129
1.834, 4128
1.834, 4127
1.834, 4126
1.834, 4125
1.834, 4124
1.834, 4123
1.834, 4122
1.834, 4121
1.834, 4120
1.834, 4119
1.835, 4118
1.835, 4117
1.835, 4116
1.835, 4115
1.835, 4114
1.835, 4113
1.835, 4112
1.835, 4111
1.835, 4110
1.835, 4109
1.835, 4108
1.835, 4107
1.835, 4106
1.835, 4105
1.835, 4104
1.835, 4103
1.835, 4102
1.835, 4101
1.835, 4100
1.835, 4099
1.835, 4098
1.835, 4097
1.835, 4096
1.835, 4095
1.836, 4094
1.836, 4093
1.836, 4092
1.836, 4091
1.836, 4090
1.836, 4089
1.836, 4088
1.836, 4087
1.836, 4086
1.836, 4085
1.836, 4084
1.836, 4083
1.836, 4082
1.836, 4081
1.836, 4080
1.836, 4079
1.836, 4078
1.836, 4077
1.836, 4076
1.836, 4075
1.836, 4074
1.836, 4073
1.836, 4072
1.836, 4071
1.836, 4070
1.837, 4069
1.837, 4068
1.837, 4067
1.837, 4066
1.837, 4065
1.837, 4064
1.837, 4063
1.837, 4062
1.837, 4061
1.837, 4060
1.837, 4059
1.837, 4058
1.837, 4057
1.837, 4056
1.837, 4055
1.837, 4054
1.837, 4053
1.837, 4052
1.837, 4051
1.837, 4050
1.837, 4049
1.837, 4048
1.837, 4047
1.838, 4046
1.838, 4045
1.838, 4044
1.838, 4043
1.838, 4042
1.838, 4041
1.838, 4040
1.838, 4039
1.838, 4038
1.838, 4037
1.838, 4036
1.838, 4035
1.838, 4034
1.838, 4033
1.838, 4032
1.838, 4031
1.838, 4030
1.838, 4029
1.838, 4028
1.838, 4027
1.838, 4026
1.838, 4025
1.838, 4024
1.838, 4023
1.839, 4022
1.839, 4021
1.839, 4020
1.839, 4019
1.839, 4018
1.839, 4017
1.839, 4016
1.839, 4015
1.839, 4014
1.839, 4013
1.839, 4012
1.839, 4011
1.839, 4010
1.839, 4009
1.839, 4008
1.839, 4007
1.839, 4006
1.839, 4005
1.839, 4004
1.839, 4003
1.839, 4002
1.840, 4001
1.840, 4000
1.840, 3999
1.840, 3998
1.840, 3997
1.840, 3996
1.840, 3995
1.840, 3994
1.840, 3993
1.840, 3992
1.840, 3991
1.840, 3990
1.840, 3989
1.840, 3988
1.840, 3987
1.840, 3986
1.840, 3985
1.840, 3984
1.840, 3983
1.840, 3982
1.841, 3981
1.841, 3980
1.841, 3979
1.841, 3978
1.841, 3977
1.841, 3976
1.841, 3975
1.841, 3974
1.841, 3973
1.841, 3972
1.841, 3971
1.841, 3970
1.841, 3969
1.841, 3968
1.841, 3967
1.841, 3966
1.841, 3965
1.841, 3964
1.841, 3963
1.842, 3962
1.842, 3961
1.842, 3960
1.842, 3959
1.842, 3958
1.842, 3957
1.842, 3956
1.842, 3955
1.842, 3954
1.842, 3953
1.842, 3952
1.842, 3951
1.842, 3950
1.842, 3949
1.842, 3948
1.842, 3947
1.842, 3946
1.842, 3945
1.842, 3944
1.842, 3943
1.842, 3942
1.842, 3941
1.842, 3940
1.843, 3939
1.843, 3938
1.843, 3937
1.843, 3936
1.843, 3935
1.843, 3934
1.843, 3933
1.843, 3932
1.843, 3931
1.843, 3930
1.843, 3929
1.843, 3928
1.843, 3927
1.843, 3926
1.843, 3925
1.843, 3924
1.843, 3923
1.843, 3922
1.843, 3921
1.843, 3920
1.843, 3919
1.843, 3918
1.843, 3917
1.844, 3916
1.844, 3915
1.844, 3914
1.844, 3913
1.844, 3912
1.844, 3911
1.844, 3910
1.844, 3909
1.844, 3908
1.844, 3907
1.844, 3906
1.844, 3905
1.844, 3904
1.844, 3903
1.844, 3902
1.844, 3901
1.844, 3900
1.844, 3899
1.844, 3898
1.844, 3897
1.844, 3896
1.844, 3895
1.844, 3894
1.845, 3893
1.845, 3892
1.845, 3891
1.845, 3890
1.845, 3889
1.845, 3888
1.845, 3887
1.845, 3886
1.845, 3885
1.845, 3884
1.845, 3883
1.845, 3882
1.845, 3881
1.845, 3880
1.845, 3879
1.845, 3878
1.845, 3877
1.845, 3876
1.845, 3875
1.845, 3874
1.845, 3873
1.845, 3872
1.845, 3871
1.846, 3870
1.846, 3869
1.846, 3868
1.846, 3867
1.846, 3866
1.846, 3865
1.846, 3864
1.846, 3863
1.846, 3862
1.846, 3861
1.846, 3860
1.846, 3859
1.846, 3858
1.846, 3857
1.846, 3856
1.846, 3855
1.846, 3854
1.846, 3853
1.846, 3852
1.847, 3851
1.847, 3850
1.847, 3849
1.847, 3848
1.847, 3847
1.847, 3846
1.847, 3845
1.847, 3844
1.847, 3843
1.847, 3842
1.847, 3841
1.847, 3840
1.847, 3839
1.847, 3838
1.847, 3837
1.847, 3836
1.847, 3835
1.847, 3834
1.847, 3833
1.847, 3832
1.847, 3831
1.847, 3830
1.848, 3829
1.848, 3828
1.848, 3827
1.848, 3826
1.848, 3825
1.848, 3824
1.848, 3823
1.848, 3822
1.848, 3821
1.848, 3820
1.848, 3819
1.848, 3818
1.848, 3817
1.848, 3816
1.848, 3815
1.848, 3814
1.848, 3813
1.848, 3812
1.848, 3811
1.848, 3810
1.848, 3809
1.849, 3808
1.849, 3807
1.849, 3806
1.849, 3805
1.849, 3804
1.849, 3803
1.849, 3802
1.849, 3801
1.849, 3800
1.849, 3799
1.849, 3798
1.849, 3797
1.849, 3796
1.849, 3795
1.849, 3794
1.849, 3793
1.849, 3792
1.849, 3791
1.849, 3790
1.849, 3789
1.849, 3788
1.849, 3787
1.850, 3786
1.850, 3785
1.850, 3784
1.850, 3783
1.850, 3782
1.850, 3781
1.850, 3780
1.850, 3779
1.850, 3778
1.850, 3777
1.850, 3776
1.850, 3775
1.850, 3774
1.850, 3773
1.850, 3772
1.850, 3771
1.850, 3770
1.850, 3769
1.850, 3768
1.850, 3767
1.850, 3766
1.850, 3765
1.850, 3764
1.851, 3763
1.851, 3762
1.851, 3761
1.851, 3760
1.851, 3759
1.851, 3758
1.851, 3757
1.851, 3756
1.851, 3755
1.851, 3754
1.851, 3753
1.851, 3752
1.851, 3751
1.851, 3750
1.851, 3749
1.851, 3748
1.851, 3747
1.851, 3746
1.851, 3745
1.851, 3744
1.851, 3743
1.851, 3742
1.852, 3741
1.852, 3740
1.852, 3739
1.852, 3738
1.852, 3737
1.852, 3736
1.852, 3735
1.852, 3734
1.852, 3733
1.852, 3732
1.852, 3731
1.852, 3730
1.852, 3729
1.852, 3728
1.852, 3727
1.852, 3726
1.852, 3725
1.852, 3724
1.852, 3723
1.852, 3722
1.853, 3721
1.853, 3720
1.853, 3719
1.853, 3718
1.853, 3717
1.853, 3716
1.853, 3715
1.853, 3714
1.853, 3713
1.853, 3712
1.853, 3711
1.853, 3710
1.853, 3709
1.853, 3708
1.853, 3707
1.853, 3706
1.853, 3705
1.853, 3704
1.853, 3703
1.853, 3702
1.853, 3701
1.853, 3700
1.854, 3699
1.854, 3698
1.854, 3697
1.854, 3696
1.854, 3695
1.854, 3694
1.854, 3693
1.854, 3692
1.854, 3691
1.854, 3690
1.854, 3689
1.854, 3688
1.854, 3687
1.854, 3686
1.855, 3685
1.855, 3684
1.855, 3683
1.855, 3682
1.855, 3681
1.855, 3680
1.855, 3679
1.855, 3678
1.855, 3677
1.855, 3676
1.855, 3675
1.855, 3674
1.855, 3673
1.855, 3672
1.855, 3671
1.855, 3670
1.855, 3669
1.855, 3668
1.855, 3667
1.855, 3666
1.855, 3665
1.856, 3664
1.856, 3663
1.856, 3662
1.856, 3661
1.856, 3660
1.856, 3659
1.856, 3658
1.856, 3657
1.856, 3656
1.856, 3655
1.856, 3654
1.856, 3653
1.856, 3652
1.856, 3651
1.856, 3650
1.856, 3649
1.856, 3648
1.856, 3647
1.856, 3646
1.856, 3645
1.856, 3644
1.857, 3643
1.857, 3642
1.857, 3641
1.857, 3640
1.857, 3639
1.857, 3638
1.857, 3637
1.857, 3636
1.857, 3635
1.857, 3634
1.857, 3633
1.857, 3632
1.857, 3631
1.857, 3630
1.857, 3629
1.857, 3628
1.857, 3627
1.857, 3626
1.857, 3625
1.857, 3624
1.857, 3623
1.857, 3622
1.858, 3621
1.858, 3620
1.858, 3619
1.858, 3618
1.858, 3617
1.858, 3616
1.858, 3615
1.858, 3614
1.858, 3613
1.858, 3612
1.858, 3611
1.858, 3610
1.858, 3609
1.858, 3608
1.858, 3607
1.858, 3606
1.859, 3605
1.859, 3604
1.859, 3603
1.859, 3602
1.859, 3601
1.859, 3600
1.859, 3599
1.859, 3598
1.859, 3597
1.859, 3596
1.859, 3595
1.859, 3594
1.859, 3593
1.859, 3592
1.859, 3591
1.859, 3590
1.859, 3589
1.859, 3588
1.859, 3587
1.859, 3586
1.859, 3585
1.859, 3584
1.859, 3583
1.860, 3582
1.860, 3581
1.860, 3580
1.860, 3579
1.860, 3578
1.860, 3577
1.860, 3576
1.860, 3575
1.860, 3574
1.860, 3573
1.860, 3572
1.860, 3571
1.860, 3570
1.860, 3569
1.860, 3568
1.860, 3567
1.860, 3566
1.860, 3565
1.860, 3564
1.860, 3563
1.860, 3562
1.860, 3561
1.861, 3560
1.861, 3559
1.861, 3558
1.861, 3557
1.861, 3556
1.861, 3555
1.861, 3554
1.861, 3553
1.861, 3552
1.861, 3551
1.861, 3550
1.861, 3549
1.861, 3548
1.861, 3547
1.861, 3546
1.861, 3545
1.861, 3544
1.861, 3543
1.861, 3542
1.861, 3541
1.862, 3540
1.862, 3539
1.862, 3538
1.862, 3537
1.862, 3536
1.862, 3535
1.862, 3534
1.862, 3533
1.862, 3532
1.862, 3531
1.862, 3530
1.862, 3529
1.862, 3528
1.862, 3527
1.862, 3526
1.862, 3525
1.862, 3524
1.862, 3523
1.862, 3522
1.862, 3521
1.863, 3520
1.863, 3519
1.863, 3518
1.863, 3517
1.863, 3516
1.863, 3515
1.863, 3514
1.863, 3513
1.863, 3512
1.863, 3511
1.863, 3510
1.863, 3509
1.863, 3508
1.863, 3507
1.863, 3506
1.863, 3505
1.863, 3504
1.863, 3503
1.864, 3502
1.864, 3501
1.864, 3500
1.864, 3499
1.864, 3498
1.864, 3497
1.864, 3496
1.864, 3495
1.864, 3494
1.864, 3493
1.864, 3492
1.864, 3491
1.864, 3490
1.864, 3489
1.864, 3488
1.864, 3487
1.864, 3486
1.864, 3485
1.864, 3484
1.864, 3483
1.864, 3482
1.864, 3481
1.865, 3480
1.865, 3479
1.865, 3478
1.865, 3477
1.865, 3476
1.865, 3475
1.865, 3474
1.865, 3473
1.865, 3472
1.865, 3471
1.865, 3470
1.865, 3469
1.865, 3468
1.865, 3467
1.865, 3466
1.865, 3465
1.865, 3464
1.866, 3463
1.866, 3462
1.866, 3461
1.866, 3460
1.866, 3459
1.866, 3458
1.866, 3457
1.866, 3456
1.866, 3455
1.866, 3454
1.866, 3453
1.866, 3452
1.866, 3451
1.866, 3450
1.866, 3449
1.866, 3448
1.866, 3447
1.866, 3446
1.866, 3445
1.867, 3444
1.867, 3443
1.867, 3442
1.867, 3441
1.867, 3440
1.867, 3439
1.867, 3438
1.867, 3437
1.867, 3436
1.867, 3435
1.867, 3434
1.867, 3433
1.867, 3432
1.867, 3431
1.867, 3430
1.867, 3429
1.867, 3428
1.867, 3427
1.868, 3426
1.868, 3425
1.868, 3424
1.868, 3423
1.868, 3422
1.868, 3421
1.868, 3420
1.868, 3419
1.868, 3418
1.868, 3417
1.868, 3416
1.868, 3415
1.868, 3414
1.868, 3413
1.868, 3412
1.868, 3411
1.868, 3410
1.868, 3409
1.868, 3408
1.868, 3407
1.868, 3406
1.868, 3405
1.869, 3404
1.869, 3403
1.869, 3402
1.869, 3401
1.869, 3400
1.869, 3399
1.869, 3398
1.869, 3397
1.869, 3396
1.869, 3395
1.869, 3394
1.869, 3393
1.869, 3392
1.869, 3391
1.870, 3390
1.870, 3389
1.870, 3388
1.870, 3387
1.870, 3386
1.870, 3385
1.870, 3384
1.870, 3383
1.870, 3382
1.870, 3381
1.870, 3380
1.870, 3379
1.870, 3378
1.870, 3377
1.870, 3376
1.870, 3375
1.870, 3374
1.870, 3373
1.871, 3372
1.871, 3371
1.871, 3370
1.871, 3369
1.871, 3368
1.871, 3367
1.871, 3366
1.871, 3365
1.871, 3364
1.871, 3363
1.871, 3362
1.871, 3361
1.871, 3360
1.871, 3359
1.871, 3358
1.871, 3357
1.871, 3356
1.871, 3355
1.871, 3354
1.871, 3353
1.871, 3352
1.872, 3351
1.872, 3350
1.872, 3349
1.872, 3348
1.872, 3347
1.872, 3346
1.872, 3345
1.872, 3344
1.872, 3343
1.872, 3342
