1.771, 6412
1.785, 6411
1.786, 6410
1.787, 6409
1.787, 6408
1.788, 6407
1.788, 6406
1.789, 6405
1.789, 6404
1.790, 6403
1.790, 6402
1.790, 6401
1.791, 6400
1.791, 6399
1.791, 6398
1.792, 6397
1.792, 6396
1.792, 6395
1.793, 6394
1.793, 6393
1.793, 6392
1.793, 6391
1.794, 6390
1.794, 6389
1.794, 6388
1.795, 6387
1.795, 6386
1.795, 6385
1.795, 6384
1.796, 6383
1.796, 6382
1.796, 6381
1.797, 6380
1.797, 6379
1.797, 6378
1.797, 6377
1.797, 6376
1.797, 6375
1.797, 6374
1.798, 6373
1.798, 6372
1.798, 6371
1.798, 6370
1.798, 6369
1.798, 6368
1.798, 6367
1.799, 6366
1.799, 6365
1.799, 6364
1.799, 6363
1.799, 6362
1.799, 6361
1.799, 6360
1.800, 6359
1.800, 6358
1.800, 6357
1.800, 6356
1.800, 6355
1.800, 6354
1.800, 6353
1.801, 6352
1.801, 6351
1.801, 6350
1.801, 6349
1.801, 6348
1.801, 6347
1.802, 6346
1.802, 6345
1.802, 6344
1.802, 6343
1.802, 6342
1.802, 6341
1.802, 6340
1.802, 6339
1.802, 6338
1.802, 6337
1.803, 6336
1.803, 6335
1.803, 6334
1.803, 6333
1.803, 6332
1.803, 6331
1.803, 6330
1.803, 6329
1.804, 6328
1.804, 6327
1.804, 6326
1.804, 6325
1.804, 6324
1.804, 6323
1.804, 6322
1.804, 6321
1.804, 6320
1.805, 6319
1.805, 6318
1.805, 6317
1.805, 6316
1.805, 6315
1.805, 6314
1.805, 6313
1.805, 6312
1.806, 6311
1.806, 6310
1.806, 6309
1.806, 6308
1.806, 6307
1.806, 6306
1.806, 6305
1.806, 6304
1.806, 6303
1.806, 6302
1.806, 6301
1.807, 6300
1.807, 6299
1.807, 6298
1.807, 6297
1.807, 6296
1.807, 6295
1.807, 6294
1.807, 6293
1.807, 6292
1.808, 6291
1.808, 6290
1.808, 6289
1.808, 6288
1.808, 6287
1.808, 6286
1.808, 6285
1.808, 6284
1.809, 6283
1.809, 6282
1.809, 6281
1.809, 6280
1.809, 6279
1.809, 6278
1.809, 6277
1.809, 6276
1.809, 6275
1.810, 6274
1.810, 6273
1.810, 6272
1.810, 6271
1.810, 6270
1.810, 6269
1.810, 6268
1.810, 6267
1.810, 6266
1.811, 6265
1.811, 6264
1.811, 6263
1.811, 6262
1.811, 6261
1.811, 6260
1.811, 6259
1.811, 6258
1.811, 6257
1.811, 6256
1.812, 6255
1.812, 6254
1.812, 6253
1.812, 6252
1.812, 6251
1.812, 6250
1.812, 6249
1.812, 6248
1.812, 6247
1.812, 6246
1.813, 6245
1.813, 6244
1.813, 6243
1.813, 6242
1.813, 6241
1.813, 6240
1.813, 6239
1.813, 6238
1.813, 6237
1.814, 6236
1.814, 6235
1.814, 6234
1.814, 6233
1.814, 6232
1.814, 6231
1.814, 6230
1.814, 6229
1.814, 6228
1.814, 6227
1.814, 6226
1.815, 6225
1.815, 6224
1.815, 6223
1.815, 6222
1.815, 6221
1.816, 6220
1.816, 6219
1.816, 6218
1.816, 6217
1.817, 6216
1.817, 6215
1.817, 6214
1.817, 6213
1.817, 6212
1.817, 6211
1.817, 6210
1.817, 6209
1.817, 6208
1.817, 6207
1.817, 6206
1.817, 6205
1.818, 6204
1.818, 6203
1.818, 6202
1.818, 6201
1.818, 6200
1.818, 6199
1.818, 6198
1.818, 6197
1.818, 6196
1.818, 6195
1.818, 6194
1.819, 6193
1.819, 6192
1.819, 6191
1.819, 6190
1.819, 6189
1.819, 6188
1.819, 6187
1.819, 6186
1.819, 6185
1.819, 6184
1.819, 6183
1.819, 6182
1.819, 6181
1.820, 6180
1.820, 6179
1.820, 6178
1.820, 6177
1.820, 6176
1.820, 6175
1.820, 6174
1.820, 6173
1.820, 6172
1.820, 6171
1.820, 6170
1.820, 6169
1.821, 6168
1.821, 6167
1.821, 6166
1.821, 6165
1.821, 6164
1.821, 6163
1.821, 6162
1.821, 6161
1.821, 6160
1.821, 6159
1.822, 6158
1.822, 6157
1.822, 6156
1.823, 6155
1.823, 6154
1.823, 6153
1.823, 6152
1.823, 6151
1.823, 6150
1.823, 6149
1.823, 6148
1.823, 6147
1.823, 6146
1.823, 6145
1.824, 6144
1.824, 6143
1.824, 6142
1.824, 6141
1.824, 6140
1.824, 6139
1.824, 6138
1.824, 6137
1.824, 6136
1.824, 6135
1.824, 6134
1.824, 6133
1.824, 6132
1.824, 6131
1.824, 6130
1.824, 6129
1.824, 6128
1.825, 6127
1.825, 6126
1.825, 6125
1.825, 6124
1.825, 6123
1.825, 6122
1.825, 6121
1.825, 6120
1.825, 6119
1.825, 6118
1.826, 6117
1.826, 6116
1.826, 6115
1.826, 6114
1.826, 6113
1.826, 6112
1.826, 6111
1.826, 6110
1.826, 6109
1.826, 6108
1.826, 6107
1.827, 6106
1.827, 6105
1.827, 6104
1.827, 6103
1.827, 6102
1.827, 6101
1.827, 6100
1.827, 6099
1.827, 6098
1.827, 6097
1.827, 6096
1.828, 6095
1.828, 6094
1.828, 6093
1.828, 6092
1.828, 6091
1.828, 6090
1.828, 6089
1.828, 6088
1.828, 6087
1.828, 6086
1.828, 6085
1.829, 6084
1.829, 6083
1.829, 6082
1.829, 6081
1.829, 6080
1.829, 6079
1.829, 6078
1.829, 6077
1.830, 6076
1.830, 6075
1.830, 6074
1.830, 6073
1.830, 6072
1.830, 6071
1.830, 6070
1.830, 6069
1.830, 6068
1.830, 6067
1.830, 6066
1.830, 6065
1.831, 6064
1.831, 6063
1.831, 6062
1.831, 6061
1.831, 6060
1.831, 6059
1.831, 6058
1.831, 6057
1.831, 6056
1.831, 6055
1.831, 6054
1.832, 6053
1.832, 6052
1.832, 6051
1.832, 6050
1.832, 6049
1.832, 6048
1.832, 6047
1.832, 6046
1.832, 6045
1.832, 6044
1.832, 6043
1.832, 6042
1.832, 6041
1.833, 6040
1.833, 6039
1.833, 6038
1.833, 6037
1.833, 6036
1.833, 6035
1.833, 6034
1.833, 6033
1.833, 6032
1.833, 6031
1.833, 6030
1.833, 6029
1.834, 6028
1.834, 6027
1.834, 6026
1.834, 6025
1.834, 6024
1.834, 6023
1.834, 6022
1.834, 6021
1.834, 6020
1.835, 6019
1.835, 6018
1.835, 6017
1.835, 6016
1.835, 6015
1.835, 6014
1.835, 6013
1.835, 6012
1.835, 6011
1.835, 6010
1.835, 6009
1.835, 6008
1.835, 6007
1.835, 6006
1.835, 6005
1.835, 6004
1.835, 6003
1.836, 6002
1.836, 6001
1.836, 6000
1.836, 5999
1.836, 5998
1.836, 5997
1.836, 5996
1.836, 5995
1.836, 5994
1.836, 5993
1.836, 5992
1.836, 5991
1.836, 5990
1.836, 5989
1.836, 5988
1.836, 5987
1.837, 5986
1.837, 5985
1.837, 5984
1.837, 5983
1.837, 5982
1.837, 5981
1.837, 5980
1.837, 5979
1.837, 5978
1.837, 5977
1.838, 5976
1.838, 5975
1.838, 5974
1.838, 5973
1.838, 5972
1.838, 5971
1.838, 5970
1.838, 5969
1.838, 5968
1.838, 5967
1.838, 5966
1.838, 5965
1.838, 5964
1.838, 5963
1.839, 5962
1.839, 5961
1.839, 5960
1.839, 5959
1.839, 5958
1.839, 5957
1.839, 5956
1.839, 5955
1.839, 5954
1.839, 5953
1.839, 5952
1.839, 5951
1.840, 5950
1.840, 5949
1.840, 5948
1.840, 5947
1.840, 5946
1.840, 5945
1.840, 5944
1.840, 5943
1.840, 5942
1.840, 5941
1.840, 5940
1.840, 5939
1.840, 5938
1.840, 5937
1.840, 5936
1.840, 5935
1.841, 5934
1.841, 5933
1.841, 5932
1.841, 5931
1.841, 5930
1.841, 5929
1.841, 5928
1.841, 5927
1.841, 5926
1.841, 5925
1.841, 5924
1.841, 5923
1.841, 5922
1.841, 5921
1.841, 5920
1.842, 5919
1.842, 5918
1.842, 5917
1.842, 5916
1.842, 5915
1.842, 5914
1.842, 5913
1.842, 5912
1.842, 5911
1.842, 5910
1.842, 5909
1.842, 5908
1.842, 5907
1.842, 5906
1.842, 5905
1.842, 5904
1.843, 5903
1.843, 5902
1.843, 5901
1.843, 5900
1.843, 5899
1.843, 5898
1.843, 5897
1.843, 5896
1.843, 5895
1.843, 5894
1.844, 5893
1.844, 5892
1.844, 5891
1.844, 5890
1.844, 5889
1.844, 5888
1.844, 5887
1.844, 5886
1.844, 5885
1.844, 5884
1.844, 5883
1.844, 5882
1.844, 5881
1.844, 5880
1.845, 5879
1.845, 5878
1.845, 5877
1.845, 5876
1.845, 5875
1.845, 5874
1.846, 5873
1.846, 5872
1.846, 5871
1.846, 5870
1.846, 5869
1.846, 5868
1.846, 5867
1.846, 5866
1.846, 5865
1.846, 5864
1.846, 5863
1.846, 5862
1.846, 5861
1.846, 5860
1.846, 5859
1.846, 5858
1.846, 5857
1.846, 5856
1.846, 5855
1.846, 5854
1.846, 5853
1.847, 5852
1.847, 5851
1.847, 5850
1.847, 5849
1.847, 5848
1.847, 5847
1.847, 5846
1.847, 5845
1.847, 5844
1.847, 5843
1.847, 5842
1.847, 5841
1.847, 5840
1.847, 5839
1.847, 5838
1.847, 5837
1.847, 5836
1.847, 5835
1.847, 5834
1.847, 5833
1.848, 5832
1.848, 5831
1.848, 5830
1.848, 5829
1.848, 5828
1.848, 5827
1.848, 5826
1.848, 5825
1.848, 5824
1.848, 5823
1.848, 5822
1.848, 5821
1.848, 5820
1.848, 5819
1.848, 5818
1.848, 5817
1.848, 5816
1.848, 5815
1.848, 5814
1.848, 5813
1.848, 5812
1.849, 5811
1.849, 5810
1.849, 5809
1.849, 5808
1.849, 5807
1.849, 5806
1.849, 5805
1.849, 5804
1.849, 5803
1.849, 5802
1.849, 5801
1.849, 5800
1.849, 5799
1.849, 5798
1.849, 5797
1.849, 5796
1.849, 5795
1.849, 5794
1.850, 5793
1.850, 5792
1.850, 5791
1.850, 5790
1.850, 5789
1.850, 5788
1.850, 5787
1.850, 5786
1.850, 5785
1.850, 5784
1.850, 5783
1.851, 5782
1.851, 5781
1.851, 5780
1.851, 5779
1.851, 5778
1.851, 5777
1.851, 5776
1.851, 5775
1.851, 5774
1.851, 5773
1.851, 5772
1.851, 5771
1.851, 5770
1.851, 5769
1.852, 5768
1.852, 5767
1.852, 5766
1.852, 5765
1.852, 5764
1.852, 5763
1.852, 5762
1.852, 5761
1.852, 5760
1.852, 5759
1.852, 5758
1.852, 5757
1.852, 5756
1.852, 5755
1.852, 5754
1.852, 5753
1.852, 5752
1.853, 5751
1.853, 5750
1.853, 5749
1.853, 5748
1.853, 5747
1.853, 5746
1.853, 5745
1.853, 5744
1.853, 5743
1.853, 5742
1.853, 5741
1.853, 5740
1.853, 5739
1.853, 5738
1.853, 5737
1.853, 5736
1.853, 5735
1.854, 5734
1.854, 5733
1.854, 5732
1.854, 5731
1.854, 5730
1.854, 5729
1.854, 5728
1.854, 5727
1.854, 5726
1.854, 5725
1.855, 5724
1.855, 5723
1.855, 5722
1.855, 5721
1.855, 5720
1.855, 5719
1.855, 5718
1.855, 5717
1.855, 5716
1.855, 5715
1.855, 5714
1.855, 5713
1.855, 5712
1.855, 5711
1.855, 5710
1.855, 5709
1.855, 5708
1.856, 5707
1.856, 5706
1.856, 5705
1.856, 5704
1.856, 5703
1.856, 5702
1.856, 5701
1.856, 5700
1.856, 5699
1.856, 5698
1.856, 5697
1.856, 5696
1.856, 5695
1.856, 5694
1.856, 5693
1.857, 5692
1.857, 5691
1.857, 5690
1.857, 5689
1.857, 5688
1.857, 5687
1.857, 5686
1.857, 5685
1.857, 5684
1.857, 5683
1.857, 5682
1.857, 5681
1.858, 5680
1.858, 5679
1.858, 5678
1.858, 5677
1.858, 5676
1.858, 5675
1.858, 5674
1.858, 5673
1.858, 5672
1.858, 5671
1.858, 5670
1.858, 5669
1.858, 5668
1.858, 5667
1.858, 5666
1.858, 5665
1.858, 5664
1.858, 5663
1.858, 5662
1.858, 5661
1.859, 5660
1.859, 5659
1.859, 5658
1.859, 5657
1.859, 5656
1.859, 5655
1.859, 5654
1.859, 5653
1.859, 5652
1.859, 5651
1.859, 5650
1.859, 5649
1.859, 5648
1.859, 5647
1.859, 5646
1.859, 5645
1.859, 5644
1.860, 5643
1.860, 5642
1.860, 5641
1.860, 5640
1.860, 5639
1.860, 5638
1.860, 5637
1.860, 5636
1.860, 5635
1.860, 5634
1.860, 5633
1.860, 5632
1.860, 5631
1.860, 5630
1.860, 5629
1.860, 5628
1.861, 5627
1.861, 5626
1.861, 5625
1.861, 5624
1.861, 5623
1.861, 5622
1.861, 5621
1.861, 5620
1.861, 5619
1.861, 5618
1.861, 5617
1.861, 5616
1.861, 5615
1.861, 5614
1.861, 5613
1.861, 5612
1.861, 5611
1.861, 5610
1.861, 5609
1.861, 5608
1.861, 5607
1.861, 5606
1.861, 5605
1.861, 5604
1.861, 5603
1.862, 5602
1.862, 5601
1.862, 5600
1.862, 5599
1.862, 5598
1.862, 5597
1.862, 5596
1.862, 5595
1.862, 5594
1.862, 5593
1.862, 5592
1.862, 5591
1.862, 5590
1.862, 5589
1.862, 5588
1.862, 5587
1.862, 5586
1.862, 5585
1.862, 5584
1.862, 5583
1.863, 5582
1.863, 5581
1.863, 5580
1.863, 5579
1.863, 5578
1.863, 5577
1.863, 5576
1.863, 5575
1.863, 5574
1.863, 5573
1.863, 5572
1.863, 5571
1.863, 5570
1.863, 5569
1.863, 5568
1.863, 5567
1.863, 5566
1.863, 5565
1.863, 5564
1.863, 5563
1.863, 5562
1.864, 5561
1.864, 5560
1.864, 5559
1.864, 5558
1.864, 5557
1.864, 5556
1.864, 5555
1.864, 5554
1.864, 5553
1.864, 5552
1.864, 5551
1.864, 5550
1.864, 5549
1.864, 5548
1.864, 5547
1.864, 5546
1.864, 5545
1.864, 5544
1.864, 5543
1.864, 5542
1.864, 5541
1.864, 5540
1.865, 5539
1.865, 5538
1.865, 5537
1.865, 5536
1.865, 5535
1.865, 5534
1.865, 5533
1.865, 5532
1.865, 5531
1.865, 5530
1.865, 5529
1.865, 5528
1.865, 5527
1.865, 5526
1.865, 5525
1.865, 5524
1.866, 5523
1.866, 5522
1.866, 5521
1.866, 5520
1.866, 5519
1.866, 5518
1.866, 5517
1.866, 5516
1.866, 5515
1.866, 5514
1.866, 5513
1.866, 5512
1.866, 5511
1.866, 5510
1.866, 5509
1.866, 5508
1.866, 5507
1.867, 5506
1.867, 5505
1.867, 5504
1.867, 5503
1.867, 5502
1.867, 5501
1.867, 5500
1.867, 5499
1.867, 5498
1.867, 5497
1.867, 5496
1.867, 5495
1.867, 5494
1.867, 5493
1.867, 5492
1.867, 5491
1.867, 5490
1.867, 5489
1.867, 5488
1.868, 5487
1.868, 5486
1.868, 5485
1.868, 5484
1.868, 5483
1.868, 5482
1.868, 5481
1.868, 5480
1.868, 5479
1.868, 5478
1.868, 5477
1.868, 5476
1.868, 5475
1.868, 5474
1.868, 5473
1.868, 5472
1.868, 5471
1.868, 5470
1.868, 5469
1.868, 5468
1.868, 5467
1.868, 5466
1.868, 5465
1.868, 5464
1.869, 5463
1.869, 5462
1.869, 5461
1.869, 5460
1.869, 5459
1.869, 5458
1.869, 5457
1.869, 5456
1.869, 5455
1.869, 5454
1.869, 5453
1.869, 5452
1.869, 5451
1.869, 5450
1.870, 5449
1.870, 5448
1.870, 5447
1.870, 5446
1.870, 5445
1.870, 5444
1.870, 5443
1.870, 5442
1.870, 5441
1.870, 5440
1.870, 5439
1.870, 5438
1.870, 5437
1.870, 5436
1.870, 5435
1.870, 5434
1.870, 5433
1.870, 5432
1.870, 5431
1.871, 5430
1.871, 5429
1.871, 5428
1.871, 5427
1.871, 5426
1.871, 5425
1.871, 5424
1.871, 5423
1.871, 5422
1.871, 5421
1.871, 5420
1.871, 5419
1.871, 5418
1.871, 5417
1.871, 5416
1.871, 5415
1.872, 5414
1.872, 5413
1.872, 5412
1.872, 5411
1.872, 5410
1.872, 5409
1.872, 5408
1.872, 5407
1.872, 5406
1.872, 5405
1.872, 5404
1.872, 5403
1.872, 5402
1.872, 5401
1.872, 5400
1.872, 5399
1.872, 5398
1.872, 5397
1.872, 5396
1.873, 5395
1.873, 5394
1.873, 5393
1.873, 5392
1.873, 5391
1.873, 5390
1.873, 5389
1.873, 5388
1.873, 5387
1.873, 5386
1.873, 5385
1.873, 5384
1.873, 5383
1.873, 5382
1.873, 5381
1.873, 5380
1.873, 5379
1.873, 5378
1.873, 5377
1.873, 5376
1.873, 5375
1.873, 5374
1.873, 5373
1.873, 5372
1.874, 5371
1.874, 5370
1.874, 5369
1.874, 5368
1.874, 5367
1.874, 5366
1.874, 5365
1.874, 5364
1.874, 5363
1.874, 5362
1.874, 5361
1.874, 5360
1.874, 5359
1.874, 5358
1.874, 5357
1.874, 5356
1.874, 5355
1.874, 5354
1.874, 5353
1.874, 5352
1.875, 5351
1.875, 5350
1.875, 5349
1.875, 5348
1.875, 5347
1.875, 5346
1.875, 5345
1.875, 5344
1.875, 5343
1.875, 5342
1.875, 5341
1.875, 5340
1.875, 5339
1.875, 5338
1.875, 5337
1.875, 5336
1.875, 5335
1.875, 5334
1.875, 5333
1.875, 5332
1.875, 5331
1.876, 5330
1.876, 5329
1.876, 5328
1.876, 5327
1.876, 5326
1.876, 5325
1.876, 5324
1.876, 5323
1.876, 5322
1.876, 5321
1.876, 5320
1.876, 5319
1.876, 5318
1.876, 5317
1.876, 5316
1.876, 5315
1.876, 5314
1.877, 5313
1.877, 5312
1.877, 5311
1.877, 5310
1.877, 5309
1.877, 5308
1.877, 5307
1.877, 5306
1.877, 5305
1.877, 5304
1.877, 5303
1.877, 5302
1.877, 5301
1.877, 5300
1.877, 5299
1.877, 5298
1.877, 5297
1.877, 5296
1.878, 5295
1.878, 5294
1.878, 5293
1.878, 5292
1.878, 5291
1.878, 5290
1.878, 5289
1.878, 5288
1.878, 5287
1.878, 5286
1.878, 5285
1.878, 5284
1.878, 5283
1.878, 5282
1.878, 5281
1.878, 5280
1.878, 5279
1.878, 5278
1.878, 5277
1.878, 5276
1.878, 5275
1.879, 5274
1.879, 5273
1.879, 5272
1.879, 5271
1.879, 5270
1.879, 5269
1.879, 5268
1.879, 5267
1.879, 5266
1.879, 5265
1.879, 5264
1.879, 5263
1.879, 5262
1.879, 5261
1.879, 5260
1.879, 5259
1.879, 5258
1.879, 5257
1.879, 5256
1.879, 5255
1.880, 5254
1.880, 5253
1.880, 5252
1.880, 5251
1.880, 5250
1.880, 5249
1.880, 5248
1.880, 5247
1.880, 5246
1.880, 5245
1.880, 5244
1.880, 5243
1.880, 5242
1.880, 5241
1.881, 5240
1.881, 5239
1.881, 5238
1.881, 5237
1.881, 5236
1.881, 5235
1.881, 5234
1.881, 5233
1.881, 5232
1.881, 5231
1.881, 5230
1.881, 5229
1.881, 5228
1.881, 5227
1.881, 5226
1.881, 5225
1.881, 5224
1.881, 5223
1.881, 5222
1.881, 5221
1.882, 5220
1.882, 5219
1.882, 5218
1.882, 5217
1.882, 5216
1.882, 5215
1.882, 5214
1.882, 5213
1.883, 5212
1.883, 5211
1.883, 5210
1.883, 5209
1.883, 5208
1.883, 5207
1.883, 5206
1.883, 5205
1.883, 5204
1.883, 5203
1.883, 5202
1.883, 5201
1.888, 5200
1.888, 5199
1.888, 5198
1.888, 5197
1.888, 5196
1.888, 5195
1.888, 5194
1.888, 5193
1.888, 5192
1.888, 5191
1.888, 5190
1.888, 5189
1.888, 5188
1.888, 5187
1.888, 5186
1.888, 5185
1.888, 5184
1.888, 5183
1.888, 5182
1.888, 5181
1.888, 5180
1.888, 5179
1.888, 5178
1.888, 5177
1.888, 5176
1.888, 5175
1.888, 5174
1.888, 5173
1.888, 5172
1.888, 5171
1.888, 5170
1.888, 5169
1.888, 5168
1.888, 5167
1.888, 5166
1.888, 5165
1.888, 5164
1.888, 5163
1.888, 5162
1.888, 5161
1.888, 5160
1.888, 5159
1.888, 5158
1.888, 5157
1.888, 5156
1.888, 5155
1.888, 5154
1.888, 5153
1.888, 5152
1.888, 5151
1.889, 5150
1.889, 5149
1.889, 5148
1.889, 5147
1.889, 5146
1.889, 5145
1.889, 5144
1.889, 5143
1.889, 5142
1.889, 5141
1.889, 5140
1.889, 5139
1.889, 5138
1.889, 5137
1.889, 5136
1.889, 5135
1.889, 5134
1.889, 5133
1.889, 5132
1.889, 5131
1.889, 5130
1.889, 5129
1.889, 5128
1.889, 5127
1.889, 5126
1.889, 5125
1.889, 5124
1.889, 5123
1.889, 5122
1.889, 5121
1.889, 5120
1.889, 5119
1.889, 5118
1.889, 5117
1.889, 5116
1.889, 5115
1.889, 5114
1.889, 5113
1.889, 5112
1.889, 5111
1.889, 5110
1.889, 5109
1.889, 5108
1.889, 5107
1.889, 5106
1.889, 5105
1.889, 5104
1.889, 5103
1.889, 5102
1.889, 5101
1.889, 5100
1.889, 5099
1.889, 5098
1.889, 5097
1.889, 5096
1.889, 5095
1.889, 5094
1.889, 5093
1.889, 5092
1.889, 5091
1.889, 5090
1.889, 5089
1.889, 5088
1.889, 5087
1.889, 5086
1.889, 5085
1.889, 5084
1.889, 5083
1.889, 5082
1.889, 5081
1.889, 5080
1.890, 5079
1.890, 5078
1.890, 5077
1.890, 5076
1.890, 5075
1.890, 5074
1.890, 5073
1.890, 5072
1.890, 5071
1.890, 5070
1.890, 5069
1.890, 5068
1.890, 5067
1.890, 5066
1.890, 5065
1.890, 5064
1.890, 5063
1.890, 5062
1.890, 5061
1.890, 5060
1.890, 5059
1.890, 5058
1.890, 5057
1.890, 5056
1.890, 5055
1.890, 5054
1.890, 5053
1.890, 5052
1.890, 5051
1.890, 5050
1.890, 5049
1.890, 5048
1.890, 5047
1.890, 5046
1.890, 5045
1.890, 5044
1.890, 5043
1.890, 5042
1.890, 5041
1.890, 5040
1.890, 5039
1.890, 5038
1.890, 5037
1.890, 5036
1.890, 5035
1.890, 5034
1.890, 5033
1.890, 5032
1.890, 5031
1.890, 5030
1.891, 5029
1.891, 5028
1.891, 5027
1.891, 5026
1.891, 5025
1.891, 5024
1.891, 5023
1.891, 5022
1.891, 5021
1.891, 5020
1.891, 5019
1.891, 5018
1.891, 5017
1.891, 5016
1.891, 5015
1.891, 5014
1.891, 5013
1.891, 5012
1.891, 5011
1.891, 5010
1.891, 5009
1.891, 5008
1.891, 5007
1.891, 5006
1.891, 5005
1.891, 5004
1.891, 5003
1.891, 5002
1.891, 5001
1.891, 5000
1.891, 4999
1.891, 4998
1.891, 4997
1.891, 4996
1.891, 4995
1.891, 4994
1.891, 4993
1.891, 4992
1.891, 4991
1.891, 4990
1.891, 4989
1.891, 4988
1.891, 4987
1.891, 4986
1.891, 4985
1.891, 4984
1.891, 4983
1.891, 4982
1.891, 4981
1.891, 4980
1.891, 4979
1.891, 4978
1.891, 4977
1.891, 4976
1.891, 4975
1.891, 4974
1.891, 4973
1.891, 4972
1.891, 4971
1.891, 4970
1.891, 4969
1.891, 4968
1.891, 4967
1.891, 4966
1.891, 4965
1.891, 4964
1.891, 4963
1.891, 4962
1.892, 4961
1.892, 4960
1.892, 4959
1.892, 4958
1.892, 4957
1.892, 4956
1.892, 4955
1.892, 4954
1.892, 4953
1.892, 4952
1.892, 4951
1.892, 4950
1.892, 4949
1.892, 4948
1.892, 4947
1.892, 4946
1.892, 4945
1.892, 4944
1.892, 4943
1.892, 4942
1.892, 4941
1.892, 4940
1.892, 4939
1.892, 4938
1.892, 4937
1.892, 4936
1.892, 4935
1.892, 4934
1.892, 4933
1.892, 4932
1.892, 4931
1.892, 4930
1.892, 4929
1.892, 4928
1.892, 4927
1.892, 4926
1.892, 4925
1.892, 4924
1.892, 4923
1.892, 4922
1.892, 4921
1.892, 4920
1.892, 4919
1.892, 4918
1.892, 4917
1.892, 4916
1.892, 4915
1.892, 4914
1.892, 4913
1.892, 4912
1.892, 4911
1.892, 4910
1.892, 4909
1.892, 4908
1.892, 4907
1.893, 4906
1.893, 4905
1.893, 4904
1.893, 4903
1.893, 4902
1.893, 4901
1.893, 4900
1.893, 4899
1.893, 4898
1.893, 4897
1.893, 4896
1.893, 4895
1.893, 4894
1.893, 4893
1.893, 4892
1.893, 4891
1.893, 4890
1.893, 4889
1.893, 4888
1.893, 4887
1.893, 4886
1.893, 4885
1.893, 4884
1.893, 4883
1.893, 4882
1.893, 4881
1.893, 4880
1.893, 4879
1.893, 4878
1.893, 4877
1.893, 4876
1.893, 4875
1.893, 4874
1.893, 4873
1.893, 4872
1.893, 4871
1.893, 4870
1.893, 4869
1.893, 4868
1.893, 4867
1.893, 4866
1.893, 4865
1.893, 4864
1.893, 4863
1.893, 4862
1.893, 4861
1.893, 4860
1.893, 4859
1.893, 4858
1.894, 4857
1.894, 4856
1.894, 4855
1.894, 4854
1.894, 4853
1.894, 4852
1.894, 4851
1.894, 4850
1.894, 4849
1.894, 4848
1.894, 4847
1.894, 4846
1.894, 4845
1.894, 4844
1.894, 4843
1.894, 4842
1.894, 4841
1.894, 4840
1.894, 4839
1.894, 4838
1.894, 4837
1.894, 4836
1.894, 4835
1.894, 4834
1.894, 4833
1.894, 4832
1.894, 4831
1.894, 4830
1.894, 4829
1.894, 4828
1.894, 4827
1.894, 4826
1.894, 4825
1.894, 4824
1.894, 4823
1.894, 4822
1.894, 4821
1.894, 4820
1.894, 4819
1.894, 4818
1.894, 4817
1.894, 4816
1.894, 4815
1.894, 4814
1.894, 4813
1.894, 4812
1.894, 4811
1.894, 4810
1.894, 4809
1.894, 4808
1.894, 4807
1.894, 4806
1.894, 4805
1.895, 4804
1.895, 4803
1.895, 4802
1.895, 4801
1.895, 4800
1.895, 4799
1.895, 4798
1.895, 4797
1.895, 4796
1.895, 4795
1.895, 4794
1.895, 4793
1.895, 4792
1.895, 4791
1.895, 4790
1.895, 4789
1.895, 4788
1.895, 4787
1.895, 4786
1.895, 4785
1.895, 4784
1.895, 4783
1.895, 4782
1.895, 4781
1.895, 4780
1.895, 4779
1.895, 4778
1.895, 4777
1.895, 4776
1.895, 4775
1.895, 4774
1.895, 4773
1.895, 4772
1.895, 4771
1.895, 4770
1.895, 4769
1.895, 4768
1.895, 4767
1.895, 4766
1.895, 4765
1.895, 4764
1.895, 4763
1.895, 4762
1.895, 4761
1.895, 4760
1.895, 4759
1.895, 4758
1.895, 4757
1.896, 4756
1.896, 4755
1.896, 4754
1.896, 4753
1.896, 4752
1.896, 4751
1.896, 4750
1.896, 4749
1.896, 4748
1.896, 4747
1.896, 4746
1.896, 4745
1.896, 4744
1.896, 4743
1.896, 4742
1.896, 4741
1.896, 4740
1.896, 4739
1.896, 4738
1.896, 4737
1.896, 4736
1.896, 4735
1.896, 4734
1.896, 4733
1.896, 4732
1.896, 4731
1.896, 4730
1.896, 4729
1.896, 4728
1.896, 4727
1.896, 4726
1.896, 4725
1.896, 4724
1.896, 4723
1.896, 4722
1.896, 4721
1.896, 4720
1.896, 4719
1.896, 4718
1.896, 4717
1.896, 4716
1.896, 4715
1.896, 4714
1.896, 4713
1.896, 4712
1.896, 4711
1.896, 4710
1.896, 4709
1.896, 4708
1.896, 4707
1.896, 4706
1.896, 4705
1.896, 4704
1.896, 4703
1.896, 4702
1.896, 4701
1.896, 4700
1.896, 4699
1.896, 4698
1.896, 4697
1.896, 4696
1.897, 4695
1.897, 4694
1.897, 4693
1.897, 4692
1.897, 4691
1.897, 4690
1.897, 4689
1.897, 4688
1.897, 4687
1.897, 4686
1.897, 4685
1.897, 4684
1.897, 4683
1.897, 4682
1.897, 4681
1.897, 4680
1.897, 4679
1.897, 4678
1.897, 4677
1.897, 4676
1.897, 4675
1.897, 4674
1.897, 4673
1.897, 4672
1.897, 4671
1.897, 4670
1.897, 4669
1.897, 4668
1.897, 4667
1.897, 4666
1.897, 4665
1.897, 4664
1.897, 4663
1.897, 4662
1.897, 4661
1.897, 4660
1.897, 4659
1.897, 4658
1.897, 4657
1.897, 4656
1.897, 4655
1.897, 4654
1.897, 4653
1.897, 4652
1.897, 4651
1.897, 4650
1.897, 4649
1.897, 4648
1.897, 4647
1.897, 4646
1.897, 4645
1.897, 4644
1.897, 4643
1.897, 4642
1.897, 4641
1.897, 4640
1.897, 4639
1.897, 4638
1.898, 4637
1.898, 4636
1.898, 4635
1.898, 4634
1.898, 4633
1.898, 4632
1.898, 4631
1.898, 4630
1.898, 4629
1.898, 4628
1.898, 4627
1.898, 4626
1.898, 4625
1.898, 4624
1.898, 4623
1.898, 4622
1.898, 4621
1.898, 4620
1.898, 4619
1.898, 4618
1.898, 4617
1.898, 4616
1.898, 4615
1.898, 4614
1.898, 4613
1.898, 4612
1.898, 4611
1.898, 4610
1.898, 4609
1.898, 4608
1.898, 4607
1.898, 4606
1.898, 4605
1.898, 4604
1.898, 4603
1.898, 4602
1.898, 4601
1.898, 4600
1.898, 4599
1.898, 4598
1.898, 4597
1.898, 4596
1.898, 4595
1.898, 4594
1.898, 4593
1.898, 4592
1.898, 4591
1.898, 4590
1.898, 4589
1.898, 4588
1.898, 4587
1.898, 4586
1.898, 4585
1.898, 4584
1.898, 4583
1.898, 4582
1.898, 4581
1.898, 4580
1.898, 4579
1.898, 4578
1.898, 4577
1.898, 4576
1.898, 4575
1.898, 4574
1.898, 4573
1.899, 4572
1.899, 4571
1.899, 4570
1.899, 4569
1.899, 4568
1.899, 4567
1.899, 4566
1.899, 4565
1.899, 4564
1.899, 4563
1.899, 4562
1.899, 4561
1.899, 4560
1.899, 4559
1.899, 4558
1.899, 4557
1.899, 4556
1.899, 4555
1.899, 4554
1.899, 4553
1.899, 4552
1.899, 4551
1.899, 4550
1.899, 4549
1.899, 4548
1.899, 4547
1.899, 4546
1.899, 4545
1.899, 4544
1.899, 4543
1.899, 4542
1.899, 4541
1.899, 4540
1.899, 4539
1.899, 4538
1.899, 4537
1.899, 4536
1.899, 4535
1.899, 4534
1.899, 4533
1.899, 4532
1.899, 4531
1.899, 4530
1.899, 4529
1.899, 4528
1.899, 4527
1.899, 4526
1.899, 4525
1.899, 4524
1.899, 4523
1.899, 4522
1.899, 4521
1.899, 4520
1.899, 4519
1.899, 4518
1.899, 4517
1.899, 4516
1.899, 4515
1.899, 4514
1.899, 4513
1.899, 4512
1.900, 4511
1.900, 4510
1.900, 4509
1.900, 4508
1.900, 4507
1.900, 4506
1.900, 4505
1.900, 4504
1.900, 4503
1.900, 4502
1.900, 4501
1.900, 4500
1.900, 4499
1.900, 4498
1.900, 4497
1.900, 4496
1.900, 4495
1.900, 4494
1.900, 4493
1.900, 4492
1.900, 4491
1.900, 4490
1.900, 4489
1.900, 4488
1.900, 4487
1.900, 4486
1.900, 4485
1.900, 4484
1.900, 4483
1.900, 4482
1.900, 4481
1.900, 4480
1.900, 4479
1.900, 4478
1.900, 4477
1.900, 4476
1.900, 4475
1.900, 4474
1.900, 4473
1.900, 4472
1.900, 4471
1.900, 4470
1.900, 4469
1.900, 4468
1.900, 4467
1.900, 4466
1.900, 4465
1.900, 4464
1.900, 4463
1.900, 4462
1.900, 4461
1.900, 4460
1.900, 4459
1.900, 4458
1.900, 4457
1.900, 4456
1.900, 4455
1.900, 4454
1.900, 4453
1.900, 4452
1.900, 4451
1.900, 4450
1.900, 4449
1.900, 4448
1.900, 4447
1.900, 4446
1.900, 4445
1.901, 4444
1.901, 4443
1.901, 4442
1.901, 4441
1.901, 4440
1.901, 4439
1.901, 4438
1.901, 4437
1.901, 4436
1.901, 4435
1.901, 4434
1.901, 4433
1.901, 4432
1.901, 4431
1.901, 4430
1.901, 4429
1.901, 4428
1.901, 4427
1.901, 4426
1.901, 4425
1.901, 4424
1.901, 4423
1.901, 4422
1.901, 4421
1.901, 4420
1.901, 4419
1.901, 4418
1.901, 4417
1.901, 4416
1.901, 4415
1.901, 4414
1.901, 4413
1.901, 4412
1.901, 4411
1.901, 4410
1.901, 4409
1.901, 4408
1.901, 4407
1.901, 4406
1.901, 4405
1.901, 4404
1.901, 4403
1.901, 4402
1.901, 4401
1.901, 4400
1.901, 4399
1.901, 4398
1.901, 4397
1.901, 4396
1.901, 4395
1.901, 4394
1.901, 4393
1.901, 4392
1.901, 4391
1.901, 4390
1.901, 4389
1.901, 4388
1.901, 4387
1.901, 4386
1.901, 4385
1.901, 4384
1.901, 4383
1.901, 4382
1.901, 4381
1.901, 4380
1.901, 4379
1.902, 4378
1.902, 4377
1.902, 4376
1.902, 4375
1.902, 4374
1.902, 4373
1.902, 4372
1.902, 4371
1.902, 4370
1.902, 4369
1.902, 4368
1.902, 4367
1.902, 4366
1.902, 4365
1.902, 4364
1.902, 4363
1.902, 4362
1.902, 4361
1.902, 4360
1.902, 4359
1.902, 4358
1.902, 4357
1.902, 4356
1.902, 4355
1.902, 4354
1.902, 4353
1.902, 4352
1.902, 4351
1.902, 4350
1.902, 4349
1.902, 4348
1.902, 4347
1.902, 4346
1.902, 4345
1.902, 4344
1.902, 4343
1.902, 4342
1.902, 4341
1.902, 4340
1.902, 4339
1.902, 4338
1.902, 4337
1.902, 4336
1.902, 4335
1.902, 4334
1.902, 4333
1.902, 4332
1.902, 4331
1.902, 4330
1.903, 4329
1.903, 4328
1.903, 4327
1.903, 4326
1.903, 4325
1.903, 4324
1.903, 4323
1.903, 4322
1.903, 4321
1.903, 4320
1.903, 4319
1.903, 4318
1.903, 4317
1.903, 4316
1.903, 4315
1.903, 4314
1.903, 4313
1.903, 4312
1.903, 4311
1.903, 4310
1.903, 4309
1.903, 4308
1.903, 4307
1.903, 4306
1.903, 4305
1.903, 4304
1.903, 4303
1.903, 4302
1.903, 4301
1.903, 4300
1.903, 4299
1.903, 4298
1.903, 4297
1.903, 4296
1.903, 4295
1.903, 4294
1.903, 4293
1.903, 4292
1.903, 4291
1.903, 4290
1.903, 4289
1.903, 4288
1.903, 4287
1.903, 4286
1.903, 4285
1.903, 4284
1.903, 4283
1.903, 4282
1.903, 4281
1.903, 4280
1.903, 4279
1.903, 4278
1.903, 4277
1.903, 4276
1.903, 4275
1.903, 4274
1.903, 4273
1.903, 4272
1.903, 4271
1.903, 4270
1.903, 4269
1.903, 4268
1.903, 4267
1.903, 4266
1.903, 4265
1.903, 4264
1.903, 4263
1.904, 4262
1.904, 4261
1.904, 4260
1.904, 4259
1.904, 4258
1.904, 4257
1.904, 4256
1.904, 4255
1.904, 4254
1.904, 4253
1.904, 4252
1.904, 4251
1.904, 4250
1.904, 4249
1.904, 4248
1.904, 4247
1.904, 4246
1.904, 4245
1.904, 4244
1.904, 4243
1.904, 4242
1.904, 4241
1.904, 4240
1.904, 4239
1.904, 4238
1.904, 4237
1.904, 4236
1.904, 4235
1.904, 4234
1.904, 4233
1.904, 4232
1.904, 4231
1.904, 4230
1.904, 4229
1.904, 4228
1.904, 4227
1.904, 4226
1.904, 4225
1.904, 4224
1.904, 4223
1.904, 4222
1.904, 4221
1.904, 4220
1.904, 4219
1.904, 4218
1.904, 4217
1.904, 4216
1.904, 4215
1.904, 4214
1.904, 4213
1.904, 4212
1.904, 4211
1.904, 4210
1.904, 4209
1.904, 4208
1.904, 4207
1.904, 4206
1.904, 4205
1.904, 4204
1.904, 4203
1.904, 4202
1.904, 4201
1.905, 4200
1.905, 4199
1.905, 4198
1.905, 4197
1.905, 4196
1.905, 4195
1.905, 4194
1.905, 4193
1.905, 4192
1.905, 4191
1.905, 4190
1.905, 4189
1.905, 4188
1.905, 4187
1.905, 4186
1.905, 4185
1.905, 4184
1.905, 4183
1.905, 4182
1.905, 4181
1.905, 4180
1.905, 4179
1.905, 4178
1.905, 4177
1.905, 4176
1.905, 4175
1.905, 4174
1.905, 4173
1.905, 4172
1.905, 4171
1.905, 4170
1.905, 4169
1.905, 4168
1.905, 4167
1.905, 4166
1.905, 4165
1.905, 4164
1.905, 4163
1.905, 4162
1.905, 4161
1.905, 4160
1.905, 4159
1.905, 4158
1.905, 4157
1.905, 4156
1.905, 4155
1.905, 4154
1.905, 4153
1.905, 4152
1.905, 4151
1.905, 4150
1.905, 4149
1.905, 4148
1.905, 4147
1.905, 4146
1.905, 4145
1.905, 4144
1.905, 4143
1.905, 4142
1.906, 4141
1.906, 4140
1.906, 4139
1.906, 4138
1.906, 4137
1.906, 4136
1.906, 4135
1.906, 4134
1.906, 4133
1.906, 4132
1.906, 4131
1.906, 4130
1.906, 4129
1.906, 4128
1.906, 4127
1.906, 4126
1.906, 4125
1.906, 4124
1.906, 4123
1.906, 4122
1.906, 4121
1.906, 4120
1.906, 4119
1.906, 4118
1.906, 4117
1.906, 4116
1.906, 4115
1.906, 4114
1.906, 4113
1.906, 4112
1.906, 4111
1.906, 4110
1.906, 4109
1.906, 4108
1.906, 4107
1.906, 4106
1.906, 4105
1.906, 4104
1.906, 4103
1.906, 4102
1.906, 4101
1.906, 4100
1.906, 4099
1.906, 4098
1.906, 4097
1.906, 4096
1.906, 4095
1.906, 4094
1.906, 4093
1.906, 4092
1.906, 4091
1.906, 4090
1.906, 4089
1.906, 4088
1.906, 4087
1.906, 4086
1.906, 4085
1.906, 4084
1.906, 4083
1.906, 4082
1.906, 4081
1.906, 4080
1.906, 4079
1.906, 4078
1.906, 4077
1.906, 4076
1.906, 4075
1.906, 4074
1.906, 4073
1.906, 4072
1.906, 4071
1.906, 4070
1.906, 4069
1.907, 4068
1.907, 4067
1.907, 4066
1.907, 4065
1.907, 4064
1.907, 4063
1.907, 4062
1.907, 4061
1.907, 4060
1.907, 4059
1.907, 4058
1.907, 4057
1.907, 4056
1.907, 4055
1.907, 4054
1.907, 4053
1.907, 4052
1.907, 4051
1.907, 4050
1.907, 4049
1.907, 4048
1.907, 4047
1.907, 4046
1.907, 4045
1.907, 4044
1.907, 4043
1.907, 4042
1.907, 4041
1.907, 4040
1.907, 4039
1.907, 4038
1.907, 4037
1.907, 4036
1.907, 4035
1.907, 4034
1.907, 4033
1.907, 4032
1.907, 4031
1.907, 4030
1.907, 4029
1.907, 4028
1.907, 4027
1.907, 4026
1.907, 4025
1.907, 4024
1.907, 4023
1.907, 4022
1.907, 4021
1.907, 4020
1.907, 4019
1.907, 4018
1.907, 4017
1.907, 4016
1.907, 4015
1.907, 4014
1.907, 4013
1.907, 4012
1.907, 4011
1.907, 4010
1.907, 4009
1.907, 4008
1.907, 4007
1.907, 4006
1.907, 4005
1.907, 4004
1.907, 4003
1.907, 4002
1.907, 4001
1.908, 4000
1.908, 3999
1.908, 3998
1.908, 3997
1.908, 3996
1.908, 3995
1.908, 3994
1.908, 3993
1.908, 3992
1.908, 3991
1.908, 3990
1.908, 3989
1.908, 3988
1.908, 3987
1.908, 3986
1.908, 3985
1.908, 3984
1.908, 3983
1.908, 3982
1.908, 3981
1.908, 3980
1.908, 3979
1.908, 3978
1.908, 3977
1.908, 3976
1.908, 3975
1.908, 3974
1.908, 3973
1.908, 3972
1.908, 3971
1.908, 3970
1.908, 3969
1.908, 3968
1.908, 3967
1.908, 3966
1.908, 3965
1.908, 3964
1.908, 3963
1.908, 3962
1.908, 3961
1.908, 3960
1.908, 3959
1.908, 3958
1.908, 3957
1.908, 3956
1.908, 3955
1.908, 3954
1.908, 3953
1.908, 3952
1.908, 3951
1.908, 3950
1.908, 3949
1.908, 3948
1.908, 3947
1.908, 3946
1.908, 3945
1.908, 3944
1.908, 3943
1.908, 3942
1.908, 3941
1.908, 3940
1.908, 3939
1.908, 3938
1.908, 3937
1.908, 3936
1.909, 3935
1.909, 3934
1.909, 3933
1.909, 3932
1.909, 3931
1.909, 3930
1.909, 3929
1.909, 3928
1.909, 3927
1.909, 3926
1.909, 3925
1.909, 3924
1.909, 3923
1.909, 3922
1.909, 3921
1.909, 3920
1.909, 3919
1.909, 3918
1.909, 3917
1.909, 3916
1.909, 3915
1.909, 3914
1.909, 3913
1.909, 3912
1.909, 3911
1.909, 3910
1.909, 3909
1.909, 3908
1.909, 3907
1.909, 3906
1.909, 3905
1.909, 3904
1.909, 3903
1.909, 3902
1.909, 3901
1.909, 3900
1.909, 3899
1.909, 3898
1.909, 3897
1.909, 3896
1.909, 3895
1.909, 3894
1.909, 3893
1.909, 3892
1.909, 3891
1.909, 3890
1.909, 3889
1.909, 3888
1.909, 3887
1.909, 3886
1.909, 3885
1.909, 3884
1.909, 3883
1.909, 3882
1.909, 3881
1.909, 3880
1.909, 3879
1.909, 3878
1.909, 3877
1.909, 3876
1.909, 3875
1.909, 3874
1.909, 3873
1.909, 3872
1.909, 3871
1.909, 3870
1.909, 3869
1.909, 3868
1.909, 3867
1.910, 3866
1.910, 3865
1.910, 3864
1.910, 3863
1.910, 3862
1.910, 3861
1.910, 3860
1.910, 3859
1.910, 3858
1.910, 3857
1.910, 3856
1.910, 3855
1.910, 3854
1.910, 3853
1.910, 3852
1.910, 3851
1.910, 3850
1.910, 3849
1.910, 3848
1.910, 3847
1.910, 3846
1.910, 3845
1.910, 3844
1.910, 3843
1.910, 3842
1.910, 3841
1.910, 3840
1.910, 3839
1.910, 3838
1.910, 3837
1.910, 3836
1.910, 3835
1.910, 3834
1.910, 3833
1.910, 3832
1.910, 3831
1.910, 3830
1.910, 3829
1.910, 3828
1.910, 3827
1.910, 3826
1.910, 3825
1.910, 3824
1.910, 3823
1.910, 3822
1.910, 3821
1.910, 3820
1.910, 3819
1.910, 3818
1.910, 3817
1.910, 3816
1.910, 3815
1.910, 3814
1.911, 3813
1.911, 3812
1.911, 3811
1.911, 3810
1.911, 3809
1.911, 3808
1.911, 3807
1.911, 3806
1.911, 3805
1.911, 3804
1.911, 3803
1.911, 3802
1.911, 3801
1.911, 3800
1.911, 3799
1.911, 3798
1.911, 3797
1.911, 3796
1.911, 3795
1.911, 3794
1.911, 3793
1.911, 3792
1.911, 3791
1.911, 3790
1.911, 3789
1.911, 3788
1.911, 3787
1.911, 3786
1.911, 3785
1.911, 3784
1.911, 3783
1.911, 3782
1.911, 3781
1.911, 3780
1.911, 3779
1.911, 3778
1.911, 3777
1.911, 3776
1.911, 3775
1.911, 3774
1.911, 3773
1.911, 3772
1.911, 3771
1.911, 3770
1.911, 3769
1.911, 3768
1.911, 3767
1.911, 3766
1.911, 3765
1.911, 3764
1.911, 3763
1.911, 3762
1.912, 3761
1.912, 3760
1.912, 3759
1.912, 3758
1.912, 3757
1.912, 3756
1.912, 3755
1.912, 3754
1.912, 3753
1.912, 3752
1.912, 3751
1.912, 3750
1.912, 3749
1.912, 3748
1.912, 3747
1.912, 3746
1.912, 3745
1.912, 3744
1.912, 3743
1.912, 3742
1.912, 3741
1.912, 3740
1.912, 3739
1.912, 3738
1.912, 3737
1.912, 3736
1.912, 3735
1.912, 3734
1.912, 3733
1.912, 3732
1.912, 3731
1.912, 3730
1.912, 3729
1.912, 3728
1.912, 3727
1.912, 3726
1.912, 3725
1.912, 3724
1.912, 3723
1.912, 3722
1.912, 3721
1.912, 3720
1.912, 3719
1.912, 3718
1.912, 3717
1.912, 3716
1.912, 3715
1.912, 3714
1.912, 3713
1.912, 3712
1.912, 3711
1.912, 3710
1.912, 3709
1.912, 3708
1.912, 3707
1.912, 3706
1.912, 3705
1.913, 3704
1.913, 3703
1.913, 3702
1.913, 3701
1.913, 3700
1.913, 3699
1.913, 3698
1.913, 3697
1.913, 3696
1.913, 3695
1.913, 3694
1.913, 3693
1.913, 3692
1.913, 3691
1.913, 3690
1.913, 3689
1.913, 3688
1.913, 3687
1.913, 3686
1.913, 3685
1.913, 3684
1.913, 3683
1.913, 3682
1.913, 3681
1.913, 3680
1.913, 3679
1.913, 3678
1.913, 3677
1.913, 3676
1.913, 3675
1.913, 3674
1.913, 3673
1.913, 3672
1.913, 3671
1.913, 3670
1.913, 3669
1.913, 3668
1.913, 3667
1.913, 3666
1.913, 3665
1.914, 3664
1.914, 3663
1.914, 3662
1.914, 3661
1.914, 3660
1.914, 3659
1.914, 3658
1.914, 3657
1.914, 3656
1.914, 3655
1.914, 3654
1.914, 3653
1.914, 3652
1.914, 3651
1.914, 3650
1.914, 3649
1.914, 3648
1.914, 3647
1.914, 3646
1.914, 3645
1.914, 3644
1.914, 3643
1.914, 3642
1.914, 3641
1.914, 3640
1.914, 3639
1.914, 3638
1.914, 3637
1.914, 3636
1.914, 3635
1.914, 3634
1.914, 3633
1.914, 3632
1.914, 3631
1.914, 3630
1.914, 3629
1.914, 3628
1.914, 3627
1.914, 3626
1.914, 3625
1.914, 3624
1.914, 3623
1.914, 3622
1.914, 3621
1.914, 3620
1.914, 3619
1.914, 3618
1.914, 3617
1.914, 3616
1.914, 3615
1.914, 3614
1.915, 3613
1.915, 3612
1.915, 3611
1.915, 3610
1.915, 3609
1.915, 3608
1.915, 3607
1.915, 3606
1.915, 3605
1.915, 3604
1.915, 3603
1.915, 3602
1.915, 3601
1.915, 3600
1.915, 3599
1.915, 3598
1.915, 3597
1.915, 3596
1.915, 3595
1.915, 3594
1.915, 3593
1.915, 3592
1.915, 3591
1.915, 3590
1.915, 3589
1.915, 3588
1.915, 3587
1.915, 3586
1.915, 3585
1.915, 3584
1.915, 3583
1.915, 3582
1.915, 3581
1.915, 3580
1.915, 3579
1.915, 3578
1.915, 3577
1.915, 3576
1.915, 3575
1.915, 3574
1.915, 3573
1.915, 3572
1.915, 3571
1.915, 3570
1.915, 3569
1.915, 3568
1.915, 3567
1.915, 3566
1.915, 3565
1.915, 3564
1.915, 3563
1.915, 3562
1.915, 3561
1.915, 3560
1.915, 3559
1.916, 3558
1.916, 3557
1.916, 3556
1.916, 3555
1.916, 3554
1.916, 3553
1.916, 3552
1.916, 3551
1.916, 3550
1.916, 3549
1.916, 3548
1.916, 3547
1.916, 3546
1.916, 3545
1.916, 3544
1.916, 3543
1.916, 3542
1.916, 3541
1.916, 3540
1.916, 3539
1.916, 3538
1.916, 3537
1.916, 3536
1.916, 3535
1.916, 3534
1.916, 3533
1.916, 3532
1.916, 3531
1.916, 3530
1.916, 3529
1.916, 3528
1.916, 3527
1.916, 3526
1.916, 3525
1.916, 3524
1.916, 3523
1.916, 3522
1.916, 3521
1.916, 3520
1.916, 3519
1.916, 3518
1.916, 3517
1.916, 3516
1.916, 3515
1.916, 3514
1.916, 3513
1.916, 3512
1.916, 3511
1.916, 3510
1.916, 3509
1.916, 3508
1.916, 3507
1.916, 3506
1.916, 3505
1.916, 3504
1.916, 3503
1.916, 3502
1.916, 3501
1.917, 3500
1.917, 3499
1.917, 3498
1.917, 3497
1.917, 3496
1.917, 3495
1.917, 3494
1.917, 3493
1.917, 3492
1.917, 3491
1.917, 3490
1.917, 3489
1.917, 3488
1.917, 3487
1.917, 3486
1.917, 3485
1.917, 3484
1.917, 3483
1.917, 3482
1.917, 3481
1.917, 3480
1.917, 3479
1.917, 3478
1.917, 3477
1.917, 3476
1.917, 3475
1.917, 3474
1.917, 3473
1.917, 3472
1.917, 3471
1.917, 3470
1.917, 3469
1.917, 3468
1.917, 3467
1.917, 3466
1.917, 3465
1.917, 3464
1.917, 3463
1.917, 3462
1.917, 3461
1.917, 3460
1.917, 3459
1.917, 3458
1.917, 3457
1.917, 3456
1.917, 3455
1.917, 3454
1.917, 3453
1.917, 3452
1.917, 3451
1.917, 3450
1.918, 3449
1.918, 3448
1.918, 3447
1.918, 3446
1.918, 3445
1.918, 3444
1.918, 3443
1.918, 3442
1.918, 3441
1.918, 3440
1.918, 3439
1.918, 3438
1.918, 3437
1.918, 3436
1.918, 3435
1.918, 3434
1.918, 3433
1.918, 3432
1.918, 3431
1.918, 3430
1.918, 3429
1.918, 3428
1.918, 3427
1.918, 3426
1.918, 3425
1.918, 3424
1.918, 3423
1.918, 3422
1.918, 3421
1.918, 3420
1.918, 3419
1.918, 3418
1.918, 3417
1.918, 3416
1.918, 3415
1.918, 3414
1.918, 3413
1.918, 3412
1.918, 3411
1.918, 3410
1.918, 3409
1.918, 3408
1.918, 3407
1.918, 3406
1.918, 3405
1.918, 3404
1.918, 3403
1.918, 3402
1.918, 3401
1.918, 3400
1.918, 3399
1.918, 3398
1.918, 3397
1.918, 3396
1.918, 3395
1.919, 3394
1.919, 3393
1.919, 3392
1.919, 3391
1.919, 3390
1.919, 3389
1.919, 3388
1.919, 3387
1.919, 3386
1.919, 3385
1.919, 3384
1.919, 3383
1.919, 3382
1.919, 3381
1.919, 3380
1.919, 3379
1.919, 3378
1.919, 3377
1.919, 3376
1.919, 3375
1.919, 3374
1.919, 3373
1.919, 3372
1.919, 3371
1.919, 3370
1.919, 3369
1.919, 3368
1.919, 3367
1.919, 3366
1.919, 3365
1.919, 3364
1.919, 3363
1.919, 3362
1.919, 3361
1.919, 3360
1.919, 3359
1.919, 3358
1.919, 3357
1.919, 3356
1.919, 3355
1.919, 3354
1.919, 3353
1.919, 3352
1.919, 3351
1.919, 3350
1.919, 3349
1.919, 3348
1.919, 3347
1.919, 3346
1.919, 3345
1.920, 3344
1.920, 3343
1.920, 3342
1.920, 3341
1.920, 3340
1.920, 3339
