1.739, 6308
1.753, 6307
1.754, 6306
1.754, 6305
1.755, 6304
1.756, 6303
1.756, 6302
1.756, 6301
1.756, 6300
1.757, 6299
1.757, 6298
1.757, 6297
1.758, 6296
1.758, 6295
1.758, 6294
1.758, 6293
1.759, 6292
1.759, 6291
1.759, 6290
1.760, 6289
1.760, 6288
1.760, 6287
1.761, 6286
1.761, 6285
1.761, 6284
1.762, 6283
1.762, 6282
1.762, 6281
1.762, 6280
1.763, 6279
1.763, 6278
1.763, 6277
1.763, 6276
1.763, 6275
1.763, 6274
1.764, 6273
1.764, 6272
1.764, 6271
1.764, 6270
1.764, 6269
1.764, 6268
1.764, 6267
1.764, 6266
1.765, 6265
1.765, 6264
1.765, 6263
1.765, 6262
1.765, 6261
1.765, 6260
1.765, 6259
1.765, 6258
1.766, 6257
1.766, 6256
1.766, 6255
1.766, 6254
1.766, 6253
1.766, 6252
1.766, 6251
1.766, 6250
1.767, 6249
1.767, 6248
1.767, 6247
1.767, 6246
1.767, 6245
1.767, 6244
1.767, 6243
1.767, 6242
1.767, 6241
1.768, 6240
1.768, 6239
1.768, 6238
1.768, 6237
1.768, 6236
1.768, 6235
1.768, 6234
1.768, 6233
1.768, 6232
1.768, 6231
1.769, 6230
1.769, 6229
1.769, 6228
1.769, 6227
1.769, 6226
1.769, 6225
1.769, 6224
1.770, 6223
1.770, 6222
1.770, 6221
1.770, 6220
1.770, 6219
1.770, 6218
1.770, 6217
1.770, 6216
1.770, 6215
1.771, 6214
1.771, 6213
1.771, 6212
1.771, 6211
1.771, 6210
1.771, 6209
1.771, 6208
1.771, 6207
1.771, 6206
1.771, 6205
1.772, 6204
1.772, 6203
1.772, 6202
1.772, 6201
1.772, 6200
1.772, 6199
1.772, 6198
1.772, 6197
1.772, 6196
1.772, 6195
1.773, 6194
1.773, 6193
1.773, 6192
1.773, 6191
1.773, 6190
1.773, 6189
1.773, 6188
1.773, 6187
1.774, 6186
1.774, 6185
1.774, 6184
1.774, 6183
1.774, 6182
1.774, 6181
1.774, 6180
1.774, 6179
1.775, 6178
1.775, 6177
1.775, 6176
1.775, 6175
1.775, 6174
1.775, 6173
1.775, 6172
1.775, 6171
1.775, 6170
1.775, 6169
1.776, 6168
1.776, 6167
1.776, 6166
1.776, 6165
1.776, 6164
1.776, 6163
1.776, 6162
1.776, 6161
1.776, 6160
1.776, 6159
1.776, 6158
1.777, 6157
1.777, 6156
1.777, 6155
1.777, 6154
1.777, 6153
1.777, 6152
1.777, 6151
1.777, 6150
1.777, 6149
1.777, 6148
1.777, 6147
1.778, 6146
1.778, 6145
1.778, 6144
1.778, 6143
1.778, 6142
1.778, 6141
1.778, 6140
1.778, 6139
1.778, 6138
1.779, 6137
1.779, 6136
1.779, 6135
1.779, 6134
1.779, 6133
1.779, 6132
1.779, 6131
1.779, 6130
1.779, 6129
1.780, 6128
1.780, 6127
1.780, 6126
1.780, 6125
1.780, 6124
1.780, 6123
1.780, 6122
1.780, 6121
1.780, 6120
1.781, 6119
1.781, 6118
1.781, 6117
1.782, 6116
1.782, 6115
1.782, 6114
1.782, 6113
1.782, 6112
1.782, 6111
1.782, 6110
1.782, 6109
1.783, 6108
1.783, 6107
1.783, 6106
1.783, 6105
1.783, 6104
1.783, 6103
1.783, 6102
1.783, 6101
1.783, 6100
1.783, 6099
1.783, 6098
1.783, 6097
1.784, 6096
1.784, 6095
1.784, 6094
1.784, 6093
1.784, 6092
1.784, 6091
1.784, 6090
1.784, 6089
1.785, 6088
1.785, 6087
1.785, 6086
1.785, 6085
1.785, 6084
1.785, 6083
1.785, 6082
1.785, 6081
1.785, 6080
1.785, 6079
1.785, 6078
1.786, 6077
1.786, 6076
1.786, 6075
1.786, 6074
1.786, 6073
1.786, 6072
1.786, 6071
1.786, 6070
1.786, 6069
1.787, 6068
1.787, 6067
1.787, 6066
1.787, 6065
1.787, 6064
1.787, 6063
1.787, 6062
1.787, 6061
1.787, 6060
1.787, 6059
1.787, 6058
1.788, 6057
1.788, 6056
1.788, 6055
1.788, 6054
1.788, 6053
1.788, 6052
1.788, 6051
1.788, 6050
1.789, 6049
1.789, 6048
1.789, 6047
1.789, 6046
1.789, 6045
1.789, 6044
1.789, 6043
1.789, 6042
1.789, 6041
1.789, 6040
1.789, 6039
1.789, 6038
1.789, 6037
1.789, 6036
1.789, 6035
1.789, 6034
1.790, 6033
1.790, 6032
1.790, 6031
1.790, 6030
1.790, 6029
1.790, 6028
1.790, 6027
1.790, 6026
1.790, 6025
1.790, 6024
1.790, 6023
1.790, 6022
1.790, 6021
1.790, 6020
1.790, 6019
1.790, 6018
1.790, 6017
1.791, 6016
1.791, 6015
1.791, 6014
1.791, 6013
1.791, 6012
1.791, 6011
1.791, 6010
1.791, 6009
1.791, 6008
1.791, 6007
1.791, 6006
1.791, 6005
1.791, 6004
1.791, 6003
1.792, 6002
1.792, 6001
1.792, 6000
1.792, 5999
1.792, 5998
1.792, 5997
1.792, 5996
1.792, 5995
1.792, 5994
1.792, 5993
1.792, 5992
1.792, 5991
1.793, 5990
1.793, 5989
1.793, 5988
1.793, 5987
1.793, 5986
1.793, 5985
1.793, 5984
1.793, 5983
1.793, 5982
1.793, 5981
1.793, 5980
1.793, 5979
1.793, 5978
1.794, 5977
1.794, 5976
1.794, 5975
1.794, 5974
1.794, 5973
1.794, 5972
1.794, 5971
1.794, 5970
1.794, 5969
1.794, 5968
1.794, 5967
1.795, 5966
1.795, 5965
1.795, 5964
1.795, 5963
1.795, 5962
1.795, 5961
1.795, 5960
1.795, 5959
1.795, 5958
1.795, 5957
1.795, 5956
1.795, 5955
1.795, 5954
1.795, 5953
1.796, 5952
1.796, 5951
1.796, 5950
1.796, 5949
1.796, 5948
1.796, 5947
1.796, 5946
1.796, 5945
1.796, 5944
1.797, 5943
1.797, 5942
1.797, 5941
1.797, 5940
1.797, 5939
1.797, 5938
1.797, 5937
1.797, 5936
1.797, 5935
1.797, 5934
1.797, 5933
1.797, 5932
1.797, 5931
1.798, 5930
1.798, 5929
1.798, 5928
1.798, 5927
1.798, 5926
1.798, 5925
1.798, 5924
1.798, 5923
1.798, 5922
1.798, 5921
1.798, 5920
1.798, 5919
1.798, 5918
1.799, 5917
1.799, 5916
1.799, 5915
1.799, 5914
1.799, 5913
1.799, 5912
1.799, 5911
1.799, 5910
1.799, 5909
1.799, 5908
1.799, 5907
1.799, 5906
1.800, 5905
1.800, 5904
1.800, 5903
1.800, 5902
1.800, 5901
1.800, 5900
1.800, 5899
1.800, 5898
1.800, 5897
1.800, 5896
1.800, 5895
1.801, 5894
1.801, 5893
1.801, 5892
1.801, 5891
1.801, 5890
1.801, 5889
1.801, 5888
1.801, 5887
1.801, 5886
1.801, 5885
1.801, 5884
1.801, 5883
1.802, 5882
1.802, 5881
1.802, 5880
1.802, 5879
1.802, 5878
1.802, 5877
1.802, 5876
1.802, 5875
1.802, 5874
1.802, 5873
1.802, 5872
1.802, 5871
1.802, 5870
1.802, 5869
1.802, 5868
1.803, 5867
1.803, 5866
1.803, 5865
1.803, 5864
1.803, 5863
1.803, 5862
1.803, 5861
1.803, 5860
1.803, 5859
1.803, 5858
1.803, 5857
1.803, 5856
1.803, 5855
1.803, 5854
1.803, 5853
1.803, 5852
1.804, 5851
1.804, 5850
1.804, 5849
1.804, 5848
1.804, 5847
1.804, 5846
1.804, 5845
1.804, 5844
1.804, 5843
1.804, 5842
1.804, 5841
1.804, 5840
1.804, 5839
1.804, 5838
1.804, 5837
1.804, 5836
1.804, 5835
1.805, 5834
1.805, 5833
1.805, 5832
1.805, 5831
1.805, 5830
1.805, 5829
1.805, 5828
1.805, 5827
1.805, 5826
1.805, 5825
1.805, 5824
1.805, 5823
1.805, 5822
1.805, 5821
1.805, 5820
1.805, 5819
1.805, 5818
1.806, 5817
1.806, 5816
1.806, 5815
1.806, 5814
1.806, 5813
1.806, 5812
1.806, 5811
1.806, 5810
1.806, 5809
1.806, 5808
1.806, 5807
1.806, 5806
1.806, 5805
1.806, 5804
1.806, 5803
1.806, 5802
1.806, 5801
1.806, 5800
1.806, 5799
1.806, 5798
1.807, 5797
1.807, 5796
1.807, 5795
1.807, 5794
1.807, 5793
1.807, 5792
1.807, 5791
1.807, 5790
1.807, 5789
1.807, 5788
1.807, 5787
1.808, 5786
1.808, 5785
1.808, 5784
1.808, 5783
1.808, 5782
1.808, 5781
1.808, 5780
1.808, 5779
1.808, 5778
1.808, 5777
1.808, 5776
1.808, 5775
1.808, 5774
1.808, 5773
1.808, 5772
1.808, 5771
1.808, 5770
1.808, 5769
1.808, 5768
1.808, 5767
1.809, 5766
1.809, 5765
1.809, 5764
1.809, 5763
1.809, 5762
1.809, 5761
1.809, 5760
1.809, 5759
1.809, 5758
1.809, 5757
1.809, 5756
1.809, 5755
1.809, 5754
1.809, 5753
1.809, 5752
1.809, 5751
1.809, 5750
1.809, 5749
1.809, 5748
1.809, 5747
1.809, 5746
1.809, 5745
1.810, 5744
1.810, 5743
1.810, 5742
1.810, 5741
1.810, 5740
1.810, 5739
1.810, 5738
1.810, 5737
1.810, 5736
1.810, 5735
1.810, 5734
1.810, 5733
1.810, 5732
1.810, 5731
1.810, 5730
1.810, 5729
1.810, 5728
1.810, 5727
1.810, 5726
1.810, 5725
1.811, 5724
1.811, 5723
1.811, 5722
1.811, 5721
1.811, 5720
1.811, 5719
1.811, 5718
1.811, 5717
1.811, 5716
1.811, 5715
1.811, 5714
1.811, 5713
1.811, 5712
1.811, 5711
1.811, 5710
1.811, 5709
1.811, 5708
1.811, 5707
1.812, 5706
1.812, 5705
1.812, 5704
1.812, 5703
1.812, 5702
1.812, 5701
1.812, 5700
1.812, 5699
1.812, 5698
1.812, 5697
1.812, 5696
1.812, 5695
1.812, 5694
1.812, 5693
1.812, 5692
1.812, 5691
1.812, 5690
1.812, 5689
1.812, 5688
1.812, 5687
1.812, 5686
1.813, 5685
1.813, 5684
1.813, 5683
1.813, 5682
1.813, 5681
1.813, 5680
1.813, 5679
1.813, 5678
1.813, 5677
1.813, 5676
1.813, 5675
1.813, 5674
1.813, 5673
1.813, 5672
1.814, 5671
1.814, 5670
1.814, 5669
1.814, 5668
1.814, 5667
1.814, 5666
1.814, 5665
1.814, 5664
1.814, 5663
1.814, 5662
1.814, 5661
1.814, 5660
1.814, 5659
1.814, 5658
1.814, 5657
1.814, 5656
1.814, 5655
1.814, 5654
1.815, 5653
1.815, 5652
1.815, 5651
1.815, 5650
1.815, 5649
1.815, 5648
1.815, 5647
1.815, 5646
1.815, 5645
1.815, 5644
1.815, 5643
1.815, 5642
1.815, 5641
1.815, 5640
1.815, 5639
1.815, 5638
1.815, 5637
1.815, 5636
1.815, 5635
1.816, 5634
1.816, 5633
1.816, 5632
1.816, 5631
1.816, 5630
1.816, 5629
1.816, 5628
1.816, 5627
1.816, 5626
1.816, 5625
1.817, 5624
1.817, 5623
1.817, 5622
1.817, 5621
1.817, 5620
1.817, 5619
1.817, 5618
1.817, 5617
1.817, 5616
1.817, 5615
1.817, 5614
1.817, 5613
1.817, 5612
1.817, 5611
1.817, 5610
1.818, 5609
1.818, 5608
1.818, 5607
1.818, 5606
1.818, 5605
1.818, 5604
1.818, 5603
1.818, 5602
1.818, 5601
1.818, 5600
1.818, 5599
1.818, 5598
1.818, 5597
1.818, 5596
1.818, 5595
1.818, 5594
1.818, 5593
1.819, 5592
1.819, 5591
1.819, 5590
1.819, 5589
1.819, 5588
1.819, 5587
1.819, 5586
1.819, 5585
1.819, 5584
1.819, 5583
1.819, 5582
1.819, 5581
1.819, 5580
1.819, 5579
1.819, 5578
1.819, 5577
1.819, 5576
1.819, 5575
1.819, 5574
1.820, 5573
1.820, 5572
1.820, 5571
1.820, 5570
1.820, 5569
1.820, 5568
1.820, 5567
1.820, 5566
1.820, 5565
1.820, 5564
1.820, 5563
1.820, 5562
1.820, 5561
1.820, 5560
1.820, 5559
1.820, 5558
1.820, 5557
1.820, 5556
1.820, 5555
1.820, 5554
1.820, 5553
1.821, 5552
1.821, 5551
1.821, 5550
1.821, 5549
1.821, 5548
1.821, 5547
1.821, 5546
1.821, 5545
1.821, 5544
1.821, 5543
1.821, 5542
1.821, 5541
1.821, 5540
1.821, 5539
1.821, 5538
1.821, 5537
1.821, 5536
1.821, 5535
1.821, 5534
1.821, 5533
1.821, 5532
1.822, 5531
1.822, 5530
1.822, 5529
1.822, 5528
1.822, 5527
1.822, 5526
1.822, 5525
1.822, 5524
1.822, 5523
1.822, 5522
1.822, 5521
1.822, 5520
1.822, 5519
1.822, 5518
1.822, 5517
1.822, 5516
1.822, 5515
1.822, 5514
1.822, 5513
1.822, 5512
1.822, 5511
1.822, 5510
1.822, 5509
1.823, 5508
1.823, 5507
1.823, 5506
1.823, 5505
1.823, 5504
1.823, 5503
1.823, 5502
1.823, 5501
1.823, 5500
1.823, 5499
1.823, 5498
1.823, 5497
1.823, 5496
1.823, 5495
1.823, 5494
1.823, 5493
1.823, 5492
1.823, 5491
1.823, 5490
1.823, 5489
1.823, 5488
1.823, 5487
1.823, 5486
1.824, 5485
1.824, 5484
1.824, 5483
1.824, 5482
1.824, 5481
1.824, 5480
1.824, 5479
1.824, 5478
1.824, 5477
1.824, 5476
1.824, 5475
1.824, 5474
1.824, 5473
1.824, 5472
1.824, 5471
1.824, 5470
1.824, 5469
1.824, 5468
1.825, 5467
1.825, 5466
1.825, 5465
1.825, 5464
1.825, 5463
1.825, 5462
1.825, 5461
1.825, 5460
1.825, 5459
1.825, 5458
1.825, 5457
1.825, 5456
1.825, 5455
1.825, 5454
1.825, 5453
1.825, 5452
1.825, 5451
1.825, 5450
1.825, 5449
1.825, 5448
1.825, 5447
1.826, 5446
1.826, 5445
1.826, 5444
1.826, 5443
1.826, 5442
1.826, 5441
1.826, 5440
1.826, 5439
1.826, 5438
1.826, 5437
1.826, 5436
1.826, 5435
1.826, 5434
1.826, 5433
1.826, 5432
1.826, 5431
1.826, 5430
1.826, 5429
1.826, 5428
1.826, 5427
1.826, 5426
1.826, 5425
1.826, 5424
1.826, 5423
1.826, 5422
1.826, 5421
1.827, 5420
1.827, 5419
1.827, 5418
1.827, 5417
1.827, 5416
1.827, 5415
1.827, 5414
1.827, 5413
1.827, 5412
1.827, 5411
1.827, 5410
1.827, 5409
1.827, 5408
1.827, 5407
1.827, 5406
1.827, 5405
1.827, 5404
1.827, 5403
1.827, 5402
1.827, 5401
1.827, 5400
1.828, 5399
1.828, 5398
1.828, 5397
1.828, 5396
1.828, 5395
1.828, 5394
1.828, 5393
1.828, 5392
1.828, 5391
1.828, 5390
1.828, 5389
1.828, 5388
1.828, 5387
1.828, 5386
1.828, 5385
1.828, 5384
1.829, 5383
1.829, 5382
1.829, 5381
1.829, 5380
1.829, 5379
1.829, 5378
1.829, 5377
1.829, 5376
1.829, 5375
1.829, 5374
1.829, 5373
1.829, 5372
1.829, 5371
1.829, 5370
1.829, 5369
1.829, 5368
1.829, 5367
1.829, 5366
1.829, 5365
1.829, 5364
1.829, 5363
1.829, 5362
1.829, 5361
1.830, 5360
1.830, 5359
1.830, 5358
1.830, 5357
1.830, 5356
1.830, 5355
1.830, 5354
1.830, 5353
1.830, 5352
1.830, 5351
1.830, 5350
1.830, 5349
1.830, 5348
1.830, 5347
1.830, 5346
1.830, 5345
1.830, 5344
1.830, 5343
1.830, 5342
1.830, 5341
1.830, 5340
1.831, 5339
1.831, 5338
1.831, 5337
1.831, 5336
1.831, 5335
1.831, 5334
1.831, 5333
1.831, 5332
1.831, 5331
1.831, 5330
1.831, 5329
1.831, 5328
1.831, 5327
1.831, 5326
1.831, 5325
1.831, 5324
1.831, 5323
1.831, 5322
1.831, 5321
1.831, 5320
1.832, 5319
1.832, 5318
1.832, 5317
1.832, 5316
1.832, 5315
1.832, 5314
1.832, 5313
1.832, 5312
1.832, 5311
1.832, 5310
1.832, 5309
1.832, 5308
1.832, 5307
1.832, 5306
1.832, 5305
1.832, 5304
1.832, 5303
1.832, 5302
1.832, 5301
1.832, 5300
1.832, 5299
1.832, 5298
1.833, 5297
1.833, 5296
1.833, 5295
1.833, 5294
1.833, 5293
1.833, 5292
1.833, 5291
1.833, 5290
1.833, 5289
1.833, 5288
1.833, 5287
1.833, 5286
1.833, 5285
1.833, 5284
1.833, 5283
1.833, 5282
1.833, 5281
1.833, 5280
1.833, 5279
1.833, 5278
1.833, 5277
1.833, 5276
1.833, 5275
1.833, 5274
1.834, 5273
1.834, 5272
1.834, 5271
1.834, 5270
1.834, 5269
1.834, 5268
1.834, 5267
1.834, 5266
1.834, 5265
1.834, 5264
1.834, 5263
1.834, 5262
1.834, 5261
1.834, 5260
1.834, 5259
1.834, 5258
1.834, 5257
1.834, 5256
1.834, 5255
1.834, 5254
1.835, 5253
1.835, 5252
1.835, 5251
1.835, 5250
1.835, 5249
1.835, 5248
1.835, 5247
1.835, 5246
1.835, 5245
1.835, 5244
1.835, 5243
1.835, 5242
1.835, 5241
1.835, 5240
1.835, 5239
1.835, 5238
1.835, 5237
1.835, 5236
1.835, 5235
1.835, 5234
1.835, 5233
1.835, 5232
1.836, 5231
1.836, 5230
1.836, 5229
1.836, 5228
1.836, 5227
1.836, 5226
1.836, 5225
1.836, 5224
1.836, 5223
1.836, 5222
1.836, 5221
1.836, 5220
1.836, 5219
1.836, 5218
1.836, 5217
1.836, 5216
1.836, 5215
1.836, 5214
1.836, 5213
1.836, 5212
1.836, 5211
1.836, 5210
1.836, 5209
1.836, 5208
1.836, 5207
1.836, 5206
1.836, 5205
1.836, 5204
1.837, 5203
1.837, 5202
1.837, 5201
1.837, 5200
1.837, 5199
1.837, 5198
1.837, 5197
1.837, 5196
1.837, 5195
1.837, 5194
1.837, 5193
1.837, 5192
1.837, 5191
1.837, 5190
1.837, 5189
1.837, 5188
1.837, 5187
1.837, 5186
1.837, 5185
1.837, 5184
1.837, 5183
1.837, 5182
1.837, 5181
1.838, 5180
1.838, 5179
1.838, 5178
1.838, 5177
1.838, 5176
1.838, 5175
1.838, 5174
1.838, 5173
1.838, 5172
1.838, 5171
1.838, 5170
1.838, 5169
1.838, 5168
1.838, 5167
1.838, 5166
1.838, 5165
1.838, 5164
1.838, 5163
1.838, 5162
1.838, 5161
1.838, 5160
1.838, 5159
1.838, 5158
1.838, 5157
1.838, 5156
1.838, 5155
1.838, 5154
1.839, 5153
1.839, 5152
1.839, 5151
1.839, 5150
1.839, 5149
1.839, 5148
1.839, 5147
1.839, 5146
1.839, 5145
1.839, 5144
1.839, 5143
1.839, 5142
1.839, 5141
1.839, 5140
1.839, 5139
1.839, 5138
1.839, 5137
1.839, 5136
1.839, 5135
1.839, 5134
1.840, 5133
1.840, 5132
1.840, 5131
1.840, 5130
1.840, 5129
1.840, 5128
1.840, 5127
1.840, 5126
1.840, 5125
1.840, 5124
1.840, 5123
1.840, 5122
1.840, 5121
1.840, 5120
1.840, 5119
1.840, 5118
1.840, 5117
1.840, 5116
1.840, 5115
1.840, 5114
1.840, 5113
1.840, 5112
1.840, 5111
1.840, 5110
1.840, 5109
1.841, 5108
1.841, 5107
1.841, 5106
1.841, 5105
1.841, 5104
1.841, 5103
1.841, 5102
1.841, 5101
1.841, 5100
1.841, 5099
1.841, 5098
1.841, 5097
1.841, 5096
1.841, 5095
1.841, 5094
1.841, 5093
1.841, 5092
1.841, 5091
1.841, 5090
1.841, 5089
1.842, 5088
1.842, 5087
1.842, 5086
1.842, 5085
1.842, 5084
1.842, 5083
1.842, 5082
1.842, 5081
1.842, 5080
1.842, 5079
1.842, 5078
1.842, 5077
1.842, 5076
1.842, 5075
1.842, 5074
1.842, 5073
1.843, 5072
1.843, 5071
1.843, 5070
1.843, 5069
1.843, 5068
1.843, 5067
1.843, 5066
1.843, 5065
1.843, 5064
1.843, 5063
1.843, 5062
1.843, 5061
1.843, 5060
1.843, 5059
1.843, 5058
1.843, 5057
1.843, 5056
1.843, 5055
1.843, 5054
1.843, 5053
1.843, 5052
1.844, 5051
1.844, 5050
1.844, 5049
1.844, 5048
1.844, 5047
1.844, 5046
1.844, 5045
1.844, 5044
1.844, 5043
1.844, 5042
1.844, 5041
1.844, 5040
1.844, 5039
1.844, 5038
1.844, 5037
1.845, 5036
1.845, 5035
1.845, 5034
1.845, 5033
1.845, 5032
1.845, 5031
1.845, 5030
1.845, 5029
1.845, 5028
1.845, 5027
1.845, 5026
1.845, 5025
1.845, 5024
1.845, 5023
1.845, 5022
1.845, 5021
1.845, 5020
1.845, 5019
1.846, 5018
1.846, 5017
1.846, 5016
1.846, 5015
1.846, 5014
1.846, 5013
1.846, 5012
1.846, 5011
1.846, 5010
1.846, 5009
1.846, 5008
1.846, 5007
1.846, 5006
1.846, 5005
1.846, 5004
1.846, 5003
1.846, 5002
1.846, 5001
1.846, 5000
1.846, 4999
1.846, 4998
1.847, 4997
1.847, 4996
1.847, 4995
1.847, 4994
1.847, 4993
1.847, 4992
1.847, 4991
1.847, 4990
1.847, 4989
1.847, 4988
1.847, 4987
1.847, 4986
1.847, 4985
1.847, 4984
1.847, 4983
1.847, 4982
1.847, 4981
1.847, 4980
1.847, 4979
1.847, 4978
1.847, 4977
1.848, 4976
1.848, 4975
1.848, 4974
1.848, 4973
1.848, 4972
1.848, 4971
1.848, 4970
1.848, 4969
1.848, 4968
1.848, 4967
1.848, 4966
1.848, 4965
1.848, 4964
1.848, 4963
1.848, 4962
1.848, 4961
1.848, 4960
1.849, 4959
1.849, 4958
1.849, 4957
1.849, 4956
1.849, 4955
1.849, 4954
1.849, 4953
1.849, 4952
1.849, 4951
1.849, 4950
1.849, 4949
1.849, 4948
1.849, 4947
1.849, 4946
1.849, 4945
1.849, 4944
1.849, 4943
1.850, 4942
1.850, 4941
1.850, 4940
1.850, 4939
1.850, 4938
1.850, 4937
1.850, 4936
1.850, 4935
1.850, 4934
1.850, 4933
1.850, 4932
1.850, 4931
1.850, 4930
1.850, 4929
1.850, 4928
1.850, 4927
1.850, 4926
1.850, 4925
1.851, 4924
1.851, 4923
1.851, 4922
1.851, 4921
1.851, 4920
1.851, 4919
1.851, 4918
1.851, 4917
1.851, 4916
1.851, 4915
1.851, 4914
1.851, 4913
1.851, 4912
1.851, 4911
1.851, 4910
1.851, 4909
1.851, 4908
1.852, 4907
1.852, 4906
1.852, 4905
1.852, 4904
1.852, 4903
1.852, 4902
1.852, 4901
1.852, 4900
1.852, 4899
1.852, 4898
1.852, 4897
1.852, 4896
1.852, 4895
1.852, 4894
1.852, 4893
1.852, 4892
1.852, 4891
1.852, 4890
1.853, 4889
1.853, 4888
1.853, 4887
1.853, 4886
1.853, 4885
1.853, 4884
1.853, 4883
1.853, 4882
1.853, 4881
1.853, 4880
1.853, 4879
1.853, 4878
1.853, 4877
1.853, 4876
1.853, 4875
1.853, 4874
1.853, 4873
1.853, 4872
1.853, 4871
1.853, 4870
1.854, 4869
1.854, 4868
1.854, 4867
1.854, 4866
1.854, 4865
1.854, 4864
1.854, 4863
1.854, 4862
1.854, 4861
1.854, 4860
1.854, 4859
1.854, 4858
1.854, 4857
1.854, 4856
1.854, 4855
1.854, 4854
1.854, 4853
1.854, 4852
1.855, 4851
1.855, 4850
1.855, 4849
1.855, 4848
1.855, 4847
1.855, 4846
1.855, 4845
1.855, 4844
1.855, 4843
1.855, 4842
1.855, 4841
1.855, 4840
1.855, 4839
1.855, 4838
1.855, 4837
1.855, 4836
1.855, 4835
1.855, 4834
1.855, 4833
1.856, 4832
1.856, 4831
1.856, 4830
1.856, 4829
1.856, 4828
1.856, 4827
1.856, 4826
1.856, 4825
1.856, 4824
1.856, 4823
1.856, 4822
1.856, 4821
1.856, 4820
1.856, 4819
1.856, 4818
1.856, 4817
1.856, 4816
1.856, 4815
1.856, 4814
1.856, 4813
1.856, 4812
1.856, 4811
1.856, 4810
1.856, 4809
1.857, 4808
1.857, 4807
1.857, 4806
1.857, 4805
1.857, 4804
1.857, 4803
1.857, 4802
1.857, 4801
1.857, 4800
1.857, 4799
1.857, 4798
1.857, 4797
1.857, 4796
1.857, 4795
1.857, 4794
1.857, 4793
1.857, 4792
1.858, 4791
1.858, 4790
1.858, 4789
1.858, 4788
1.858, 4787
1.858, 4786
1.858, 4785
1.858, 4784
1.858, 4783
1.858, 4782
1.858, 4781
1.858, 4780
1.858, 4779
1.858, 4778
1.858, 4777
1.858, 4776
1.858, 4775
1.858, 4774
1.858, 4773
1.858, 4772
1.859, 4771
1.859, 4770
1.859, 4769
1.859, 4768
1.859, 4767
1.859, 4766
1.859, 4765
1.859, 4764
1.859, 4763
1.859, 4762
1.859, 4761
1.859, 4760
1.859, 4759
1.859, 4758
1.859, 4757
1.859, 4756
1.859, 4755
1.859, 4754
1.859, 4753
1.860, 4752
1.860, 4751
1.860, 4750
1.860, 4749
1.860, 4748
1.860, 4747
1.860, 4746
1.860, 4745
1.860, 4744
1.860, 4743
1.860, 4742
1.860, 4741
1.860, 4740
1.860, 4739
1.860, 4738
1.860, 4737
1.860, 4736
1.860, 4735
1.860, 4734
1.860, 4733
1.860, 4732
1.860, 4731
1.861, 4730
1.861, 4729
1.861, 4728
1.861, 4727
1.861, 4726
1.861, 4725
1.861, 4724
1.861, 4723
1.861, 4722
1.861, 4721
1.861, 4720
1.861, 4719
1.861, 4718
1.861, 4717
1.861, 4716
1.861, 4715
1.861, 4714
1.861, 4713
1.861, 4712
1.861, 4711
1.861, 4710
1.861, 4709
1.862, 4708
1.862, 4707
1.862, 4706
1.862, 4705
1.862, 4704
1.862, 4703
1.862, 4702
1.862, 4701
1.862, 4700
1.862, 4699
1.862, 4698
1.862, 4697
1.862, 4696
1.862, 4695
1.862, 4694
1.862, 4693
1.862, 4692
1.862, 4691
1.862, 4690
1.862, 4689
1.863, 4688
1.863, 4687
1.863, 4686
1.863, 4685
1.863, 4684
1.863, 4683
1.863, 4682
1.863, 4681
1.863, 4680
1.863, 4679
1.863, 4678
1.863, 4677
1.863, 4676
1.863, 4675
1.863, 4674
1.863, 4673
1.863, 4672
1.863, 4671
1.864, 4670
1.864, 4669
1.864, 4668
1.864, 4667
1.864, 4666
1.864, 4665
1.864, 4664
1.864, 4663
1.864, 4662
1.864, 4661
1.864, 4660
1.864, 4659
1.864, 4658
1.864, 4657
1.864, 4656
1.864, 4655
1.864, 4654
1.864, 4653
1.864, 4652
1.864, 4651
1.864, 4650
1.864, 4649
1.865, 4648
1.865, 4647
1.865, 4646
1.865, 4645
1.865, 4644
1.865, 4643
1.865, 4642
1.865, 4641
1.865, 4640
1.865, 4639
1.865, 4638
1.865, 4637
1.865, 4636
1.865, 4635
1.865, 4634
1.866, 4633
1.866, 4632
1.866, 4631
1.866, 4630
1.866, 4629
1.866, 4628
1.866, 4627
1.866, 4626
1.866, 4625
1.866, 4624
1.866, 4623
1.866, 4622
1.866, 4621
1.866, 4620
1.866, 4619
1.866, 4618
1.866, 4617
1.866, 4616
1.866, 4615
1.866, 4614
1.866, 4613
1.867, 4612
1.867, 4611
1.867, 4610
1.867, 4609
1.867, 4608
1.867, 4607
1.867, 4606
1.867, 4605
1.867, 4604
1.867, 4603
1.867, 4602
1.867, 4601
1.867, 4600
1.867, 4599
1.867, 4598
1.867, 4597
1.867, 4596
1.867, 4595
1.867, 4594
1.867, 4593
1.867, 4592
1.868, 4591
1.868, 4590
1.868, 4589
1.868, 4588
1.868, 4587
1.868, 4586
1.868, 4585
1.868, 4584
1.868, 4583
1.868, 4582
1.868, 4581
1.868, 4580
1.868, 4579
1.868, 4578
1.868, 4577
1.868, 4576
1.868, 4575
1.868, 4574
1.869, 4573
1.869, 4572
1.869, 4571
1.869, 4570
1.869, 4569
1.869, 4568
1.869, 4567
1.869, 4566
1.869, 4565
1.869, 4564
1.869, 4563
1.869, 4562
1.869, 4561
1.869, 4560
1.869, 4559
1.869, 4558
1.869, 4557
1.869, 4556
1.869, 4555
1.869, 4554
1.869, 4553
1.870, 4552
1.870, 4551
1.870, 4550
1.870, 4549
1.870, 4548
1.870, 4547
1.870, 4546
1.870, 4545
1.870, 4544
1.870, 4543
1.870, 4542
1.870, 4541
1.870, 4540
1.870, 4539
1.870, 4538
1.870, 4537
1.870, 4536
1.870, 4535
1.870, 4534
1.871, 4533
1.871, 4532
1.871, 4531
1.871, 4530
1.871, 4529
1.871, 4528
1.871, 4527
1.871, 4526
1.871, 4525
1.871, 4524
1.871, 4523
1.871, 4522
1.871, 4521
1.871, 4520
1.871, 4519
1.872, 4518
1.872, 4517
1.872, 4516
1.872, 4515
1.872, 4514
1.872, 4513
1.872, 4512
1.872, 4511
1.872, 4510
1.872, 4509
1.872, 4508
1.872, 4507
1.872, 4506
1.872, 4505
1.872, 4504
1.872, 4503
1.872, 4502
1.872, 4501
1.872, 4500
1.872, 4499
1.873, 4498
1.873, 4497
1.873, 4496
1.873, 4495
1.873, 4494
1.873, 4493
1.873, 4492
1.873, 4491
1.873, 4490
1.873, 4489
1.873, 4488
1.873, 4487
1.873, 4486
1.873, 4485
1.873, 4484
1.873, 4483
1.873, 4482
1.873, 4481
1.873, 4480
1.873, 4479
1.873, 4478
1.873, 4477
1.873, 4476
1.873, 4475
1.874, 4474
1.874, 4473
1.874, 4472
1.874, 4471
1.874, 4470
1.874, 4469
1.874, 4468
1.874, 4467
1.874, 4466
1.874, 4465
1.874, 4464
1.874, 4463
1.874, 4462
1.874, 4461
1.874, 4460
1.874, 4459
1.874, 4458
1.874, 4457
1.874, 4456
1.874, 4455
1.875, 4454
1.875, 4453
1.875, 4452
1.875, 4451
1.875, 4450
1.875, 4449
1.875, 4448
1.875, 4447
1.875, 4446
1.875, 4445
1.875, 4444
1.875, 4443
1.875, 4442
1.875, 4441
1.875, 4440
1.875, 4439
1.875, 4438
1.875, 4437
1.875, 4436
1.875, 4435
1.875, 4434
1.876, 4433
1.876, 4432
1.876, 4431
1.876, 4430
1.876, 4429
1.876, 4428
1.876, 4427
1.876, 4426
1.876, 4425
1.876, 4424
1.876, 4423
1.876, 4422
1.876, 4421
1.876, 4420
1.876, 4419
1.876, 4418
1.876, 4417
1.877, 4416
1.877, 4415
1.877, 4414
1.877, 4413
1.877, 4412
1.877, 4411
1.877, 4410
1.877, 4409
1.877, 4408
1.877, 4407
1.877, 4406
1.877, 4405
1.877, 4404
1.877, 4403
1.877, 4402
1.877, 4401
1.877, 4400
1.877, 4399
1.877, 4398
1.877, 4397
1.877, 4396
1.878, 4395
1.878, 4394
1.878, 4393
1.878, 4392
1.878, 4391
1.878, 4390
1.878, 4389
1.878, 4388
1.878, 4387
1.878, 4386
1.878, 4385
1.878, 4384
1.878, 4383
1.878, 4382
1.878, 4381
1.878, 4380
1.878, 4379
1.878, 4378
1.878, 4377
1.879, 4376
1.879, 4375
1.879, 4374
1.879, 4373
1.879, 4372
1.879, 4371
1.879, 4370
1.879, 4369
1.879, 4368
1.879, 4367
1.879, 4366
1.879, 4365
1.879, 4364
1.879, 4363
1.879, 4362
1.879, 4361
1.879, 4360
1.879, 4359
1.879, 4358
1.879, 4357
1.879, 4356
1.880, 4355
1.880, 4354
1.880, 4353
1.880, 4352
1.880, 4351
1.880, 4350
1.880, 4349
1.880, 4348
1.880, 4347
1.880, 4346
1.880, 4345
1.880, 4344
1.880, 4343
1.880, 4342
1.880, 4341
1.880, 4340
1.880, 4339
1.881, 4338
1.881, 4337
1.881, 4336
1.881, 4335
1.881, 4334
1.881, 4333
1.881, 4332
1.881, 4331
1.881, 4330
1.881, 4329
1.881, 4328
1.881, 4327
1.881, 4326
1.881, 4325
1.881, 4324
1.881, 4323
1.881, 4322
1.881, 4321
1.881, 4320
1.881, 4319
1.881, 4318
1.881, 4317
1.881, 4316
1.882, 4315
1.882, 4314
1.882, 4313
1.882, 4312
1.882, 4311
1.882, 4310
1.882, 4309
1.882, 4308
1.882, 4307
1.882, 4306
1.882, 4305
1.882, 4304
1.882, 4303
1.882, 4302
1.882, 4301
1.882, 4300
1.882, 4299
1.882, 4298
1.883, 4297
1.883, 4296
1.883, 4295
1.883, 4294
1.883, 4293
1.883, 4292
1.883, 4291
1.883, 4290
1.883, 4289
1.883, 4288
1.883, 4287
1.883, 4286
1.883, 4285
1.883, 4284
1.883, 4283
1.883, 4282
1.883, 4281
1.883, 4280
1.883, 4279
1.883, 4278
1.883, 4277
1.884, 4276
1.884, 4275
1.884, 4274
1.884, 4273
1.884, 4272
1.884, 4271
1.884, 4270
1.884, 4269
1.884, 4268
1.884, 4267
1.884, 4266
1.884, 4265
1.884, 4264
1.884, 4263
1.884, 4262
1.884, 4261
1.885, 4260
1.885, 4259
1.885, 4258
1.885, 4257
1.885, 4256
1.885, 4255
1.885, 4254
1.885, 4253
1.885, 4252
1.885, 4251
1.885, 4250
1.885, 4249
1.885, 4248
1.885, 4247
1.885, 4246
1.885, 4245
1.886, 4244
1.886, 4243
1.886, 4242
1.886, 4241
1.886, 4240
1.886, 4239
1.886, 4238
1.886, 4237
1.886, 4236
1.886, 4235
1.886, 4234
1.886, 4233
1.886, 4232
1.886, 4231
1.886, 4230
1.886, 4229
1.886, 4228
1.886, 4227
1.887, 4226
1.887, 4225
1.887, 4224
1.887, 4223
1.887, 4222
1.887, 4221
1.887, 4220
1.887, 4219
1.887, 4218
1.887, 4217
1.887, 4216
1.887, 4215
1.887, 4214
1.887, 4213
1.887, 4212
1.887, 4211
1.887, 4210
1.887, 4209
1.887, 4208
1.888, 4207
1.888, 4206
1.888, 4205
1.888, 4204
1.888, 4203
1.888, 4202
1.888, 4201
1.888, 4200
1.888, 4199
1.888, 4198
1.888, 4197
1.888, 4196
1.888, 4195
1.888, 4194
1.888, 4193
1.888, 4192
1.889, 4191
1.889, 4190
1.889, 4189
1.889, 4188
1.889, 4187
1.889, 4186
1.889, 4185
1.889, 4184
1.889, 4183
1.889, 4182
1.889, 4181
1.889, 4180
1.889, 4179
1.889, 4178
1.890, 4177
1.890, 4176
1.890, 4175
1.890, 4174
1.890, 4173
1.890, 4172
1.890, 4171
1.890, 4170
1.890, 4169
1.890, 4168
1.890, 4167
1.890, 4166
1.890, 4165
1.890, 4164
1.890, 4163
1.890, 4162
1.891, 4161
1.891, 4160
1.891, 4159
1.891, 4158
1.891, 4157
1.891, 4156
1.891, 4155
1.891, 4154
1.891, 4153
1.891, 4152
1.891, 4151
1.891, 4150
1.892, 4149
1.892, 4148
1.892, 4147
1.892, 4146
1.892, 4145
1.892, 4144
1.892, 4143
1.892, 4142
1.892, 4141
1.892, 4140
1.892, 4139
1.892, 4138
1.892, 4137
1.892, 4136
1.893, 4135
1.893, 4134
1.893, 4133
1.893, 4132
1.893, 4131
1.893, 4130
1.893, 4129
1.893, 4128
1.893, 4127
1.893, 4126
1.893, 4125
1.893, 4124
1.893, 4123
1.893, 4122
1.893, 4121
1.893, 4120
1.893, 4119
1.893, 4118
1.894, 4117
1.894, 4116
1.894, 4115
1.894, 4114
1.894, 4113
1.894, 4112
1.894, 4111
1.894, 4110
1.894, 4109
1.894, 4108
1.894, 4107
1.894, 4106
1.894, 4105
1.894, 4104
1.894, 4103
1.895, 4102
1.895, 4101
1.895, 4100
1.895, 4099
1.895, 4098
1.895, 4097
1.895, 4096
1.895, 4095
1.895, 4094
1.895, 4093
1.895, 4092
1.895, 4091
1.895, 4090
1.895, 4089
1.895, 4088
1.895, 4087
1.895, 4086
1.895, 4085
1.896, 4084
1.896, 4083
1.896, 4082
1.896, 4081
1.896, 4080
1.896, 4079
1.896, 4078
1.896, 4077
1.896, 4076
1.896, 4075
1.896, 4074
1.896, 4073
1.896, 4072
1.896, 4071
1.896, 4070
1.896, 4069
1.896, 4068
1.896, 4067
1.896, 4066
1.896, 4065
1.897, 4064
1.897, 4063
1.897, 4062
1.897, 4061
1.897, 4060
1.897, 4059
1.897, 4058
1.897, 4057
1.897, 4056
1.897, 4055
1.897, 4054
1.897, 4053
1.897, 4052
1.897, 4051
1.897, 4050
1.897, 4049
1.897, 4048
1.897, 4047
1.898, 4046
1.898, 4045
1.898, 4044
1.898, 4043
1.898, 4042
1.898, 4041
1.898, 4040
1.898, 4039
1.898, 4038
1.898, 4037
1.898, 4036
1.898, 4035
1.898, 4034
1.898, 4033
1.898, 4032
1.898, 4031
1.898, 4030
1.898, 4029
1.899, 4028
1.899, 4027
1.899, 4026
1.899, 4025
1.899, 4024
1.899, 4023
1.899, 4022
1.899, 4021
1.899, 4020
1.899, 4019
1.899, 4018
1.899, 4017
1.899, 4016
1.899, 4015
1.899, 4014
1.899, 4013
1.899, 4012
1.899, 4011
1.899, 4010
1.900, 4009
1.900, 4008
1.900, 4007
1.900, 4006
1.900, 4005
1.900, 4004
1.900, 4003
1.900, 4002
1.900, 4001
1.900, 4000
1.900, 3999
1.900, 3998
1.901, 3997
1.901, 3996
1.901, 3995
1.901, 3994
1.901, 3993
1.901, 3992
1.901, 3991
1.901, 3990
1.901, 3989
1.901, 3988
1.901, 3987
1.901, 3986
1.901, 3985
1.901, 3984
1.901, 3983
1.901, 3982
1.901, 3981
1.901, 3980
1.902, 3979
1.902, 3978
1.902, 3977
1.902, 3976
1.902, 3975
1.902, 3974
1.902, 3973
1.902, 3972
1.902, 3971
1.902, 3970
1.902, 3969
1.902, 3968
1.902, 3967
1.902, 3966
1.902, 3965
1.902, 3964
1.902, 3963
1.902, 3962
1.902, 3961
1.903, 3960
1.903, 3959
1.903, 3958
1.903, 3957
1.903, 3956
1.903, 3955
1.903, 3954
1.903, 3953
1.903, 3952
1.903, 3951
1.903, 3950
1.903, 3949
1.903, 3948
1.903, 3947
1.903, 3946
1.903, 3945
1.903, 3944
1.903, 3943
1.903, 3942
1.904, 3941
1.904, 3940
1.904, 3939
1.904, 3938
1.904, 3937
1.904, 3936
1.904, 3935
1.904, 3934
1.904, 3933
1.904, 3932
1.904, 3931
1.904, 3930
1.904, 3929
1.904, 3928
1.904, 3927
1.905, 3926
1.905, 3925
1.905, 3924
1.905, 3923
1.905, 3922
1.905, 3921
1.905, 3920
1.905, 3919
1.905, 3918
1.905, 3917
1.905, 3916
1.905, 3915
1.905, 3914
1.905, 3913
1.905, 3912
1.905, 3911
1.906, 3910
1.906, 3909
1.906, 3908
1.906, 3907
1.906, 3906
1.906, 3905
1.906, 3904
1.906, 3903
1.906, 3902
1.906, 3901
1.906, 3900
1.906, 3899
1.906, 3898
1.906, 3897
1.906, 3896
1.906, 3895
1.906, 3894
1.906, 3893
1.907, 3892
1.907, 3891
1.907, 3890
1.907, 3889
1.907, 3888
1.907, 3887
1.907, 3886
1.907, 3885
1.907, 3884
1.907, 3883
1.907, 3882
1.907, 3881
1.907, 3880
1.907, 3879
1.907, 3878
1.907, 3877
1.907, 3876
1.907, 3875
1.907, 3874
1.907, 3873
1.908, 3872
1.908, 3871
1.908, 3870
1.908, 3869
1.908, 3868
1.908, 3867
1.908, 3866
1.908, 3865
1.908, 3864
1.908, 3863
1.908, 3862
1.908, 3861
1.908, 3860
1.908, 3859
1.908, 3858
1.908, 3857
1.908, 3856
1.908, 3855
1.909, 3854
1.909, 3853
1.909, 3852
1.909, 3851
1.909, 3850
1.909, 3849
1.909, 3848
1.909, 3847
1.909, 3846
1.909, 3845
1.909, 3844
1.909, 3843
1.909, 3842
1.909, 3841
1.909, 3840
1.909, 3839
1.909, 3838
1.909, 3837
1.910, 3836
1.910, 3835
1.910, 3834
1.910, 3833
1.910, 3832
1.910, 3831
1.910, 3830
1.910, 3829
1.910, 3828
1.910, 3827
1.910, 3826
1.910, 3825
1.910, 3824
1.910, 3823
1.910, 3822
1.911, 3821
1.911, 3820
1.911, 3819
1.911, 3818
1.911, 3817
1.911, 3816
1.911, 3815
1.911, 3814
1.911, 3813
1.911, 3812
1.911, 3811
1.911, 3810
1.911, 3809
1.911, 3808
1.911, 3807
1.912, 3806
1.912, 3805
1.912, 3804
1.912, 3803
1.912, 3802
1.912, 3801
1.912, 3800
1.912, 3799
1.912, 3798
1.912, 3797
1.912, 3796
1.912, 3795
1.912, 3794
1.912, 3793
1.912, 3792
1.912, 3791
1.913, 3790
1.913, 3789
1.913, 3788
1.913, 3787
1.913, 3786
1.913, 3785
1.913, 3784
1.913, 3783
1.913, 3782
1.913, 3781
1.913, 3780
1.913, 3779
1.913, 3778
1.913, 3777
1.913, 3776
1.913, 3775
1.913, 3774
1.913, 3773
1.914, 3772
1.914, 3771
1.914, 3770
1.914, 3769
1.914, 3768
1.914, 3767
1.914, 3766
1.914, 3765
1.914, 3764
1.914, 3763
1.914, 3762
1.914, 3761
1.914, 3760
1.914, 3759
1.914, 3758
1.914, 3757
1.915, 3756
1.915, 3755
1.915, 3754
1.915, 3753
1.915, 3752
1.915, 3751
1.915, 3750
1.915, 3749
1.915, 3748
1.915, 3747
1.915, 3746
1.915, 3745
1.915, 3744
1.916, 3743
1.916, 3742
1.916, 3741
1.916, 3740
1.916, 3739
1.916, 3738
1.916, 3737
1.916, 3736
1.916, 3735
1.916, 3734
1.916, 3733
1.916, 3732
1.916, 3731
1.916, 3730
1.916, 3729
1.916, 3728
1.917, 3727
1.917, 3726
1.917, 3725
1.917, 3724
1.917, 3723
1.917, 3722
1.917, 3721
1.917, 3720
1.917, 3719
1.917, 3718
1.917, 3717
1.917, 3716
1.917, 3715
1.917, 3714
1.917, 3713
1.917, 3712
1.918, 3711
1.918, 3710
1.918, 3709
1.918, 3708
1.918, 3707
1.918, 3706
1.918, 3705
1.918, 3704
1.918, 3703
1.918, 3702
1.918, 3701
1.918, 3700
1.918, 3699
1.918, 3698
1.918, 3697
1.918, 3696
1.918, 3695
1.918, 3694
1.919, 3693
1.919, 3692
1.919, 3691
1.919, 3690
1.919, 3689
1.919, 3688
1.919, 3687
1.919, 3686
1.919, 3685
1.919, 3684
1.919, 3683
1.919, 3682
1.919, 3681
1.919, 3680
1.919, 3679
1.919, 3678
1.920, 3677
1.920, 3676
1.920, 3675
1.920, 3674
1.920, 3673
1.920, 3672
1.920, 3671
1.920, 3670
1.920, 3669
1.920, 3668
1.920, 3667
1.920, 3666
1.920, 3665
1.920, 3664
1.920, 3663
1.920, 3662
1.921, 3661
1.921, 3660
1.921, 3659
1.921, 3658
1.921, 3657
1.921, 3656
1.921, 3655
1.921, 3654
1.921, 3653
1.921, 3652
1.921, 3651
1.921, 3650
1.921, 3649
1.921, 3648
1.921, 3647
1.921, 3646
1.921, 3645
1.921, 3644
1.922, 3643
1.922, 3642
1.922, 3641
1.922, 3640
1.922, 3639
1.922, 3638
1.922, 3637
1.922, 3636
1.922, 3635
1.922, 3634
1.922, 3633
1.922, 3632
1.922, 3631
1.922, 3630
1.922, 3629
1.922, 3628
1.922, 3627
1.923, 3626
1.923, 3625
1.923, 3624
1.923, 3623
1.923, 3622
1.923, 3621
1.923, 3620
1.923, 3619
1.923, 3618
1.923, 3617
1.923, 3616
1.923, 3615
1.923, 3614
1.923, 3613
1.923, 3612
1.924, 3611
1.924, 3610
1.924, 3609
1.924, 3608
1.924, 3607
1.924, 3606
1.924, 3605
1.924, 3604
1.924, 3603
1.924, 3602
1.924, 3601
1.924, 3600
1.924, 3599
1.924, 3598
1.924, 3597
1.924, 3596
1.924, 3595
1.924, 3594
1.924, 3593
1.925, 3592
1.925, 3591
1.925, 3590
1.925, 3589
1.925, 3588
1.925, 3587
1.925, 3586
1.925, 3585
1.925, 3584
1.925, 3583
1.925, 3582
1.925, 3581
1.925, 3580
1.925, 3579
1.925, 3578
1.926, 3577
1.926, 3576
1.926, 3575
1.926, 3574
1.926, 3573
1.926, 3572
1.926, 3571
1.926, 3570
1.926, 3569
1.926, 3568
1.926, 3567
1.926, 3566
1.926, 3565
1.926, 3564
1.926, 3563
1.926, 3562
1.926, 3561
1.926, 3560
1.926, 3559
1.926, 3558
1.927, 3557
1.927, 3556
1.927, 3555
1.927, 3554
1.927, 3553
1.927, 3552
1.927, 3551
1.927, 3550
1.927, 3549
1.927, 3548
1.927, 3547
1.927, 3546
1.927, 3545
1.927, 3544
1.927, 3543
1.927, 3542
1.927, 3541
1.928, 3540
1.928, 3539
1.928, 3538
1.928, 3537
1.928, 3536
1.928, 3535
1.928, 3534
1.928, 3533
1.928, 3532
1.928, 3531
1.928, 3530
1.928, 3529
1.928, 3528
1.928, 3527
1.928, 3526
1.928, 3525
1.928, 3524
1.929, 3523
1.929, 3522
1.929, 3521
1.929, 3520
1.929, 3519
1.929, 3518
1.929, 3517
1.929, 3516
1.929, 3515
1.929, 3514
1.929, 3513
1.929, 3512
1.929, 3511
1.929, 3510
1.930, 3509
1.930, 3508
1.930, 3507
1.930, 3506
1.930, 3505
1.930, 3504
1.930, 3503
1.930, 3502
1.930, 3501
1.930, 3500
1.930, 3499
1.930, 3498
1.930, 3497
1.930, 3496
1.930, 3495
1.930, 3494
1.931, 3493
1.931, 3492
1.931, 3491
1.931, 3490
1.931, 3489
1.931, 3488
1.931, 3487
1.931, 3486
1.931, 3485
1.931, 3484
1.931, 3483
1.931, 3482
1.931, 3481
1.931, 3480
1.931, 3479
1.931, 3478
1.932, 3477
1.932, 3476
1.932, 3475
1.932, 3474
1.932, 3473
1.932, 3472
1.932, 3471
1.932, 3470
1.932, 3469
1.932, 3468
1.932, 3467
1.932, 3466
1.932, 3465
1.932, 3464
1.932, 3463
1.932, 3462
1.932, 3461
1.932, 3460
1.933, 3459
1.933, 3458
1.933, 3457
1.933, 3456
1.933, 3455
1.933, 3454
1.933, 3453
1.933, 3452
1.933, 3451
1.933, 3450
1.933, 3449
1.933, 3448
1.933, 3447
1.933, 3446
1.933, 3445
1.933, 3444
1.933, 3443
1.934, 3442
1.934, 3441
1.934, 3440
1.934, 3439
1.934, 3438
1.934, 3437
1.934, 3436
1.934, 3435
1.934, 3434
1.934, 3433
1.934, 3432
1.934, 3431
1.934, 3430
1.934, 3429
1.934, 3428
1.934, 3427
1.934, 3426
1.935, 3425
1.935, 3424
1.935, 3423
1.935, 3422
1.935, 3421
1.935, 3420
1.935, 3419
1.935, 3418
1.935, 3417
1.935, 3416
1.935, 3415
1.935, 3414
1.935, 3413
1.935, 3412
1.935, 3411
1.935, 3410
1.936, 3409
1.936, 3408
1.936, 3407
1.936, 3406
1.936, 3405
1.936, 3404
1.936, 3403
1.936, 3402
1.936, 3401
1.936, 3400
1.936, 3399
1.936, 3398
1.936, 3397
1.936, 3396
1.936, 3395
1.936, 3394
1.936, 3393
1.937, 3392
1.937, 3391
1.937, 3390
1.937, 3389
1.937, 3388
1.937, 3387
1.937, 3386
1.937, 3385
1.937, 3384
1.937, 3383
1.937, 3382
1.937, 3381
1.937, 3380
1.937, 3379
1.937, 3378
1.937, 3377
1.937, 3376
1.937, 3375
1.937, 3374
1.937, 3373
1.938, 3372
1.938, 3371
1.938, 3370
1.938, 3369
1.938, 3368
1.938, 3367
1.938, 3366
1.938, 3365
1.938, 3364
1.938, 3363
1.938, 3362
1.938, 3361
1.938, 3360
1.938, 3359
1.943, 3358
1.943, 3357
1.943, 3356
1.943, 3355
1.943, 3354
1.943, 3353
1.943, 3352
1.943, 3351
1.943, 3350
1.943, 3349
1.943, 3348
1.943, 3347
1.943, 3346
1.943, 3345
1.943, 3344
1.943, 3343
1.943, 3342
1.943, 3341
1.943, 3340
1.943, 3339
