0.041, 958
0.049, 957
0.049, 956
0.050, 955
0.050, 954
0.050, 953
0.050, 952
0.050, 951
0.050, 950
0.051, 949
0.051, 948
0.051, 947
0.051, 946
0.051, 945
0.052, 944
0.052, 943
0.052, 942
0.052, 941
0.052, 940
0.052, 939
0.052, 938
0.053, 937
0.053, 936
0.053, 935
0.053, 934
0.053, 933
0.053, 932
0.053, 931
0.053, 930
0.054, 929
0.054, 928
0.054, 927
0.054, 926
0.054, 925
0.054, 924
0.054, 923
0.054, 922
0.054, 921
0.055, 920
0.055, 919
0.055, 918
0.055, 917
0.055, 916
0.055, 915
0.055, 914
0.055, 913
0.055, 912
0.056, 911
0.056, 910
0.056, 909
0.056, 908
0.056, 907
0.056, 906
0.056, 905
0.056, 904
0.056, 903
0.056, 902
0.056, 901
0.058, 900
0.058, 899
0.059, 898
0.059, 897
0.059, 896
0.059, 895
0.059, 894
0.059, 893
0.059, 892
0.059, 891
0.059, 890
0.059, 889
0.059, 888
0.059, 887
0.059, 886
0.059, 885
0.060, 884
0.060, 883
0.060, 882
0.060, 881
0.060, 880
0.060, 879
0.060, 878
0.060, 877
0.060, 876
0.060, 875
0.060, 874
0.060, 873
0.060, 872
0.060, 871
0.060, 870
0.060, 869
0.061, 868
0.061, 867
0.061, 866
0.061, 865
0.061, 864
0.061, 863
0.061, 862
0.061, 861
0.061, 860
0.061, 859
0.061, 858
0.061, 857
0.061, 856
0.061, 855
0.061, 854
0.062, 853
0.062, 852
0.062, 851
0.062, 850
0.062, 849
0.062, 848
0.062, 847
0.062, 846
0.062, 845
0.062, 844
0.062, 843
0.062, 842
0.062, 841
0.062, 840
0.062, 839
0.062, 838
0.062, 837
0.062, 836
0.063, 835
0.063, 834
0.063, 833
0.063, 832
0.063, 831
0.063, 830
0.063, 829
0.063, 828
0.063, 827
0.063, 826
0.063, 825
0.063, 824
0.063, 823
0.063, 822
0.063, 821
0.064, 820
0.064, 819
0.064, 818
0.064, 817
0.064, 816
0.064, 815
0.064, 814
0.064, 813
0.064, 812
0.064, 811
0.064, 810
0.064, 809
0.064, 808
0.064, 807
0.064, 806
0.064, 805
0.064, 804
0.064, 803
0.064, 802
0.065, 801
0.065, 800
0.065, 799
0.065, 798
0.065, 797
0.065, 796
0.065, 795
0.065, 794
0.065, 793
0.065, 792
0.065, 791
0.065, 790
0.065, 789
0.065, 788
0.066, 787
0.066, 786
0.066, 785
0.066, 784
0.066, 783
0.066, 782
0.066, 781
0.066, 780
0.066, 779
0.066, 778
0.066, 777
0.066, 776
0.066, 775
0.066, 774
0.066, 773
0.066, 772
0.066, 771
0.067, 770
0.067, 769
0.067, 768
0.067, 767
0.068, 766
0.068, 765
0.068, 764
0.068, 763
0.068, 762
0.068, 761
0.068, 760
0.068, 759
0.068, 758
0.068, 757
0.068, 756
0.068, 755
