0.038, 948
0.045, 947
0.045, 946
0.046, 945
0.046, 944
0.046, 943
0.047, 942
0.047, 941
0.047, 940
0.047, 939
0.047, 938
0.047, 937
0.048, 936
0.048, 935
0.048, 934
0.048, 933
0.049, 932
0.049, 931
0.049, 930
0.049, 929
0.049, 928
0.049, 927
0.050, 926
0.050, 925
0.050, 924
0.050, 923
0.050, 922
0.050, 921
0.051, 920
0.051, 919
0.051, 918
0.051, 917
0.051, 916
0.051, 915
0.051, 914
0.051, 913
0.052, 912
0.052, 911
0.052, 910
0.052, 909
0.052, 908
0.052, 907
0.052, 906
0.052, 905
0.053, 904
0.053, 903
0.053, 902
0.053, 901
0.053, 900
0.053, 899
0.053, 898
0.053, 897
0.054, 896
0.054, 895
0.054, 894
0.054, 893
0.056, 892
0.056, 891
0.056, 890
0.056, 889
0.056, 888
0.057, 887
0.057, 886
0.057, 885
0.057, 884
0.057, 883
0.057, 882
0.057, 881
0.058, 880
0.058, 879
0.058, 878
0.058, 877
0.058, 876
0.058, 875
0.058, 874
0.058, 873
0.058, 872
0.059, 871
0.059, 870
0.059, 869
0.059, 868
0.059, 867
0.059, 866
0.059, 865
0.059, 864
0.059, 863
0.059, 862
0.059, 861
0.059, 860
0.059, 859
0.059, 858
0.059, 857
0.059, 856
0.060, 855
0.060, 854
0.060, 853
0.060, 852
0.060, 851
0.060, 850
0.060, 849
0.060, 848
0.060, 847
0.060, 846
0.060, 845
0.060, 844
0.060, 843
0.060, 842
0.060, 841
0.060, 840
0.061, 839
0.061, 838
0.061, 837
0.061, 836
0.061, 835
0.061, 834
0.061, 833
0.061, 832
0.061, 831
0.061, 830
0.061, 829
0.061, 828
0.061, 827
0.061, 826
0.061, 825
0.061, 824
0.062, 823
0.062, 822
0.062, 821
0.062, 820
0.062, 819
0.062, 818
0.062, 817
0.062, 816
0.062, 815
0.062, 814
0.062, 813
0.062, 812
0.062, 811
0.062, 810
0.062, 809
0.063, 808
0.063, 807
0.063, 806
0.063, 805
0.063, 804
0.063, 803
0.063, 802
0.063, 801
0.063, 800
0.063, 799
0.063, 798
0.063, 797
0.063, 796
0.063, 795
0.063, 794
0.063, 793
0.063, 792
0.064, 791
0.064, 790
0.064, 789
0.064, 788
0.064, 787
0.064, 786
0.064, 785
0.064, 784
0.064, 783
0.064, 782
0.064, 781
0.064, 780
0.064, 779
0.064, 778
0.064, 777
0.064, 776
0.065, 775
0.065, 774
0.065, 773
0.065, 772
0.065, 771
0.065, 770
0.065, 769
0.065, 768
0.065, 767
0.065, 766
0.065, 765
0.065, 764
0.065, 763
0.065, 762
0.065, 761
0.065, 760
0.066, 759
0.066, 758
0.066, 757
0.067, 756
0.067, 755
0.067, 754
