0.038, 944
0.044, 943
0.044, 942
0.044, 941
0.045, 940
0.045, 939
0.045, 938
0.045, 937
0.045, 936
0.046, 935
0.046, 934
0.046, 933
0.046, 932
0.046, 931
0.046, 930
0.046, 929
0.047, 928
0.047, 927
0.047, 926
0.047, 925
0.047, 924
0.047, 923
0.048, 922
0.048, 921
0.048, 920
0.048, 919
0.048, 918
0.048, 917
0.048, 916
0.048, 915
0.048, 914
0.048, 913
0.049, 912
0.049, 911
0.049, 910
0.049, 909
0.049, 908
0.049, 907
0.049, 906
0.050, 905
0.050, 904
0.050, 903
0.050, 902
0.050, 901
0.050, 900
0.050, 899
0.050, 898
0.050, 897
0.050, 896
0.051, 895
0.051, 894
0.051, 893
0.051, 892
0.051, 891
0.051, 890
0.053, 889
0.053, 888
0.053, 887
0.053, 886
0.053, 885
0.053, 884
0.054, 883
0.054, 882
0.054, 881
0.054, 880
0.054, 879
0.054, 878
0.054, 877
0.054, 876
0.055, 875
0.055, 874
0.055, 873
0.055, 872
0.055, 871
0.055, 870
0.055, 869
0.055, 868
0.056, 867
0.056, 866
0.056, 865
0.056, 864
0.056, 863
0.056, 862
0.056, 861
0.056, 860
0.056, 859
0.056, 858
0.056, 857
0.056, 856
0.056, 855
0.056, 854
0.056, 853
0.056, 852
0.056, 851
0.057, 850
0.057, 849
0.057, 848
0.057, 847
0.057, 846
0.057, 845
0.057, 844
0.057, 843
0.057, 842
0.057, 841
0.057, 840
0.057, 839
0.057, 838
0.057, 837
0.057, 836
0.057, 835
0.058, 834
0.058, 833
0.058, 832
0.058, 831
0.058, 830
0.058, 829
0.058, 828
0.058, 827
0.058, 826
0.058, 825
0.058, 824
0.058, 823
0.058, 822
0.058, 821
0.058, 820
0.059, 819
0.059, 818
0.059, 817
0.059, 816
0.059, 815
0.059, 814
0.059, 813
0.059, 812
0.059, 811
0.059, 810
0.059, 809
0.059, 808
0.059, 807
0.059, 806
0.060, 805
0.060, 804
0.060, 803
0.060, 802
0.060, 801
0.060, 800
0.060, 799
0.060, 798
0.060, 797
0.060, 796
0.060, 795
0.060, 794
0.060, 793
0.060, 792
0.060, 791
0.060, 790
0.061, 789
0.061, 788
0.061, 787
0.061, 786
0.061, 785
0.061, 784
0.061, 783
0.061, 782
0.061, 781
0.061, 780
0.061, 779
0.061, 778
0.061, 777
0.061, 776
0.061, 775
0.061, 774
0.062, 773
0.062, 772
0.062, 771
0.062, 770
0.062, 769
0.062, 768
0.062, 767
0.062, 766
0.062, 765
0.062, 764
0.062, 763
0.062, 762
0.062, 761
0.063, 760
0.063, 759
0.063, 758
0.063, 757
0.063, 756
