0.039, 956
0.046, 955
0.047, 954
0.047, 953
0.047, 952
0.047, 951
0.047, 950
0.048, 949
0.048, 948
0.048, 947
0.048, 946
0.049, 945
0.049, 944
0.049, 943
0.049, 942
0.050, 941
0.050, 940
0.050, 939
0.050, 938
0.050, 937
0.050, 936
0.050, 935
0.050, 934
0.050, 933
0.051, 932
0.051, 931
0.051, 930
0.051, 929
0.051, 928
0.051, 927
0.051, 926
0.051, 925
0.052, 924
0.052, 923
0.052, 922
0.052, 921
0.052, 920
0.052, 919
0.052, 918
0.052, 917
0.052, 916
0.053, 915
0.053, 914
0.053, 913
0.053, 912
0.053, 911
0.053, 910
0.053, 909
0.053, 908
0.054, 907
0.054, 906
0.054, 905
0.054, 904
0.054, 903
0.054, 902
0.054, 901
0.054, 900
0.054, 899
0.056, 898
0.056, 897
0.057, 896
0.057, 895
0.057, 894
0.057, 893
0.057, 892
0.057, 891
0.058, 890
0.058, 889
0.058, 888
0.058, 887
0.058, 886
0.058, 885
0.058, 884
0.058, 883
0.059, 882
0.059, 881
0.059, 880
0.059, 879
0.059, 878
0.059, 877
0.059, 876
0.059, 875
0.059, 874
0.059, 873
0.059, 872
0.059, 871
0.060, 870
0.060, 869
0.060, 868
0.060, 867
0.060, 866
0.060, 865
0.060, 864
0.060, 863
0.060, 862
0.060, 861
0.060, 860
0.060, 859
0.060, 858
0.060, 857
0.060, 856
0.060, 855
0.061, 854
0.061, 853
0.061, 852
0.061, 851
0.061, 850
0.061, 849
0.061, 848
0.061, 847
0.061, 846
0.061, 845
0.061, 844
0.061, 843
0.061, 842
0.061, 841
0.061, 840
0.061, 839
0.061, 838
0.061, 837
0.062, 836
0.062, 835
0.062, 834
0.062, 833
0.062, 832
0.062, 831
0.062, 830
0.062, 829
0.062, 828
0.062, 827
0.062, 826
0.062, 825
0.062, 824
0.062, 823
0.063, 822
0.063, 821
0.063, 820
0.063, 819
0.063, 818
0.063, 817
0.063, 816
0.063, 815
0.063, 814
0.063, 813
0.063, 812
0.063, 811
0.063, 810
0.063, 809
0.063, 808
0.063, 807
0.063, 806
0.063, 805
0.064, 804
0.064, 803
0.064, 802
0.064, 801
0.064, 800
0.064, 799
0.064, 798
0.064, 797
0.064, 796
0.064, 795
0.064, 794
0.064, 793
0.064, 792
0.064, 791
0.064, 790
0.064, 789
0.064, 788
0.064, 787
0.065, 786
0.065, 785
0.065, 784
0.065, 783
0.065, 782
0.065, 781
0.065, 780
0.065, 779
0.065, 778
0.065, 777
0.065, 776
0.065, 775
0.065, 774
0.065, 773
0.065, 772
0.066, 771
0.066, 770
0.066, 769
0.066, 768
0.066, 767
0.066, 766
0.066, 765
0.066, 764
0.066, 763
0.066, 762
0.066, 761
