0.041, 952
0.049, 951
0.049, 950
0.049, 949
0.050, 948
0.050, 947
0.050, 946
0.050, 945
0.050, 944
0.051, 943
0.051, 942
0.051, 941
0.051, 940
0.051, 939
0.051, 938
0.052, 937
0.052, 936
0.052, 935
0.052, 934
0.052, 933
0.052, 932
0.052, 931
0.052, 930
0.053, 929
0.053, 928
0.053, 927
0.053, 926
0.053, 925
0.053, 924
0.053, 923
0.053, 922
0.054, 921
0.054, 920
0.054, 919
0.054, 918
0.054, 917
0.054, 916
0.054, 915
0.054, 914
0.055, 913
0.055, 912
0.055, 911
0.055, 910
0.055, 909
0.055, 908
0.055, 907
0.055, 906
0.055, 905
0.055, 904
0.056, 903
0.056, 902
0.056, 901
0.056, 900
0.056, 899
0.056, 898
0.056, 897
0.056, 896
0.056, 895
0.056, 894
0.057, 893
0.058, 892
0.059, 891
0.059, 890
0.059, 889
0.059, 888
0.059, 887
0.059, 886
0.059, 885
0.059, 884
0.060, 883
0.060, 882
0.060, 881
0.060, 880
0.060, 879
0.060, 878
0.060, 877
0.061, 876
0.061, 875
0.061, 874
0.061, 873
0.061, 872
0.061, 871
0.061, 870
0.061, 869
0.061, 868
0.061, 867
0.061, 866
0.062, 865
0.062, 864
0.062, 863
0.062, 862
0.062, 861
0.062, 860
0.062, 859
0.062, 858
0.062, 857
0.062, 856
0.062, 855
0.062, 854
0.062, 853
0.062, 852
0.062, 851
0.062, 850
0.063, 849
0.063, 848
0.063, 847
0.063, 846
0.063, 845
0.063, 844
0.063, 843
0.063, 842
0.063, 841
0.063, 840
0.063, 839
0.063, 838
0.063, 837
0.063, 836
0.063, 835
0.063, 834
0.064, 833
0.064, 832
0.064, 831
0.064, 830
0.064, 829
0.064, 828
0.064, 827
0.064, 826
0.064, 825
0.064, 824
0.064, 823
0.064, 822
0.064, 821
0.064, 820
0.064, 819
0.065, 818
0.065, 817
0.065, 816
0.065, 815
0.065, 814
0.065, 813
0.065, 812
0.065, 811
0.065, 810
0.065, 809
0.065, 808
0.065, 807
0.065, 806
0.065, 805
0.065, 804
0.065, 803
0.065, 802
0.066, 801
0.066, 800
0.066, 799
0.066, 798
0.066, 797
0.066, 796
0.066, 795
0.066, 794
0.066, 793
0.066, 792
0.066, 791
0.066, 790
0.066, 789
0.066, 788
0.066, 787
0.066, 786
0.066, 785
0.066, 784
0.067, 783
0.067, 782
0.067, 781
0.067, 780
0.067, 779
0.067, 778
0.067, 777
0.067, 776
0.067, 775
0.067, 774
0.067, 773
0.067, 772
0.067, 771
0.067, 770
0.067, 769
0.067, 768
0.068, 767
0.068, 766
0.068, 765
0.068, 764
0.068, 763
0.068, 762
0.068, 761
0.068, 760
0.068, 759
0.068, 758
