0.055, 856
0.063, 855
0.063, 854
0.064, 853
0.064, 852
0.064, 851
0.065, 850
0.065, 849
0.065, 848
0.065, 847
0.066, 846
0.066, 845
0.066, 844
0.066, 843
0.067, 842
0.067, 841
0.067, 840
0.067, 839
0.067, 838
0.067, 837
0.067, 836
0.068, 835
0.068, 834
0.068, 833
0.068, 832
0.068, 831
0.068, 830
0.068, 829
0.068, 828
0.069, 827
0.069, 826
0.069, 825
0.069, 824
0.069, 823
0.069, 822
0.069, 821
0.069, 820
0.069, 819
0.070, 818
0.070, 817
0.070, 816
0.070, 815
0.070, 814
0.070, 813
0.070, 812
0.070, 811
0.070, 810
0.071, 809
0.071, 808
0.071, 807
0.071, 806
0.071, 805
0.071, 804
0.071, 803
0.071, 802
0.071, 801
0.072, 800
0.072, 799
0.072, 798
0.072, 797
0.072, 796
0.072, 795
0.072, 794
0.072, 793
0.072, 792
0.073, 791
0.073, 790
0.073, 789
0.073, 788
0.073, 787
0.073, 786
0.073, 785
0.073, 784
0.073, 783
0.074, 782
0.074, 781
0.074, 780
0.074, 779
0.074, 778
0.074, 777
0.074, 776
0.074, 775
0.074, 774
0.074, 773
0.074, 772
0.074, 771
0.074, 770
0.075, 769
0.075, 768
0.075, 767
0.075, 766
0.075, 765
0.075, 764
0.075, 763
0.077, 762
0.077, 761
0.077, 760
0.077, 759
0.077, 758
0.077, 757
0.077, 756
0.077, 755
0.077, 754
0.077, 753
0.077, 752
0.077, 751
0.077, 750
0.077, 749
0.077, 748
0.077, 747
0.078, 746
0.078, 745
0.078, 744
0.078, 743
0.078, 742
0.078, 741
0.078, 740
0.078, 739
0.078, 738
0.078, 737
0.078, 736
0.078, 735
0.078, 734
0.078, 733
0.078, 732
0.078, 731
0.078, 730
0.078, 729
0.079, 728
0.079, 727
0.079, 726
0.079, 725
0.079, 724
0.079, 723
0.079, 722
0.079, 721
0.079, 720
0.079, 719
0.079, 718
0.079, 717
0.079, 716
0.080, 715
0.080, 714
0.080, 713
0.080, 712
0.080, 711
0.080, 710
0.080, 709
0.080, 708
0.080, 707
0.080, 706
0.080, 705
0.080, 704
0.080, 703
0.080, 702
0.080, 701
0.080, 700
0.080, 699
0.080, 698
0.080, 697
0.081, 696
0.081, 695
0.081, 694
0.081, 693
0.081, 692
0.081, 691
0.081, 690
0.081, 689
0.081, 688
0.081, 687
0.081, 686
0.081, 685
0.081, 684
0.082, 683
0.082, 682
0.082, 681
0.082, 680
0.082, 679
0.082, 678
0.082, 677
0.082, 676
0.082, 675
0.082, 674
0.082, 673
0.082, 672
0.082, 671
0.082, 670
0.082, 669
0.082, 668
0.082, 667
0.083, 666
0.083, 665
0.084, 664
0.084, 663
0.084, 662
0.084, 661
0.084, 660
0.084, 659
0.084, 658
0.084, 657
0.084, 656
0.084, 655
0.084, 654
0.084, 653
0.084, 652
0.084, 651
0.084, 650
0.084, 649
0.085, 648
0.085, 647
0.085, 646
0.085, 645
0.085, 644
0.085, 643
0.085, 642
0.085, 641
0.085, 640
0.085, 639
0.085, 638
0.085, 637
0.085, 636
0.085, 635
0.085, 634
0.085, 633
0.085, 632
0.085, 631
0.085, 630
0.085, 629
0.086, 628
0.086, 627
