0.052, 880
0.060, 879
0.060, 878
0.060, 877
0.061, 876
0.061, 875
0.061, 874
0.061, 873
0.062, 872
0.062, 871
0.062, 870
0.063, 869
0.063, 868
0.063, 867
0.063, 866
0.063, 865
0.064, 864
0.064, 863
0.064, 862
0.064, 861
0.064, 860
0.064, 859
0.064, 858
0.064, 857
0.065, 856
0.065, 855
0.065, 854
0.065, 853
0.065, 852
0.065, 851
0.065, 850
0.065, 849
0.066, 848
0.066, 847
0.066, 846
0.066, 845
0.066, 844
0.066, 843
0.066, 842
0.066, 841
0.067, 840
0.067, 839
0.067, 838
0.067, 837
0.067, 836
0.067, 835
0.068, 834
0.068, 833
0.068, 832
0.068, 831
0.068, 830
0.068, 829
0.068, 828
0.068, 827
0.068, 826
0.069, 825
0.069, 824
0.069, 823
0.069, 822
0.069, 821
0.069, 820
0.069, 819
0.069, 818
0.069, 817
0.070, 816
0.070, 815
0.070, 814
0.070, 813
0.070, 812
0.070, 811
0.070, 810
0.070, 809
0.070, 808
0.070, 807
0.070, 806
0.070, 805
0.070, 804
0.071, 803
0.071, 802
0.071, 801
0.071, 800
0.071, 799
0.071, 798
0.071, 797
0.071, 796
0.071, 795
0.071, 794
0.071, 793
0.071, 792
0.071, 791
0.071, 790
0.071, 789
0.072, 788
0.072, 787
0.072, 786
0.072, 785
0.072, 784
0.072, 783
0.072, 782
0.072, 781
0.072, 780
0.072, 779
0.072, 778
0.072, 777
0.072, 776
0.072, 775
0.072, 774
0.072, 773
0.072, 772
0.073, 771
0.073, 770
0.073, 769
0.073, 768
0.073, 767
0.073, 766
0.073, 765
0.073, 764
0.073, 763
0.073, 762
0.073, 761
0.073, 760
0.073, 759
0.073, 758
0.073, 757
0.074, 756
0.074, 755
0.074, 754
0.074, 753
0.074, 752
0.074, 751
0.074, 750
0.074, 749
0.074, 748
0.074, 747
0.074, 746
0.074, 745
0.074, 744
0.075, 743
0.075, 742
0.075, 741
0.075, 740
0.075, 739
0.075, 738
0.075, 737
0.075, 736
0.075, 735
0.075, 734
0.075, 733
0.075, 732
0.075, 731
0.075, 730
0.075, 729
0.075, 728
0.075, 727
0.075, 726
0.075, 725
0.075, 724
0.075, 723
0.076, 722
0.076, 721
0.076, 720
0.076, 719
0.076, 718
0.076, 717
0.076, 716
0.076, 715
0.076, 714
0.076, 713
0.076, 712
0.076, 711
0.076, 710
0.076, 709
0.078, 708
0.078, 707
0.078, 706
0.078, 705
0.078, 704
0.078, 703
0.078, 702
0.078, 701
0.079, 700
0.079, 699
0.079, 698
0.079, 697
0.079, 696
0.079, 695
0.079, 694
0.079, 693
0.079, 692
0.079, 691
0.079, 690
0.079, 689
0.080, 688
0.080, 687
0.080, 686
0.080, 685
0.080, 684
0.080, 683
0.080, 682
0.080, 681
0.080, 680
0.080, 679
0.080, 678
0.080, 677
0.080, 676
0.080, 675
0.080, 674
0.081, 673
0.081, 672
0.081, 671
0.081, 670
0.081, 669
0.081, 668
0.081, 667
0.081, 666
0.081, 665
0.081, 664
0.081, 663
0.081, 662
0.081, 661
0.081, 660
0.081, 659
0.081, 658
0.081, 657
0.081, 656
0.081, 655
0.081, 654
0.081, 653
0.081, 652
0.081, 651
0.081, 650
0.081, 649
0.081, 648
0.082, 647
0.082, 646
0.082, 645
0.082, 644
0.082, 643
0.082, 642
0.082, 641
0.082, 640
0.082, 639
0.082, 638
0.082, 637
0.082, 636
0.082, 635
0.082, 634
0.082, 633
0.082, 632
0.082, 631
0.082, 630
0.083, 629
0.083, 628
0.083, 627
0.083, 626
