0.060, 952
0.067, 951
0.067, 950
0.068, 949
0.068, 948
0.068, 947
0.068, 946
0.068, 945
0.069, 944
0.069, 943
0.069, 942
0.069, 941
0.069, 940
0.069, 939
0.069, 938
0.069, 937
0.069, 936
0.070, 935
0.070, 934
0.070, 933
0.070, 932
0.070, 931
0.070, 930
0.070, 929
0.071, 928
0.071, 927
0.071, 926
0.071, 925
0.071, 924
0.071, 923
0.071, 922
0.071, 921
0.071, 920
0.072, 919
0.072, 918
0.072, 917
0.072, 916
0.072, 915
0.072, 914
0.072, 913
0.073, 912
0.073, 911
0.073, 910
0.073, 909
0.073, 908
0.073, 907
0.073, 906
0.073, 905
0.074, 904
0.074, 903
0.074, 902
0.074, 901
0.074, 900
0.074, 899
0.074, 898
0.074, 897
0.074, 896
0.075, 895
0.075, 894
0.075, 893
0.075, 892
0.075, 891
0.075, 890
0.075, 889
0.075, 888
0.075, 887
0.076, 886
0.076, 885
0.076, 884
0.076, 883
0.076, 882
0.076, 881
0.076, 880
0.076, 879
0.076, 878
0.077, 877
0.077, 876
0.077, 875
0.077, 874
0.077, 873
0.077, 872
0.077, 871
0.079, 870
0.079, 869
0.079, 868
0.079, 867
0.079, 866
0.079, 865
0.079, 864
0.079, 863
0.080, 862
0.080, 861
0.080, 860
0.080, 859
0.080, 858
0.080, 857
0.080, 856
0.080, 855
0.080, 854
0.080, 853
0.080, 852
0.080, 851
0.080, 850
0.080, 849
0.080, 848
0.080, 847
0.080, 846
0.081, 845
0.081, 844
0.081, 843
0.081, 842
0.081, 841
0.081, 840
0.081, 839
0.081, 838
0.081, 837
0.081, 836
0.081, 835
0.081, 834
0.081, 833
0.081, 832
0.081, 831
0.081, 830
0.081, 829
0.081, 828
0.081, 827
0.082, 826
0.082, 825
0.082, 824
0.082, 823
0.082, 822
0.082, 821
0.082, 820
0.082, 819
0.082, 818
0.082, 817
0.082, 816
0.082, 815
0.083, 814
0.083, 813
0.083, 812
0.083, 811
0.083, 810
0.083, 809
0.083, 808
0.083, 807
0.083, 806
0.083, 805
0.083, 804
0.083, 803
0.083, 802
0.083, 801
0.083, 800
0.083, 799
0.083, 798
0.083, 797
0.083, 796
0.083, 795
0.084, 794
0.084, 793
0.084, 792
0.084, 791
0.084, 790
0.084, 789
0.084, 788
0.084, 787
0.084, 786
0.084, 785
0.084, 784
0.084, 783
0.084, 782
0.084, 781
0.084, 780
0.084, 779
0.084, 778
0.084, 777
0.085, 776
0.085, 775
0.085, 774
0.085, 773
0.085, 772
0.085, 771
0.085, 770
0.085, 769
0.085, 768
0.085, 767
0.085, 766
0.085, 765
0.085, 764
0.085, 763
0.085, 762
0.085, 761
0.086, 760
0.086, 759
0.086, 758
0.086, 757
0.086, 756
0.086, 755
0.087, 754
0.087, 753
0.087, 752
0.087, 751
0.087, 750
0.087, 749
0.087, 748
0.087, 747
0.087, 746
0.087, 745
0.087, 744
0.087, 743
0.087, 742
0.087, 741
0.087, 740
0.087, 739
0.087, 738
0.087, 737
0.087, 736
0.087, 735
0.087, 734
0.087, 733
0.087, 732
0.088, 731
0.088, 730
0.088, 729
0.088, 728
0.088, 727
0.088, 726
0.088, 725
0.088, 724
0.088, 723
0.088, 722
0.088, 721
0.088, 720
0.088, 719
0.088, 718
0.088, 717
0.088, 716
0.088, 715
0.088, 714
0.088, 713
0.088, 712
0.088, 711
0.088, 710
0.088, 709
0.088, 708
0.089, 707
0.089, 706
0.089, 705
0.089, 704
0.089, 703
0.089, 702
0.089, 701
0.089, 700
0.089, 699
0.089, 698
0.089, 697
0.089, 696
0.089, 695
0.089, 694
0.089, 693
0.089, 692
0.089, 691
0.089, 690
0.089, 689
0.089, 688
0.090, 687
0.090, 686
0.090, 685
0.090, 684
0.090, 683
0.090, 682
0.090, 681
0.090, 680
0.090, 679
0.090, 678
0.090, 677
0.090, 676
0.090, 675
0.090, 674
0.090, 673
0.090, 672
0.090, 671
0.090, 670
0.090, 669
0.090, 668
0.090, 667
0.090, 666
0.090, 665
0.090, 664
0.090, 663
0.091, 662
0.091, 661
0.091, 660
0.091, 659
0.091, 658
0.091, 657
0.091, 656
0.091, 655
0.091, 654
0.091, 653
0.091, 652
0.091, 651
0.091, 650
0.091, 649
0.091, 648
0.091, 647
0.091, 646
0.091, 645
0.091, 644
0.091, 643
0.091, 642
0.091, 641
0.091, 640
0.092, 639
0.092, 638
0.092, 637
0.092, 636
0.092, 635
0.092, 634
0.092, 633
0.092, 632
0.092, 631
0.092, 630
0.092, 629
0.092, 628
