0.051, 920
0.058, 919
0.058, 918
0.059, 917
0.059, 916
0.059, 915
0.059, 914
0.060, 913
0.060, 912
0.060, 911
0.060, 910
0.060, 909
0.060, 908
0.061, 907
0.061, 906
0.061, 905
0.061, 904
0.061, 903
0.061, 902
0.062, 901
0.062, 900
0.062, 899
0.062, 898
0.062, 897
0.062, 896
0.062, 895
0.062, 894
0.063, 893
0.063, 892
0.063, 891
0.063, 890
0.063, 889
0.063, 888
0.063, 887
0.064, 886
0.064, 885
0.064, 884
0.064, 883
0.064, 882
0.064, 881
0.064, 880
0.064, 879
0.065, 878
0.065, 877
0.065, 876
0.065, 875
0.065, 874
0.065, 873
0.065, 872
0.065, 871
0.065, 870
0.066, 869
0.066, 868
0.066, 867
0.066, 866
0.066, 865
0.066, 864
0.066, 863
0.066, 862
0.067, 861
0.067, 860
0.067, 859
0.067, 858
0.067, 857
0.067, 856
0.067, 855
0.067, 854
0.068, 853
0.068, 852
0.068, 851
0.068, 850
0.068, 849
0.068, 848
0.070, 847
0.070, 846
0.070, 845
0.070, 844
0.070, 843
0.070, 842
0.070, 841
0.071, 840
0.071, 839
0.071, 838
0.071, 837
0.071, 836
0.071, 835
0.071, 834
0.071, 833
0.071, 832
0.071, 831
0.071, 830
0.071, 829
0.071, 828
0.071, 827
0.071, 826
0.071, 825
0.072, 824
0.072, 823
0.072, 822
0.072, 821
0.072, 820
0.072, 819
0.072, 818
0.072, 817
0.072, 816
0.072, 815
0.072, 814
0.072, 813
0.072, 812
0.072, 811
0.072, 810
0.072, 809
0.072, 808
0.072, 807
0.072, 806
0.073, 805
0.073, 804
0.073, 803
0.073, 802
0.073, 801
0.073, 800
0.073, 799
0.073, 798
0.073, 797
0.073, 796
0.073, 795
0.073, 794
0.073, 793
0.073, 792
0.073, 791
0.074, 790
0.074, 789
0.074, 788
0.074, 787
0.074, 786
0.074, 785
0.074, 784
0.074, 783
0.074, 782
0.074, 781
0.074, 780
0.074, 779
0.074, 778
0.074, 777
0.074, 776
0.074, 775
0.074, 774
0.074, 773
0.074, 772
0.075, 771
0.075, 770
0.075, 769
0.075, 768
0.075, 767
0.075, 766
0.075, 765
0.075, 764
0.075, 763
0.075, 762
0.075, 761
0.075, 760
0.075, 759
0.075, 758
0.075, 757
0.075, 756
0.075, 755
0.075, 754
0.075, 753
0.075, 752
0.076, 751
0.076, 750
0.076, 749
0.076, 748
0.076, 747
0.076, 746
0.076, 745
0.076, 744
0.076, 743
0.076, 742
0.076, 741
0.076, 740
0.076, 739
0.076, 738
0.076, 737
0.076, 736
0.076, 735
0.076, 734
0.076, 733
0.077, 732
0.077, 731
0.077, 730
0.077, 729
0.078, 728
0.078, 727
0.078, 726
0.078, 725
0.078, 724
0.078, 723
0.078, 722
0.078, 721
0.078, 720
0.078, 719
0.078, 718
0.078, 717
0.078, 716
0.078, 715
0.078, 714
0.078, 713
0.078, 712
0.078, 711
0.079, 710
0.079, 709
0.079, 708
0.079, 707
0.079, 706
0.079, 705
0.079, 704
0.079, 703
0.079, 702
0.079, 701
0.079, 700
0.079, 699
0.079, 698
0.079, 697
0.079, 696
0.079, 695
0.079, 694
0.079, 693
0.079, 692
0.079, 691
0.079, 690
0.079, 689
0.079, 688
0.079, 687
0.080, 686
0.080, 685
0.080, 684
0.080, 683
0.080, 682
0.080, 681
0.080, 680
0.080, 679
0.080, 678
0.080, 677
0.080, 676
0.080, 675
0.080, 674
0.080, 673
0.080, 672
0.080, 671
0.080, 670
0.080, 669
0.080, 668
0.080, 667
0.080, 666
0.081, 665
0.081, 664
0.081, 663
0.081, 662
0.081, 661
0.081, 660
0.081, 659
0.081, 658
0.081, 657
0.081, 656
0.081, 655
0.081, 654
0.081, 653
0.081, 652
0.081, 651
0.081, 650
0.081, 649
0.081, 648
0.081, 647
0.081, 646
0.081, 645
0.082, 644
0.082, 643
0.082, 642
0.082, 641
0.082, 640
0.082, 639
0.082, 638
0.082, 637
0.082, 636
0.082, 635
0.082, 634
0.082, 633
0.082, 632
0.082, 631
0.082, 630
0.082, 629
0.082, 628
0.082, 627
0.082, 626
0.082, 625
0.082, 624
0.082, 623
0.082, 622
