0.046, 886
0.054, 885
0.054, 884
0.054, 883
0.055, 882
0.055, 881
0.055, 880
0.055, 879
0.055, 878
0.056, 877
0.056, 876
0.056, 875
0.056, 874
0.056, 873
0.057, 872
0.057, 871
0.057, 870
0.057, 869
0.057, 868
0.057, 867
0.057, 866
0.058, 865
0.058, 864
0.058, 863
0.058, 862
0.058, 861
0.058, 860
0.058, 859
0.058, 858
0.059, 857
0.059, 856
0.059, 855
0.059, 854
0.059, 853
0.059, 852
0.059, 851
0.059, 850
0.059, 849
0.060, 848
0.060, 847
0.060, 846
0.060, 845
0.060, 844
0.060, 843
0.060, 842
0.060, 841
0.060, 840
0.060, 839
0.061, 838
0.061, 837
0.061, 836
0.061, 835
0.061, 834
0.061, 833
0.061, 832
0.061, 831
0.061, 830
0.061, 829
0.062, 828
0.062, 827
0.062, 826
0.062, 825
0.062, 824
0.062, 823
0.063, 822
0.063, 821
0.063, 820
0.063, 819
0.063, 818
0.063, 817
0.064, 816
0.064, 815
0.064, 814
0.064, 813
0.064, 812
0.064, 811
0.066, 810
0.066, 809
0.066, 808
0.066, 807
0.066, 806
0.066, 805
0.066, 804
0.067, 803
0.067, 802
0.067, 801
0.067, 800
0.067, 799
0.067, 798
0.067, 797
0.067, 796
0.067, 795
0.067, 794
0.067, 793
0.067, 792
0.067, 791
0.067, 790
0.068, 789
0.068, 788
0.068, 787
0.068, 786
0.068, 785
0.068, 784
0.068, 783
0.068, 782
0.068, 781
0.068, 780
0.068, 779
0.068, 778
0.068, 777
0.068, 776
0.068, 775
0.068, 774
0.069, 773
0.069, 772
0.069, 771
0.069, 770
0.069, 769
0.069, 768
0.069, 767
0.069, 766
0.069, 765
0.069, 764
0.069, 763
0.069, 762
0.069, 761
0.069, 760
0.069, 759
0.070, 758
0.070, 757
0.070, 756
0.070, 755
0.070, 754
0.070, 753
0.070, 752
0.070, 751
0.070, 750
0.070, 749
0.070, 748
0.070, 747
0.070, 746
0.070, 745
0.070, 744
0.070, 743
0.071, 742
0.071, 741
0.071, 740
0.071, 739
0.071, 738
0.071, 737
0.071, 736
0.071, 735
0.071, 734
0.071, 733
0.071, 732
0.071, 731
0.071, 730
0.071, 729
0.071, 728
0.071, 727
0.071, 726
0.072, 725
0.072, 724
0.072, 723
0.072, 722
0.072, 721
0.072, 720
0.072, 719
0.072, 718
0.072, 717
0.072, 716
0.072, 715
0.072, 714
0.072, 713
0.073, 712
0.073, 711
0.073, 710
0.073, 709
0.073, 708
0.073, 707
0.073, 706
0.073, 705
0.073, 704
0.073, 703
0.073, 702
0.073, 701
0.073, 700
0.073, 699
0.073, 698
0.073, 697
0.073, 696
0.073, 695
0.073, 694
0.073, 693
0.074, 692
0.074, 691
0.074, 690
0.074, 689
0.074, 688
0.074, 687
0.074, 686
0.074, 685
0.074, 684
0.074, 683
0.074, 682
0.074, 681
0.074, 680
0.074, 679
0.074, 678
0.074, 677
0.074, 676
0.074, 675
0.074, 674
0.075, 673
0.075, 672
0.075, 671
0.075, 670
0.075, 669
0.075, 668
0.075, 667
0.075, 666
0.075, 665
0.075, 664
0.075, 663
0.075, 662
0.075, 661
0.075, 660
0.075, 659
0.075, 658
0.075, 657
0.075, 656
0.075, 655
0.075, 654
0.075, 653
0.076, 652
0.076, 651
0.076, 650
0.076, 649
0.076, 648
0.076, 647
0.076, 646
0.076, 645
0.076, 644
0.076, 643
0.076, 642
0.076, 641
0.076, 640
0.076, 639
